
HM software: Decoder Version [16.17] (including RExt)[Linux][GCC 5.4.0][64 bit] 
POC    0 TId: 0 ( I-SLICE, QP 24 ) [DT  0.007] [L0 ] [L1 ] [:,(unk)] 
POC    1 TId: 0 ( P-SLICE, QP 24 ) [DT  0.002] [L0 0 ] [L1 ] [:,(unk)] 
POC    2 TId: 0 ( P-SLICE, QP 24 ) [DT  0.003] [L0 1 0 ] [L1 ] [:,(unk)] 
POC    3 TId: 0 ( P-SLICE, QP 24 ) [DT  0.003] [L0 2 1 0 ] [L1 ] [:,(unk)] 
POC    4 TId: 0 ( P-SLICE, QP 24 ) [DT  0.003] [L0 3 2 1 0 ] [L1 ] [:,(unk)] 
POC    5 TId: 0 ( P-SLICE, QP 24 ) [DT  0.003] [L0 4 3 2 1 0 ] [L1 ] [:,(unk)] 
POC    6 TId: 0 ( P-SLICE, QP 24 ) [DT  0.003] [L0 5 4 3 2 1 0 ] [L1 ] [:,(unk)] 
POC    7 TId: 0 ( P-SLICE, QP 24 ) [DT  0.003] [L0 6 5 4 3 2 1 0 ] [L1 ] [:,(unk)] 
POC    8 TId: 0 ( P-SLICE, QP 24 ) [DT  0.003] [L0 7 6 5 4 3 2 1 0 ] [L1 ] [:,(unk)] 
POC    9 TId: 0 ( P-SLICE, QP 24 ) [DT  0.004] [L0 8 7 6 5 4 3 2 1 ] [L1 ] [:,(unk)] 
POC   10 TId: 0 ( P-SLICE, QP 24 ) [DT  0.003] [L0 9 8 7 6 5 4 3 1 ] [L1 ] [:,(unk)] 
POC   11 TId: 0 ( P-SLICE, QP 24 ) [DT  0.003] [L0 10 9 8 7 6 5 4 1 ] [L1 ] [:,(unk)] 
POC   12 TId: 0 ( P-SLICE, QP 24 ) [DT  0.003] [L0 11 10 9 8 7 6 5 1 ] [L1 ] [:,(unk)] 
POC   13 TId: 0 ( P-SLICE, QP 24 ) [DT  0.003] [L0 12 11 10 9 8 7 6 1 ] [L1 ] [:,(unk)] 
POC   14 TId: 0 ( P-SLICE, QP 24 ) [DT  0.003] [L0 13 12 11 10 9 8 7 1 ] [L1 ] [:,(unk)] 
POC   15 TId: 0 ( P-SLICE, QP 24 ) [DT  0.003] [L0 14 13 12 11 10 9 8 1 ] [L1 ] [:,(unk)] 
POC   16 TId: 0 ( P-SLICE, QP 24 ) [DT  0.006] [L0 15 14 13 12 11 10 9 1 ] [L1 ] [:,(unk)] 
POC   17 TId: 0 ( P-SLICE, QP 24 ) [DT  0.004] [L0 16 15 14 13 12 11 10 1 ] [L1 ] [:,(unk)] 
POC   18 TId: 0 ( P-SLICE, QP 24 ) [DT  0.004] [L0 17 16 15 14 13 12 11 1 ] [L1 ] [:,(unk)] 
POC   19 TId: 0 ( P-SLICE, QP 24 ) [DT  0.004] [L0 18 17 16 15 14 13 12 1 ] [L1 ] [:,(unk)] 
POC   20 TId: 0 ( P-SLICE, QP 24 ) [DT  0.004] [L0 19 18 17 16 15 14 13 1 ] [L1 ] [:,(unk)] 
POC   21 TId: 0 ( P-SLICE, QP 24 ) [DT  0.004] [L0 20 19 18 17 16 15 14 1 ] [L1 ] [:,(unk)] 
POC   22 TId: 0 ( P-SLICE, QP 24 ) [DT  0.005] [L0 21 20 19 18 17 16 15 1 ] [L1 ] [:,(unk)] 
POC   23 TId: 0 ( P-SLICE, QP 24 ) [DT  0.002] [L0 22 21 20 19 18 17 16 1 ] [L1 ] [:,(unk)] 
POC   24 TId: 0 ( P-SLICE, QP 24 ) [DT  0.002] [L0 23 22 21 20 19 18 17 1 ] [L1 ] [:,(unk)] 
POC   25 TId: 0 ( P-SLICE, QP 24 ) [DT  0.002] [L0 24 23 22 21 20 19 18 1 ] [L1 ] [:,(unk)] 
POC   26 TId: 0 ( P-SLICE, QP 24 ) [DT  0.002] [L0 25 24 23 22 21 20 19 1 ] [L1 ] [:,(unk)] 
POC   27 TId: 0 ( P-SLICE, QP 24 ) [DT  0.003] [L0 26 25 24 23 22 21 20 1 ] [L1 ] [:,(unk)] 
POC   28 TId: 0 ( P-SLICE, QP 24 ) [DT  0.003] [L0 27 26 25 24 23 22 21 1 ] [L1 ] [:,(unk)] 
POC   29 TId: 0 ( P-SLICE, QP 24 ) [DT  0.003] [L0 28 27 26 25 24 23 22 1 ] [L1 ] [:,(unk)] 
POC   30 TId: 0 ( P-SLICE, QP 24 ) [DT  0.003] [L0 29 28 27 26 25 24 23 1 ] [L1 ] [:,(unk)] 
POC   31 TId: 0 ( P-SLICE, QP 24 ) [DT  0.003] [L0 30 29 28 27 26 25 24 1 ] [L1 ] [:,(unk)] 
POC   32 TId: 0 ( P-SLICE, QP 24 ) [DT  0.003] [L0 31 30 29 28 27 26 25 1 ] [L1 ] [:,(unk)] 
POC   33 TId: 0 ( P-SLICE, QP 24 ) [DT  0.003] [L0 32 31 30 29 28 27 26 1 ] [L1 ] [:,(unk)] 
POC   34 TId: 0 ( P-SLICE, QP 24 ) [DT  0.003] [L0 33 32 31 30 29 28 27 1 ] [L1 ] [:,(unk)] 
POC   35 TId: 0 ( P-SLICE, QP 24 ) [DT  0.003] [L0 34 33 32 31 30 29 28 1 ] [L1 ] [:,(unk)] 
POC   36 TId: 0 ( P-SLICE, QP 24 ) [DT  0.003] [L0 35 34 33 32 31 30 29 1 ] [L1 ] [:,(unk)] 
POC   37 TId: 0 ( P-SLICE, QP 24 ) [DT  0.008] [L0 36 35 34 33 32 31 30 1 ] [L1 ] [:,(unk)] 
POC   38 TId: 0 ( P-SLICE, QP 24 ) [DT  0.003] [L0 37 36 35 34 33 32 31 1 ] [L1 ] [:,(unk)] 
POC   39 TId: 0 ( P-SLICE, QP 24 ) [DT  0.004] [L0 38 37 36 35 34 33 32 1 ] [L1 ] [:,(unk)] 
POC   40 TId: 0 ( P-SLICE, QP 24 ) [DT  0.004] [L0 39 38 37 36 35 34 33 1 ] [L1 ] [:,(unk)] 
POC   41 TId: 0 ( P-SLICE, QP 24 ) [DT  0.004] [L0 40 39 38 37 36 35 34 1 ] [L1 ] [:,(unk)] 
POC   42 TId: 0 ( P-SLICE, QP 24 ) [DT  0.001] [L0 41 40 39 38 37 36 35 1 ] [L1 ] [:,(unk)] 
POC   43 TId: 0 ( P-SLICE, QP 24 ) [DT  0.002] [L0 42 41 40 39 38 37 36 1 ] [L1 ] [:,(unk)] 
POC   44 TId: 0 ( P-SLICE, QP 24 ) [DT  0.002] [L0 43 42 41 40 39 38 37 1 ] [L1 ] [:,(unk)] 
POC   45 TId: 0 ( P-SLICE, QP 24 ) [DT  0.002] [L0 44 43 42 41 40 39 38 1 ] [L1 ] [:,(unk)] 
POC   46 TId: 0 ( P-SLICE, QP 24 ) [DT  0.004] [L0 45 44 43 42 41 40 39 1 ] [L1 ] [:,(unk)] 
POC   47 TId: 0 ( P-SLICE, QP 24 ) [DT  0.003] [L0 46 45 44 43 42 41 40 1 ] [L1 ] [:,(unk)] 
POC   48 TId: 0 ( P-SLICE, QP 24 ) [DT  0.003] [L0 47 46 45 44 43 42 41 1 ] [L1 ] [:,(unk)] 
POC   49 TId: 0 ( P-SLICE, QP 24 ) [DT  0.003] [L0 48 47 46 45 44 43 42 1 ] [L1 ] [:,(unk)] 
POC   50 TId: 0 ( P-SLICE, QP 24 ) [DT  0.003] [L0 49 48 47 46 45 44 43 1 ] [L1 ] [:,(unk)] 
POC   51 TId: 0 ( P-SLICE, QP 24 ) [DT  0.003] [L0 50 49 48 47 46 45 44 1 ] [L1 ] [:,(unk)] 
POC   52 TId: 0 ( P-SLICE, QP 24 ) [DT  0.004] [L0 51 50 49 48 47 46 45 1 ] [L1 ] [:,(unk)] 
POC   53 TId: 0 ( P-SLICE, QP 24 ) [DT  0.003] [L0 52 51 50 49 48 47 46 1 ] [L1 ] [:,(unk)] 
POC   54 TId: 0 ( P-SLICE, QP 24 ) [DT  0.003] [L0 53 52 51 50 49 48 47 1 ] [L1 ] [:,(unk)] 
POC   55 TId: 0 ( P-SLICE, QP 24 ) [DT  0.003] [L0 54 53 52 51 50 49 48 1 ] [L1 ] [:,(unk)] 
POC   56 TId: 0 ( P-SLICE, QP 24 ) [DT  0.005] [L0 55 54 53 52 51 50 49 1 ] [L1 ] [:,(unk)] 
POC   57 TId: 0 ( P-SLICE, QP 24 ) [DT  0.004] [L0 56 55 54 53 52 51 50 1 ] [L1 ] [:,(unk)] 
POC   58 TId: 0 ( P-SLICE, QP 24 ) [DT  0.005] [L0 57 56 55 54 53 52 51 1 ] [L1 ] [:,(unk)] 
POC   59 TId: 0 ( P-SLICE, QP 24 ) [DT  0.004] [L0 58 57 56 55 54 53 52 1 ] [L1 ] [:,(unk)] 
POC   60 TId: 0 ( P-SLICE, QP 24 ) [DT  0.004] [L0 59 58 57 56 55 54 53 1 ] [L1 ] [:,(unk)] 
POC   61 TId: 0 ( P-SLICE, QP 24 ) [DT  0.004] [L0 60 59 58 57 56 55 54 1 ] [L1 ] [:,(unk)] 
POC   62 TId: 0 ( P-SLICE, QP 24 ) [DT  0.004] [L0 61 60 59 58 57 56 55 1 ] [L1 ] [:,(unk)] 
POC   63 TId: 0 ( P-SLICE, QP 24 ) [DT  0.001] [L0 62 61 60 59 58 57 56 1 ] [L1 ] [:,(unk)] 
POC   64 TId: 0 ( P-SLICE, QP 24 ) [DT  0.003] [L0 63 62 61 60 59 58 57 1 ] [L1 ] [:,(unk)] 
POC   65 TId: 0 ( P-SLICE, QP 24 ) [DT  0.002] [L0 64 63 62 61 60 59 58 1 ] [L1 ] [:,(unk)] 
POC   66 TId: 0 ( P-SLICE, QP 24 ) [DT  0.002] [L0 65 64 63 62 61 60 59 1 ] [L1 ] [:,(unk)] 
POC   67 TId: 0 ( P-SLICE, QP 24 ) [DT  0.003] [L0 66 65 64 63 62 61 60 1 ] [L1 ] [:,(unk)] 
POC   68 TId: 0 ( P-SLICE, QP 24 ) [DT  0.003] [L0 67 66 65 64 63 62 61 1 ] [L1 ] [:,(unk)] 
POC   69 TId: 0 ( P-SLICE, QP 24 ) [DT  0.002] [L0 68 67 66 65 64 63 61 1 ] [L1 ] [:,(unk)] 
POC   70 TId: 0 ( P-SLICE, QP 24 ) [DT  0.003] [L0 69 68 67 66 65 64 61 1 ] [L1 ] [:,(unk)] 
POC   71 TId: 0 ( P-SLICE, QP 24 ) [DT  0.003] [L0 70 69 68 67 66 65 61 1 ] [L1 ] [:,(unk)] 
POC   72 TId: 0 ( P-SLICE, QP 24 ) [DT  0.003] [L0 71 70 69 68 67 66 61 1 ] [L1 ] [:,(unk)] 
POC   73 TId: 0 ( P-SLICE, QP 24 ) [DT  0.003] [L0 72 71 70 69 68 67 61 1 ] [L1 ] [:,(unk)] 
POC   74 TId: 0 ( P-SLICE, QP 24 ) [DT  0.003] [L0 73 72 71 70 69 68 61 1 ] [L1 ] [:,(unk)] 
POC   75 TId: 0 ( P-SLICE, QP 24 ) [DT  0.003] [L0 74 73 72 71 70 69 61 1 ] [L1 ] [:,(unk)] 
POC   76 TId: 0 ( P-SLICE, QP 24 ) [DT  0.003] [L0 75 74 73 72 71 70 61 1 ] [L1 ] [:,(unk)] 
POC   77 TId: 0 ( P-SLICE, QP 24 ) [DT  0.005] [L0 76 75 74 73 72 71 61 1 ] [L1 ] [:,(unk)] 
POC   78 TId: 0 ( P-SLICE, QP 24 ) [DT  0.003] [L0 77 76 75 74 73 72 61 1 ] [L1 ] [:,(unk)] 
POC   79 TId: 0 ( P-SLICE, QP 24 ) [DT  0.003] [L0 78 77 76 75 74 73 61 1 ] [L1 ] [:,(unk)] 
POC   80 TId: 0 ( P-SLICE, QP 24 ) [DT  0.003] [L0 79 78 77 76 75 74 61 1 ] [L1 ] [:,(unk)] 
POC   81 TId: 0 ( P-SLICE, QP 24 ) [DT  0.003] [L0 80 79 78 77 76 75 61 1 ] [L1 ] [:,(unk)] 
POC   82 TId: 0 ( P-SLICE, QP 24 ) [DT  0.003] [L0 81 80 79 78 77 76 61 1 ] [L1 ] [:,(unk)] 
POC   83 TId: 0 ( P-SLICE, QP 24 ) [DT  0.003] [L0 82 81 80 79 78 77 61 1 ] [L1 ] [:,(unk)] 
POC   84 TId: 0 ( P-SLICE, QP 24 ) [DT  0.003] [L0 83 82 81 80 79 78 61 1 ] [L1 ] [:,(unk)] 
POC   85 TId: 0 ( P-SLICE, QP 24 ) [DT  0.003] [L0 84 83 82 81 80 79 61 1 ] [L1 ] [:,(unk)] 
POC   86 TId: 0 ( P-SLICE, QP 24 ) [DT  0.003] [L0 85 84 83 82 81 80 61 1 ] [L1 ] [:,(unk)] 
POC   87 TId: 0 ( P-SLICE, QP 24 ) [DT  0.003] [L0 86 85 84 83 82 81 61 1 ] [L1 ] [:,(unk)] 
POC   88 TId: 0 ( P-SLICE, QP 24 ) [DT  0.007] [L0 87 86 85 84 83 82 61 1 ] [L1 ] [:,(unk)] 
POC   89 TId: 0 ( P-SLICE, QP 24 ) [DT  0.004] [L0 88 87 85 84 83 82 61 1 ] [L1 ] [:,(unk)] 
POC   90 TId: 0 ( P-SLICE, QP 24 ) [DT  0.002] [L0 89 88 85 84 83 82 61 1 ] [L1 ] [:,(unk)] 
POC   91 TId: 0 ( P-SLICE, QP 24 ) [DT  0.003] [L0 90 89 85 84 83 82 61 1 ] [L1 ] [:,(unk)] 
POC   92 TId: 0 ( P-SLICE, QP 24 ) [DT  0.003] [L0 91 90 85 84 83 82 61 1 ] [L1 ] [:,(unk)] 
POC   93 TId: 0 ( P-SLICE, QP 24 ) [DT  0.003] [L0 92 91 85 84 83 82 61 1 ] [L1 ] [:,(unk)] 
POC   94 TId: 0 ( P-SLICE, QP 24 ) [DT  0.003] [L0 93 92 85 84 83 82 61 1 ] [L1 ] [:,(unk)] 
POC   95 TId: 0 ( P-SLICE, QP 24 ) [DT  0.003] [L0 94 93 85 84 83 82 61 1 ] [L1 ] [:,(unk)] 
POC   96 TId: 0 ( P-SLICE, QP 24 ) [DT  0.003] [L0 95 94 85 84 83 82 61 1 ] [L1 ] [:,(unk)] 
POC   97 TId: 0 ( P-SLICE, QP 24 ) [DT  0.003] [L0 96 95 85 84 83 82 61 1 ] [L1 ] [:,(unk)] 
POC   98 TId: 0 ( P-SLICE, QP 24 ) [DT  0.003] [L0 97 96 85 84 83 82 61 1 ] [L1 ] [:,(unk)] 
POC   99 TId: 0 ( P-SLICE, QP 24 ) [DT  0.003] [L0 98 97 85 84 83 82 61 1 ] [L1 ] [:,(unk)] 
POC  100 TId: 0 ( P-SLICE, QP 24 ) [DT  0.003] [L0 99 98 85 84 83 82 61 1 ] [L1 ] [:,(unk)] 
POC  101 TId: 0 ( P-SLICE, QP 24 ) [DT  0.003] [L0 100 99 85 84 83 82 61 1 ] [L1 ] [:,(unk)] 
POC  102 TId: 0 ( P-SLICE, QP 24 ) [DT  0.006] [L0 101 100 85 84 83 82 61 1 ] [L1 ] [:,(unk)] 
POC  103 TId: 0 ( P-SLICE, QP 24 ) [DT  0.002] [L0 102 ] [L1 ] [:,(unk)] 

 Total Time:        0.590 sec.
