
HM software: Encoder Version [16.17] (including RExt)[Linux][GCC 5.4.0][64 bit] 


Input          File                    : ../vid/scene_level_sample_320240_1min.yuv
Bitstream      File                    : ../vid/HMEncodedVideo.bin
Reconstruction File                    : rec.yuv
Real     Format                        : 320x240 25Hz
Internal Format                        : 320x240 25Hz
Sequence PSNR output                   : Linear average only
Sequence MSE output                    : Disabled
Frame MSE output                       : Disabled
MS-SSIM output                         : Disabled
Cabac-zero-word-padding                : Enabled
Frame/Field                            : Frame based coding
Frame index                            : 0 - 29999 (30000 frames)
Profile                                : main
CU size / depth / total-depth          : 16 / 2 / 2
RQT trans. size (min / max)            : 4 / 16
Max RQT depth inter                    : 3
Max RQT depth intra                    : 3
Min PCM size                           : 8
Motion search range                    : 16
Intra period                           : -1
Decoding refresh type                  : 2
QP                                     : 24
Max dQP signaling depth                : 0
Cb QP Offset                           : 0
Cr QP Offset                           : 0
QP adaptation                          : 0 (range=0)
GOP size                               : 598
Input bit depth                        : (Y:8, C:8)
MSB-extended bit depth                 : (Y:8, C:8)
Internal bit depth                     : (Y:8, C:8)
PCM sample bit depth                   : (Y:8, C:8)
Intra reference smoothing              : Enabled
diff_cu_chroma_qp_offset_depth         : -1
extended_precision_processing_flag     : Disabled
implicit_rdpcm_enabled_flag            : Disabled
explicit_rdpcm_enabled_flag            : Disabled
transform_skip_rotation_enabled_flag   : Disabled
transform_skip_context_enabled_flag    : Disabled
cross_component_prediction_enabled_flag: Disabled
high_precision_offsets_enabled_flag    : Disabled
persistent_rice_adaptation_enabled_flag: Disabled
cabac_bypass_alignment_enabled_flag    : Disabled
log2_sao_offset_scale_luma             : 0
log2_sao_offset_scale_chroma           : 0
Cost function:                         : Lossy coding (default)
RateControl                            : 0
WPMethod                               : 0
Max Num Merge Candidates               : 5

TOOL CFG: IBD:0 HAD:1 RDQ:1 RDQTS:1 RDpenalty:0 LQP:0 SQP:0 ASR:0 MinSearchWindow:8 RestrictMESampling:0 FEN:1 ECU:0 FDM:1 CFM:0 ESD:0 RQT:1 TransformSkip:1 TransformSkipFast:1 TransformSkipLog2MaxSize:2 Slice: M=0 SliceSegment: M=0 CIP:0 SAO:1 PCM:0 TransQuantBypassEnabled:0 WPP:0 WPB:0 PME:2  WaveFrontSynchro:0 WaveFrontSubstreams:1 ScalingList:0 TMVPMode:1 AQpS:0 SignBitHidingFlag:1 RecalQP:0

Non-environment-variable-controlled macros set as follows: 

                                RExt__DECODER_DEBUG_BIT_STATISTICS =   0
                                      RExt__HIGH_BIT_DEPTH_SUPPORT =   0
                            RExt__HIGH_PRECISION_FORWARD_TRANSFORM =   0
                                        O0043_BEST_EFFORT_DECODING =   0
                                         ME_ENABLE_ROUNDING_OF_MVS =   1

                   Input ChromaFormatIDC =   4:2:0
       Output (internal) ChromaFormatIDC =   4:2:0

POC    0 TId: 0 ( I-SLICE, nQP 24 QP 24 )      67832 bits [Y 56.7387 dB    U 54.6150 dB    V 61.4602 dB] [ET     0 ] [L0 ] [L1 ]
POC    1 TId: 0 ( P-SLICE, nQP 24 QP 24 )        216 bits [Y 56.5796 dB    U 54.7479 dB    V 60.9335 dB] [ET     0 ] [L0 0 ] [L1 ]
POC    2 TId: 0 ( P-SLICE, nQP 24 QP 24 )        176 bits [Y 56.6022 dB    U 54.6312 dB    V 60.7935 dB] [ET     0 ] [L0 0 1 ] [L1 ]
POC    3 TId: 0 ( P-SLICE, nQP 24 QP 24 )       6360 bits [Y 47.2331 dB    U 54.4792 dB    V 56.5453 dB] [ET     1 ] [L0 2 0 1 ] [L1 ]
POC    4 TId: 0 ( P-SLICE, nQP 24 QP 24 )       1480 bits [Y 47.1003 dB    U 53.6190 dB    V 55.8356 dB] [ET     1 ] [L0 3 2 0 1 ] [L1 ]
POC    5 TId: 0 ( P-SLICE, nQP 24 QP 24 )       4440 bits [Y 46.1925 dB    U 53.5099 dB    V 55.4335 dB] [ET     1 ] [L0 4 3 2 0 1 ] [L1 ]
POC    6 TId: 0 ( P-SLICE, nQP 24 QP 24 )       4152 bits [Y 45.5646 dB    U 53.5201 dB    V 56.1451 dB] [ET     1 ] [L0 5 4 3 2 0 1 ] [L1 ]
POC    7 TId: 0 ( P-SLICE, nQP 24 QP 24 )       3352 bits [Y 45.1832 dB    U 53.5452 dB    V 55.7760 dB] [ET     1 ] [L0 6 5 4 3 2 0 1 ] [L1 ]
POC    8 TId: 0 ( P-SLICE, nQP 24 QP 24 )       2048 bits [Y 44.8704 dB    U 53.2296 dB    V 55.5480 dB] [ET     1 ] [L0 7 6 5 4 3 2 0 1 ] [L1 ]
POC    9 TId: 0 ( P-SLICE, nQP 24 QP 24 )       1584 bits [Y 44.9545 dB    U 53.7515 dB    V 55.8064 dB] [ET     1 ] [L0 8 7 6 5 4 3 0 1 ] [L1 ]
POC   10 TId: 0 ( P-SLICE, nQP 24 QP 24 )       2008 bits [Y 44.7474 dB    U 53.6957 dB    V 55.1717 dB] [ET     1 ] [L0 9 8 7 6 5 4 0 1 ] [L1 ]
POC   11 TId: 0 ( P-SLICE, nQP 24 QP 24 )       1584 bits [Y 44.6103 dB    U 53.5319 dB    V 55.2537 dB] [ET     1 ] [L0 10 9 8 7 6 5 0 1 ] [L1 ]
POC   12 TId: 0 ( P-SLICE, nQP 24 QP 24 )       1696 bits [Y 44.9849 dB    U 53.2737 dB    V 55.0177 dB] [ET     1 ] [L0 11 10 9 8 7 6 0 1 ] [L1 ]
POC   13 TId: 0 ( P-SLICE, nQP 24 QP 24 )       1376 bits [Y 44.6860 dB    U 52.6850 dB    V 54.8317 dB] [ET     1 ] [L0 12 11 10 9 8 7 0 1 ] [L1 ]
POC   14 TId: 0 ( P-SLICE, nQP 24 QP 24 )       2296 bits [Y 44.6626 dB    U 52.8207 dB    V 54.5372 dB] [ET     1 ] [L0 13 12 11 10 9 8 0 1 ] [L1 ]
POC   15 TId: 0 ( P-SLICE, nQP 24 QP 24 )       3792 bits [Y 44.4371 dB    U 52.7862 dB    V 54.0859 dB] [ET     1 ] [L0 14 13 12 11 10 9 0 1 ] [L1 ]
POC   16 TId: 0 ( P-SLICE, nQP 24 QP 24 )       3520 bits [Y 44.0471 dB    U 52.7776 dB    V 54.3014 dB] [ET     1 ] [L0 15 14 13 12 11 10 0 1 ] [L1 ]
POC   17 TId: 0 ( P-SLICE, nQP 24 QP 24 )       3320 bits [Y 43.9731 dB    U 52.9122 dB    V 54.3847 dB] [ET     1 ] [L0 16 15 14 13 12 11 0 1 ] [L1 ]
POC   18 TId: 0 ( P-SLICE, nQP 24 QP 24 )       1816 bits [Y 43.9106 dB    U 52.7710 dB    V 54.6626 dB] [ET     1 ] [L0 17 16 15 14 13 12 0 1 ] [L1 ]
POC   19 TId: 0 ( P-SLICE, nQP 24 QP 24 )       1880 bits [Y 43.9496 dB    U 53.0448 dB    V 54.4968 dB] [ET     1 ] [L0 18 17 16 15 14 13 0 1 ] [L1 ]
POC   20 TId: 0 ( P-SLICE, nQP 24 QP 24 )       3056 bits [Y 43.5806 dB    U 52.6458 dB    V 54.4744 dB] [ET     1 ] [L0 19 18 17 16 15 14 0 1 ] [L1 ]
POC   21 TId: 0 ( P-SLICE, nQP 24 QP 24 )       1712 bits [Y 43.6904 dB    U 52.3622 dB    V 54.2586 dB] [ET     1 ] [L0 20 19 18 17 16 15 0 1 ] [L1 ]
POC   22 TId: 0 ( P-SLICE, nQP 24 QP 24 )       2584 bits [Y 43.7495 dB    U 51.8432 dB    V 53.4688 dB] [ET     1 ] [L0 21 20 19 18 17 16 0 1 ] [L1 ]
POC   23 TId: 0 ( P-SLICE, nQP 24 QP 24 )       3432 bits [Y 43.4239 dB    U 51.4490 dB    V 53.8415 dB] [ET     1 ] [L0 22 21 20 19 18 17 0 1 ] [L1 ]
POC   24 TId: 0 ( P-SLICE, nQP 24 QP 24 )       1984 bits [Y 43.4785 dB    U 51.8067 dB    V 53.1284 dB] [ET     1 ] [L0 23 22 21 20 19 18 0 1 ] [L1 ]
POC   25 TId: 0 ( P-SLICE, nQP 24 QP 24 )       5704 bits [Y 42.8867 dB    U 51.5947 dB    V 53.5084 dB] [ET     1 ] [L0 24 23 22 21 20 19 0 1 ] [L1 ]
POC   26 TId: 0 ( P-SLICE, nQP 24 QP 24 )       4920 bits [Y 42.6186 dB    U 51.5532 dB    V 53.8298 dB] [ET     1 ] [L0 25 24 23 22 21 20 0 1 ] [L1 ]
POC   27 TId: 0 ( P-SLICE, nQP 24 QP 24 )       3712 bits [Y 42.3630 dB    U 51.6452 dB    V 54.0876 dB] [ET     1 ] [L0 26 25 24 23 22 21 0 1 ] [L1 ]
POC   28 TId: 0 ( P-SLICE, nQP 24 QP 24 )       2640 bits [Y 42.0388 dB    U 51.3212 dB    V 54.1216 dB] [ET     1 ] [L0 27 26 25 24 23 22 0 1 ] [L1 ]
POC   29 TId: 0 ( P-SLICE, nQP 24 QP 24 )       3016 bits [Y 42.2075 dB    U 51.6229 dB    V 53.7014 dB] [ET     1 ] [L0 28 27 26 25 24 23 0 1 ] [L1 ]
POC   30 TId: 0 ( P-SLICE, nQP 24 QP 24 )       2744 bits [Y 42.2179 dB    U 51.0988 dB    V 54.0778 dB] [ET     1 ] [L0 29 28 27 26 25 24 0 1 ] [L1 ]
POC   31 TId: 0 ( P-SLICE, nQP 24 QP 24 )       2048 bits [Y 42.2826 dB    U 51.9678 dB    V 53.4089 dB] [ET     1 ] [L0 30 29 28 27 26 25 0 1 ] [L1 ]
POC   32 TId: 0 ( P-SLICE, nQP 24 QP 24 )       3048 bits [Y 42.2110 dB    U 51.4378 dB    V 53.7432 dB] [ET     1 ] [L0 31 30 29 28 27 26 0 1 ] [L1 ]
POC   33 TId: 0 ( P-SLICE, nQP 24 QP 24 )       2880 bits [Y 42.4184 dB    U 51.9026 dB    V 53.4403 dB] [ET     1 ] [L0 32 31 30 29 28 27 0 1 ] [L1 ]
POC   34 TId: 0 ( P-SLICE, nQP 24 QP 24 )       2584 bits [Y 42.2472 dB    U 51.6335 dB    V 53.6876 dB] [ET     1 ] [L0 33 32 31 30 29 28 0 1 ] [L1 ]
POC   35 TId: 0 ( P-SLICE, nQP 24 QP 24 )       5368 bits [Y 42.0013 dB    U 51.6589 dB    V 53.0064 dB] [ET     1 ] [L0 34 33 32 31 30 29 0 1 ] [L1 ]
POC   36 TId: 0 ( P-SLICE, nQP 24 QP 24 )       5104 bits [Y 41.8694 dB    U 51.6340 dB    V 53.3679 dB] [ET     1 ] [L0 35 34 33 32 31 30 0 1 ] [L1 ]
POC   37 TId: 0 ( P-SLICE, nQP 24 QP 24 )       3992 bits [Y 41.9542 dB    U 51.9172 dB    V 53.3176 dB] [ET     1 ] [L0 36 35 34 33 32 31 0 1 ] [L1 ]
POC   38 TId: 0 ( P-SLICE, nQP 24 QP 24 )       3008 bits [Y 41.6379 dB    U 51.8177 dB    V 53.7531 dB] [ET     1 ] [L0 37 36 35 34 33 32 0 1 ] [L1 ]
POC   39 TId: 0 ( P-SLICE, nQP 24 QP 24 )       3752 bits [Y 41.8426 dB    U 52.0938 dB    V 53.8754 dB] [ET     1 ] [L0 38 37 36 35 34 33 0 1 ] [L1 ]
POC   40 TId: 0 ( P-SLICE, nQP 24 QP 24 )       3608 bits [Y 41.9420 dB    U 51.9096 dB    V 53.4096 dB] [ET     1 ] [L0 39 38 37 36 35 34 0 1 ] [L1 ]
POC   41 TId: 0 ( P-SLICE, nQP 24 QP 24 )       2368 bits [Y 41.7133 dB    U 51.5972 dB    V 53.6998 dB] [ET     1 ] [L0 40 39 38 37 36 35 0 1 ] [L1 ]
POC   42 TId: 0 ( P-SLICE, nQP 24 QP 24 )       2400 bits [Y 41.6926 dB    U 51.6793 dB    V 53.3288 dB] [ET     1 ] [L0 41 40 39 38 37 36 0 1 ] [L1 ]
POC   43 TId: 0 ( P-SLICE, nQP 24 QP 24 )       3504 bits [Y 41.6755 dB    U 51.4151 dB    V 53.0462 dB] [ET     1 ] [L0 42 41 40 39 38 37 0 1 ] [L1 ]
POC   44 TId: 0 ( P-SLICE, nQP 24 QP 24 )       1784 bits [Y 41.6161 dB    U 52.0256 dB    V 52.8474 dB] [ET     1 ] [L0 43 42 41 40 39 38 0 1 ] [L1 ]
POC   45 TId: 0 ( P-SLICE, nQP 24 QP 24 )       5192 bits [Y 41.4707 dB    U 51.7678 dB    V 52.7829 dB] [ET     1 ] [L0 44 43 42 41 40 39 0 1 ] [L1 ]
POC   46 TId: 0 ( P-SLICE, nQP 24 QP 24 )       4048 bits [Y 41.3176 dB    U 51.7262 dB    V 52.8891 dB] [ET     1 ] [L0 45 44 43 42 41 40 0 1 ] [L1 ]
POC   47 TId: 0 ( P-SLICE, nQP 24 QP 24 )       3336 bits [Y 41.3869 dB    U 51.7767 dB    V 52.6394 dB] [ET     1 ] [L0 46 45 44 43 42 41 0 1 ] [L1 ]
POC   48 TId: 0 ( P-SLICE, nQP 24 QP 24 )       2144 bits [Y 41.2644 dB    U 51.5517 dB    V 52.7148 dB] [ET     1 ] [L0 47 46 45 44 43 42 0 1 ] [L1 ]
POC   49 TId: 0 ( P-SLICE, nQP 24 QP 24 )       2608 bits [Y 41.3513 dB    U 51.4422 dB    V 52.6682 dB] [ET     1 ] [L0 48 47 46 45 44 43 0 1 ] [L1 ]
POC   50 TId: 0 ( P-SLICE, nQP 24 QP 24 )       2736 bits [Y 41.2496 dB    U 51.3954 dB    V 52.4482 dB] [ET     1 ] [L0 49 48 47 46 45 44 0 1 ] [L1 ]
POC   51 TId: 0 ( P-SLICE, nQP 24 QP 24 )       1760 bits [Y 41.2374 dB    U 51.5701 dB    V 52.8474 dB] [ET     1 ] [L0 50 49 48 47 46 45 0 1 ] [L1 ]
POC   52 TId: 0 ( P-SLICE, nQP 24 QP 24 )       3408 bits [Y 41.4838 dB    U 51.9091 dB    V 52.3917 dB] [ET     1 ] [L0 51 50 49 48 47 46 0 1 ] [L1 ]
POC   53 TId: 0 ( P-SLICE, nQP 24 QP 24 )       5144 bits [Y 41.5410 dB    U 51.4577 dB    V 53.0238 dB] [ET     1 ] [L0 52 51 50 49 48 47 0 1 ] [L1 ]
POC   54 TId: 0 ( P-SLICE, nQP 24 QP 24 )       4312 bits [Y 41.7932 dB    U 51.5472 dB    V 53.0057 dB] [ET     1 ] [L0 53 52 51 50 49 48 0 1 ] [L1 ]
POC   55 TId: 0 ( P-SLICE, nQP 24 QP 24 )       5712 bits [Y 41.7101 dB    U 51.7988 dB    V 53.4157 dB] [ET     1 ] [L0 54 53 52 51 50 49 0 1 ] [L1 ]
POC   56 TId: 0 ( P-SLICE, nQP 24 QP 24 )       4768 bits [Y 41.4942 dB    U 51.7014 dB    V 53.3221 dB] [ET     1 ] [L0 55 54 53 52 51 50 0 1 ] [L1 ]
POC   57 TId: 0 ( P-SLICE, nQP 24 QP 24 )       4560 bits [Y 41.4249 dB    U 51.7584 dB    V 53.2099 dB] [ET     1 ] [L0 56 55 54 53 52 51 0 1 ] [L1 ]
POC   58 TId: 0 ( P-SLICE, nQP 24 QP 24 )       3248 bits [Y 41.6615 dB    U 51.8246 dB    V 53.1391 dB] [ET     1 ] [L0 57 56 55 54 53 52 0 1 ] [L1 ]
POC   59 TId: 0 ( P-SLICE, nQP 24 QP 24 )       2872 bits [Y 41.4873 dB    U 51.6635 dB    V 53.3280 dB] [ET     1 ] [L0 58 57 56 55 54 53 0 1 ] [L1 ]
POC   60 TId: 0 ( P-SLICE, nQP 24 QP 24 )       3064 bits [Y 41.4460 dB    U 51.4055 dB    V 53.0238 dB] [ET     1 ] [L0 59 58 57 56 55 54 0 1 ] [L1 ]
POC   61 TId: 0 ( P-SLICE, nQP 24 QP 24 )       2672 bits [Y 41.4648 dB    U 51.7153 dB    V 52.5427 dB] [ET     1 ] [L0 60 59 58 57 56 55 0 1 ] [L1 ]
POC   62 TId: 0 ( P-SLICE, nQP 24 QP 24 )       3880 bits [Y 41.6071 dB    U 51.6457 dB    V 52.8087 dB] [ET     1 ] [L0 61 60 59 58 57 56 0 1 ] [L1 ]
POC   63 TId: 0 ( P-SLICE, nQP 24 QP 24 )       4768 bits [Y 41.5920 dB    U 51.3335 dB    V 52.8534 dB] [ET     1 ] [L0 62 61 60 59 58 57 0 1 ] [L1 ]
POC   64 TId: 0 ( P-SLICE, nQP 24 QP 24 )       3832 bits [Y 41.7600 dB    U 51.1145 dB    V 53.2575 dB] [ET     1 ] [L0 63 62 61 60 59 58 0 1 ] [L1 ]
POC   65 TId: 0 ( P-SLICE, nQP 24 QP 24 )       5832 bits [Y 41.6841 dB    U 50.8136 dB    V 53.4510 dB] [ET     1 ] [L0 64 63 62 61 60 59 0 1 ] [L1 ]
POC   66 TId: 0 ( P-SLICE, nQP 24 QP 24 )       4688 bits [Y 41.4911 dB    U 50.9625 dB    V 53.1198 dB] [ET     1 ] [L0 65 64 63 62 61 60 0 1 ] [L1 ]
POC   67 TId: 0 ( P-SLICE, nQP 24 QP 24 )       4560 bits [Y 41.2494 dB    U 50.5792 dB    V 53.5515 dB] [ET     1 ] [L0 66 65 64 63 62 61 0 1 ] [L1 ]
POC   68 TId: 0 ( P-SLICE, nQP 24 QP 24 )       2816 bits [Y 41.4027 dB    U 51.4132 dB    V 53.2686 dB] [ET     1 ] [L0 67 66 65 64 63 62 0 1 ] [L1 ]
POC   69 TId: 0 ( P-SLICE, nQP 24 QP 24 )       3280 bits [Y 41.4390 dB    U 51.3179 dB    V 53.6852 dB] [ET     1 ] [L0 68 67 66 65 64 63 0 1 ] [L1 ]
POC   70 TId: 0 ( P-SLICE, nQP 24 QP 24 )       2808 bits [Y 41.3800 dB    U 51.5195 dB    V 52.9815 dB] [ET     1 ] [L0 69 68 67 66 65 64 0 1 ] [L1 ]
POC   71 TId: 0 ( P-SLICE, nQP 24 QP 24 )       3200 bits [Y 41.2504 dB    U 51.1411 dB    V 53.2737 dB] [ET     1 ] [L0 70 69 68 67 66 65 0 1 ] [L1 ]
POC   72 TId: 0 ( P-SLICE, nQP 24 QP 24 )       3832 bits [Y 41.4662 dB    U 51.4577 dB    V 52.5987 dB] [ET     1 ] [L0 71 70 69 68 67 66 0 1 ] [L1 ]
POC   73 TId: 0 ( P-SLICE, nQP 24 QP 24 )       3632 bits [Y 41.4455 dB    U 51.4325 dB    V 52.9272 dB] [ET     1 ] [L0 72 71 70 69 68 67 0 1 ] [L1 ]
POC   74 TId: 0 ( P-SLICE, nQP 24 QP 24 )       4344 bits [Y 41.6088 dB    U 51.4171 dB    V 52.7988 dB] [ET     1 ] [L0 73 72 71 70 69 68 0 1 ] [L1 ]
POC   75 TId: 0 ( P-SLICE, nQP 24 QP 24 )       4296 bits [Y 41.5428 dB    U 51.9307 dB    V 52.6126 dB] [ET     1 ] [L0 74 73 72 71 70 69 0 1 ] [L1 ]
POC   76 TId: 0 ( P-SLICE, nQP 24 QP 24 )       4496 bits [Y 41.4820 dB    U 51.1131 dB    V 53.0469 dB] [ET     1 ] [L0 75 74 73 72 71 70 0 1 ] [L1 ]
POC   77 TId: 0 ( P-SLICE, nQP 24 QP 24 )       6928 bits [Y 41.5733 dB    U 51.6118 dB    V 52.5728 dB] [ET     1 ] [L0 76 75 74 73 72 71 0 1 ] [L1 ]
POC   78 TId: 0 ( P-SLICE, nQP 24 QP 24 )       2832 bits [Y 41.4852 dB    U 51.4895 dB    V 52.7690 dB] [ET     1 ] [L0 77 76 75 74 73 72 0 1 ] [L1 ]
POC   79 TId: 0 ( P-SLICE, nQP 24 QP 24 )       2864 bits [Y 41.2115 dB    U 51.1916 dB    V 53.0645 dB] [ET     1 ] [L0 78 77 76 75 74 73 0 1 ] [L1 ]
POC   80 TId: 0 ( P-SLICE, nQP 24 QP 24 )       3496 bits [Y 41.4932 dB    U 51.6360 dB    V 52.7454 dB] [ET     1 ] [L0 79 78 77 76 75 74 0 1 ] [L1 ]
POC   81 TId: 0 ( P-SLICE, nQP 24 QP 24 )       2872 bits [Y 41.2258 dB    U 51.4093 dB    V 52.5615 dB] [ET     1 ] [L0 80 79 78 77 76 75 0 1 ] [L1 ]
POC   82 TId: 0 ( P-SLICE, nQP 24 QP 24 )       4992 bits [Y 41.4930 dB    U 51.5318 dB    V 52.6209 dB] [ET     1 ] [L0 81 80 79 78 77 76 0 1 ] [L1 ]
POC   83 TId: 0 ( P-SLICE, nQP 24 QP 24 )       5448 bits [Y 41.6316 dB    U 51.3515 dB    V 52.7336 dB] [ET     1 ] [L0 82 81 80 79 78 77 0 1 ] [L1 ]
POC   84 TId: 0 ( P-SLICE, nQP 24 QP 24 )       5104 bits [Y 41.7163 dB    U 51.7568 dB    V 53.0343 dB] [ET     1 ] [L0 83 82 81 80 79 78 0 1 ] [L1 ]
POC   85 TId: 0 ( P-SLICE, nQP 24 QP 24 )       5584 bits [Y 41.6968 dB    U 51.7376 dB    V 53.2384 dB] [ET     1 ] [L0 84 83 82 81 80 79 0 1 ] [L1 ]
POC   86 TId: 0 ( P-SLICE, nQP 24 QP 24 )       5400 bits [Y 41.5533 dB    U 51.0582 dB    V 53.2223 dB] [ET     1 ] [L0 85 84 83 82 81 80 0 1 ] [L1 ]
POC   87 TId: 0 ( P-SLICE, nQP 24 QP 24 )       4352 bits [Y 41.3138 dB    U 51.0974 dB    V 53.0631 dB] [ET     1 ] [L0 86 85 84 83 82 81 0 1 ] [L1 ]
POC   88 TId: 0 ( P-SLICE, nQP 24 QP 24 )       4440 bits [Y 41.2439 dB    U 50.6785 dB    V 53.5287 dB] [ET     1 ] [L0 87 86 85 84 83 82 0 1 ] [L1 ]
POC   89 TId: 0 ( P-SLICE, nQP 24 QP 24 )       2440 bits [Y 41.2950 dB    U 50.9009 dB    V 52.9081 dB] [ET     1 ] [L0 88 87 86 85 84 83 0 1 ] [L1 ]
POC   90 TId: 0 ( P-SLICE, nQP 24 QP 24 )       3120 bits [Y 41.2329 dB    U 50.8876 dB    V 52.8979 dB] [ET     1 ] [L0 89 88 87 86 85 84 0 1 ] [L1 ]
POC   91 TId: 0 ( P-SLICE, nQP 24 QP 24 )       1336 bits [Y 41.3037 dB    U 51.3710 dB    V 52.2680 dB] [ET     1 ] [L0 90 89 88 87 86 85 0 1 ] [L1 ]
POC   92 TId: 0 ( P-SLICE, nQP 24 QP 24 )       5352 bits [Y 41.5944 dB    U 51.2944 dB    V 52.2980 dB] [ET     1 ] [L0 91 90 89 88 87 86 0 1 ] [L1 ]
POC   93 TId: 0 ( P-SLICE, nQP 24 QP 24 )       4248 bits [Y 41.4770 dB    U 51.0079 dB    V 52.5458 dB] [ET     1 ] [L0 92 91 90 89 88 87 0 1 ] [L1 ]
POC   94 TId: 0 ( P-SLICE, nQP 24 QP 24 )       4576 bits [Y 41.5108 dB    U 50.4880 dB    V 52.6031 dB] [ET     1 ] [L0 93 92 91 90 89 88 0 1 ] [L1 ]
POC   95 TId: 0 ( P-SLICE, nQP 24 QP 24 )       4120 bits [Y 41.4845 dB    U 51.1230 dB    V 52.6094 dB] [ET     1 ] [L0 94 93 92 91 90 89 0 1 ] [L1 ]
POC   96 TId: 0 ( P-SLICE, nQP 24 QP 24 )       4480 bits [Y 41.4303 dB    U 50.6838 dB    V 52.7868 dB] [ET     1 ] [L0 95 94 93 92 91 90 0 1 ] [L1 ]
POC   97 TId: 0 ( P-SLICE, nQP 24 QP 24 )       6584 bits [Y 41.1542 dB    U 49.9567 dB    V 52.9484 dB] [ET     1 ] [L0 96 95 94 93 92 91 0 1 ] [L1 ]
POC   98 TId: 0 ( P-SLICE, nQP 24 QP 24 )       4176 bits [Y 41.3445 dB    U 50.9219 dB    V 52.1666 dB] [ET     1 ] [L0 97 96 95 94 93 92 0 1 ] [L1 ]
POC   99 TId: 0 ( P-SLICE, nQP 24 QP 24 )       3408 bits [Y 41.1624 dB    U 50.5772 dB    V 52.3211 dB] [ET     1 ] [L0 98 97 96 95 94 93 0 1 ] [L1 ]
POC  100 TId: 0 ( P-SLICE, nQP 24 QP 24 )       1888 bits [Y 41.0531 dB    U 50.4112 dB    V 52.2939 dB] [ET     1 ] [L0 99 98 97 96 95 94 0 1 ] [L1 ]
POC  101 TId: 0 ( P-SLICE, nQP 24 QP 24 )       3288 bits [Y 41.1250 dB    U 51.2487 dB    V 52.1757 dB] [ET     1 ] [L0 100 99 98 97 96 95 0 1 ] [L1 ]
POC  102 TId: 0 ( P-SLICE, nQP 24 QP 24 )       5720 bits [Y 41.3697 dB    U 50.9185 dB    V 52.5653 dB] [ET     1 ] [L0 101 100 99 98 97 96 0 1 ] [L1 ]
POC  103 TId: 0 ( P-SLICE, nQP 24 QP 24 )       5032 bits [Y 41.4405 dB    U 50.8676 dB    V 52.8407 dB] [ET     1 ] [L0 102 101 100 99 98 97 0 1 ] [L1 ]
POC  104 TId: 0 ( P-SLICE, nQP 24 QP 24 )       3904 bits [Y 41.3461 dB    U 50.7153 dB    V 52.8622 dB] [ET     1 ] [L0 103 102 101 100 99 98 0 1 ] [L1 ]
POC  105 TId: 0 ( P-SLICE, nQP 24 QP 24 )       4552 bits [Y 41.2449 dB    U 50.9482 dB    V 52.8837 dB] [ET     1 ] [L0 104 103 102 101 100 99 0 1 ] [L1 ]
POC  106 TId: 0 ( P-SLICE, nQP 24 QP 24 )       5400 bits [Y 41.0296 dB    U 50.9112 dB    V 53.2157 dB] [ET     1 ] [L0 105 104 103 102 101 100 0 1 ] [L1 ]
POC  107 TId: 0 ( P-SLICE, nQP 24 QP 24 )       6560 bits [Y 40.8398 dB    U 50.9664 dB    V 52.9718 dB] [ET     1 ] [L0 106 105 104 103 102 101 0 1 ] [L1 ]
POC  108 TId: 0 ( P-SLICE, nQP 24 QP 24 )       1968 bits [Y 40.8845 dB    U 51.2455 dB    V 52.6985 dB] [ET     1 ] [L0 107 106 105 104 103 102 0 1 ] [L1 ]
POC  109 TId: 0 ( P-SLICE, nQP 24 QP 24 )       4240 bits [Y 41.0355 dB    U 50.6308 dB    V 52.4098 dB] [ET     1 ] [L0 108 107 106 105 104 103 0 1 ] [L1 ]
POC  110 TId: 0 ( P-SLICE, nQP 24 QP 24 )       4728 bits [Y 40.8737 dB    U 50.3625 dB    V 52.5942 dB] [ET     1 ] [L0 109 108 107 106 105 104 0 1 ] [L1 ]
POC  111 TId: 0 ( P-SLICE, nQP 24 QP 24 )       2936 bits [Y 41.1617 dB    U 50.7876 dB    V 52.0719 dB] [ET     1 ] [L0 110 109 108 107 106 105 0 1 ] [L1 ]
POC  112 TId: 0 ( P-SLICE, nQP 24 QP 24 )       8072 bits [Y 41.1503 dB    U 50.5012 dB    V 52.1648 dB] [ET     1 ] [L0 111 110 109 108 107 106 0 1 ] [L1 ]
POC  113 TId: 0 ( P-SLICE, nQP 24 QP 24 )       6256 bits [Y 41.1416 dB    U 50.1475 dB    V 52.2440 dB] [ET     1 ] [L0 112 111 110 109 108 107 0 1 ] [L1 ]
POC  114 TId: 0 ( P-SLICE, nQP 24 QP 24 )       4136 bits [Y 41.2021 dB    U 50.9426 dB    V 51.8220 dB] [ET     1 ] [L0 113 112 111 110 109 108 0 1 ] [L1 ]
POC  115 TId: 0 ( P-SLICE, nQP 24 QP 24 )       4872 bits [Y 41.2244 dB    U 51.0974 dB    V 51.9618 dB] [ET     1 ] [L0 114 113 112 111 110 109 0 1 ] [L1 ]
POC  116 TId: 0 ( P-SLICE, nQP 24 QP 24 )       5280 bits [Y 40.9264 dB    U 51.0061 dB    V 51.5681 dB] [ET     1 ] [L0 115 114 113 112 111 110 0 1 ] [L1 ]
POC  117 TId: 0 ( P-SLICE, nQP 24 QP 24 )       6904 bits [Y 40.8045 dB    U 50.3913 dB    V 52.0030 dB] [ET     1 ] [L0 116 115 114 113 112 111 0 1 ] [L1 ]
POC  118 TId: 0 ( P-SLICE, nQP 24 QP 24 )       3672 bits [Y 41.0620 dB    U 50.7210 dB    V 52.1982 dB] [ET     1 ] [L0 117 116 115 114 113 112 0 1 ] [L1 ]
POC  119 TId: 0 ( P-SLICE, nQP 24 QP 24 )       4128 bits [Y 40.7946 dB    U 50.0835 dB    V 52.4702 dB] [ET     1 ] [L0 118 117 116 115 114 113 0 1 ] [L1 ]
POC  120 TId: 0 ( P-SLICE, nQP 24 QP 24 )       2024 bits [Y 40.8155 dB    U 50.0648 dB    V 52.5153 dB] [ET     1 ] [L0 119 118 117 116 115 114 0 1 ] [L1 ]
POC  121 TId: 0 ( P-SLICE, nQP 24 QP 24 )       2984 bits [Y 40.9309 dB    U 50.6973 dB    V 51.7267 dB] [ET     1 ] [L0 120 119 118 117 116 115 0 1 ] [L1 ]
POC  122 TId: 0 ( P-SLICE, nQP 24 QP 24 )       5160 bits [Y 41.1808 dB    U 50.3342 dB    V 52.2178 dB] [ET     1 ] [L0 121 120 119 118 117 116 0 1 ] [L1 ]
POC  123 TId: 0 ( P-SLICE, nQP 24 QP 24 )       3488 bits [Y 41.0800 dB    U 50.1245 dB    V 52.1391 dB] [ET     1 ] [L0 122 121 120 119 118 117 0 1 ] [L1 ]
POC  124 TId: 0 ( P-SLICE, nQP 24 QP 24 )       3720 bits [Y 41.2170 dB    U 50.2241 dB    V 52.0118 dB] [ET     1 ] [L0 123 122 121 120 119 118 0 1 ] [L1 ]
POC  125 TId: 0 ( P-SLICE, nQP 24 QP 24 )       5712 bits [Y 41.1022 dB    U 50.3971 dB    V 52.3652 dB] [ET     1 ] [L0 124 123 122 121 120 119 0 1 ] [L1 ]
POC  126 TId: 0 ( P-SLICE, nQP 24 QP 24 )       5008 bits [Y 40.9658 dB    U 50.0072 dB    V 52.4998 dB] [ET     1 ] [L0 125 124 123 122 121 120 0 1 ] [L1 ]
POC  127 TId: 0 ( P-SLICE, nQP 24 QP 24 )       7808 bits [Y 40.9290 dB    U 50.2924 dB    V 52.2115 dB] [ET     1 ] [L0 126 125 124 123 122 121 0 1 ] [L1 ]
POC  128 TId: 0 ( P-SLICE, nQP 24 QP 24 )       4648 bits [Y 40.8708 dB    U 50.1095 dB    V 52.2393 dB] [ET     1 ] [L0 127 126 125 124 123 122 0 1 ] [L1 ]
POC  129 TId: 0 ( P-SLICE, nQP 24 QP 24 )       3224 bits [Y 40.6357 dB    U 49.7815 dB    V 52.0758 dB] [ET     1 ] [L0 128 127 126 125 124 123 0 1 ] [L1 ]
POC  130 TId: 0 ( P-SLICE, nQP 24 QP 24 )       2616 bits [Y 40.7891 dB    U 50.0461 dB    V 51.9269 dB] [ET     1 ] [L0 129 128 127 126 125 124 0 1 ] [L1 ]
POC  131 TId: 0 ( P-SLICE, nQP 24 QP 24 )       2256 bits [Y 40.7834 dB    U 50.0524 dB    V 51.8156 dB] [ET     1 ] [L0 130 129 128 127 126 125 0 1 ] [L1 ]
POC  132 TId: 0 ( P-SLICE, nQP 24 QP 24 )       3800 bits [Y 40.7515 dB    U 50.0503 dB    V 51.8093 dB] [ET     1 ] [L0 131 130 129 128 127 126 0 1 ] [L1 ]
POC  133 TId: 0 ( P-SLICE, nQP 24 QP 24 )       2696 bits [Y 41.0743 dB    U 50.2612 dB    V 51.8522 dB] [ET     1 ] [L0 132 131 130 129 128 127 0 1 ] [L1 ]
POC  134 TId: 0 ( P-SLICE, nQP 24 QP 24 )       4872 bits [Y 41.3162 dB    U 50.2705 dB    V 51.8667 dB] [ET     1 ] [L0 133 132 131 130 129 128 0 1 ] [L1 ]
POC  135 TId: 0 ( P-SLICE, nQP 24 QP 24 )       5360 bits [Y 41.1131 dB    U 50.3758 dB    V 51.7066 dB] [ET     2 ] [L0 134 133 132 131 130 129 0 1 ] [L1 ]
POC  136 TId: 0 ( P-SLICE, nQP 24 QP 24 )       3896 bits [Y 40.9818 dB    U 50.2380 dB    V 52.0781 dB] [ET     1 ] [L0 135 134 133 132 131 130 0 1 ] [L1 ]
POC  137 TId: 0 ( P-SLICE, nQP 24 QP 24 )       5936 bits [Y 41.0263 dB    U 50.7018 dB    V 51.8236 dB] [ET     1 ] [L0 136 135 134 133 132 131 0 1 ] [L1 ]
POC  138 TId: 0 ( P-SLICE, nQP 24 QP 24 )       3800 bits [Y 40.9204 dB    U 50.5562 dB    V 51.9580 dB] [ET     1 ] [L0 137 136 135 134 133 132 0 1 ] [L1 ]
POC  139 TId: 0 ( P-SLICE, nQP 24 QP 24 )       3576 bits [Y 40.8178 dB    U 50.6655 dB    V 51.9651 dB] [ET     1 ] [L0 138 137 136 135 134 133 0 1 ] [L1 ]
POC  140 TId: 0 ( P-SLICE, nQP 24 QP 24 )       2744 bits [Y 40.9477 dB    U 50.9137 dB    V 51.6737 dB] [ET     1 ] [L0 139 138 137 136 135 134 0 1 ] [L1 ]
POC  141 TId: 0 ( P-SLICE, nQP 24 QP 24 )       3216 bits [Y 40.8107 dB    U 50.7120 dB    V 51.8768 dB] [ET     1 ] [L0 140 139 138 137 136 135 0 1 ] [L1 ]
POC  142 TId: 0 ( P-SLICE, nQP 24 QP 24 )       5256 bits [Y 41.0635 dB    U 50.4845 dB    V 51.9623 dB] [ET     1 ] [L0 141 140 139 138 137 136 0 1 ] [L1 ]
POC  143 TId: 0 ( P-SLICE, nQP 24 QP 24 )       3288 bits [Y 41.1264 dB    U 50.6151 dB    V 52.3425 dB] [ET     1 ] [L0 142 141 140 139 138 137 0 1 ] [L1 ]
POC  144 TId: 0 ( P-SLICE, nQP 24 QP 24 )       7008 bits [Y 41.2838 dB    U 50.3940 dB    V 52.6927 dB] [ET     1 ] [L0 143 142 141 140 139 138 0 1 ] [L1 ]
POC  145 TId: 0 ( P-SLICE, nQP 24 QP 24 )       7008 bits [Y 41.0479 dB    U 50.6834 dB    V 53.0141 dB] [ET     1 ] [L0 144 143 142 141 140 139 0 1 ] [L1 ]
POC  146 TId: 0 ( P-SLICE, nQP 24 QP 24 )       5672 bits [Y 40.9006 dB    U 50.4001 dB    V 52.7278 dB] [ET     1 ] [L0 145 144 143 142 141 140 0 1 ] [L1 ]
POC  147 TId: 0 ( P-SLICE, nQP 24 QP 24 )       6416 bits [Y 40.7157 dB    U 50.3204 dB    V 52.7974 dB] [ET     2 ] [L0 146 145 144 143 142 141 0 1 ] [L1 ]
POC  148 TId: 0 ( P-SLICE, nQP 24 QP 24 )       3280 bits [Y 40.8037 dB    U 50.5602 dB    V 52.6701 dB] [ET     1 ] [L0 147 146 145 144 143 142 0 1 ] [L1 ]
POC  149 TId: 0 ( P-SLICE, nQP 24 QP 24 )       3176 bits [Y 40.7370 dB    U 49.8284 dB    V 53.4157 dB] [ET     1 ] [L0 148 147 146 145 144 143 0 1 ] [L1 ]
POC  150 TId: 0 ( P-SLICE, nQP 24 QP 24 )       4560 bits [Y 40.7116 dB    U 49.8562 dB    V 53.1098 dB] [ET     1 ] [L0 149 148 147 146 145 144 0 1 ] [L1 ]
POC  151 TId: 0 ( P-SLICE, nQP 24 QP 24 )       2792 bits [Y 40.7663 dB    U 49.8311 dB    V 53.3235 dB] [ET     1 ] [L0 150 149 148 147 146 145 0 1 ] [L1 ]
POC  152 TId: 0 ( P-SLICE, nQP 24 QP 24 )       4704 bits [Y 40.9122 dB    U 49.9951 dB    V 52.6139 dB] [ET     1 ] [L0 151 150 149 148 147 146 0 1 ] [L1 ]
POC  153 TId: 0 ( P-SLICE, nQP 24 QP 24 )       4792 bits [Y 41.0821 dB    U 50.3561 dB    V 52.4482 dB] [ET     1 ] [L0 152 151 150 149 148 147 0 1 ] [L1 ]
POC  154 TId: 0 ( P-SLICE, nQP 24 QP 24 )       4704 bits [Y 40.9016 dB    U 50.2502 dB    V 52.5365 dB] [ET     1 ] [L0 153 152 151 150 149 148 0 1 ] [L1 ]
POC  155 TId: 0 ( P-SLICE, nQP 24 QP 24 )       5888 bits [Y 40.9832 dB    U 50.6477 dB    V 52.3839 dB] [ET     1 ] [L0 154 153 152 151 150 149 0 1 ] [L1 ]
POC  156 TId: 0 ( P-SLICE, nQP 24 QP 24 )       4680 bits [Y 40.8055 dB    U 50.1912 dB    V 52.5066 dB] [ET     1 ] [L0 155 154 153 152 151 150 0 1 ] [L1 ]
POC  157 TId: 0 ( P-SLICE, nQP 24 QP 24 )       6136 bits [Y 40.8290 dB    U 50.2087 dB    V 52.6554 dB] [ET     1 ] [L0 156 155 154 153 152 151 0 1 ] [L1 ]
POC  158 TId: 0 ( P-SLICE, nQP 24 QP 24 )       3328 bits [Y 40.7208 dB    U 50.1543 dB    V 52.6196 dB] [ET     1 ] [L0 157 156 155 154 153 152 0 1 ] [L1 ]
POC  159 TId: 0 ( P-SLICE, nQP 24 QP 24 )       3576 bits [Y 40.7483 dB    U 50.2965 dB    V 52.9801 dB] [ET     1 ] [L0 158 157 156 155 154 153 0 1 ] [L1 ]
POC  160 TId: 0 ( P-SLICE, nQP 24 QP 24 )       3568 bits [Y 40.7291 dB    U 50.3818 dB    V 52.7981 dB] [ET     1 ] [L0 159 158 157 156 155 154 0 1 ] [L1 ]
POC  161 TId: 0 ( P-SLICE, nQP 24 QP 24 )       2496 bits [Y 40.8332 dB    U 50.4112 dB    V 52.8060 dB] [ET     1 ] [L0 160 159 158 157 156 155 0 1 ] [L1 ]
POC  162 TId: 0 ( P-SLICE, nQP 24 QP 24 )       4640 bits [Y 41.0454 dB    U 50.5832 dB    V 52.7382 dB] [ET     1 ] [L0 161 160 159 158 157 156 0 1 ] [L1 ]
POC  163 TId: 0 ( P-SLICE, nQP 24 QP 24 )       4816 bits [Y 41.0613 dB    U 50.7656 dB    V 52.7219 dB] [ET     1 ] [L0 162 161 160 159 158 157 0 1 ] [L1 ]
POC  164 TId: 0 ( P-SLICE, nQP 24 QP 24 )       4728 bits [Y 41.1170 dB    U 50.6830 dB    V 52.7180 dB] [ET     1 ] [L0 163 162 161 160 159 158 0 1 ] [L1 ]
POC  165 TId: 0 ( P-SLICE, nQP 24 QP 24 )       4920 bits [Y 41.1091 dB    U 51.2054 dB    V 52.7044 dB] [ET     1 ] [L0 164 163 162 161 160 159 0 1 ] [L1 ]
POC  166 TId: 0 ( P-SLICE, nQP 24 QP 24 )       5640 bits [Y 40.9439 dB    U 50.7018 dB    V 52.6746 dB] [ET     1 ] [L0 165 164 163 162 161 160 0 1 ] [L1 ]
POC  167 TId: 0 ( P-SLICE, nQP 24 QP 24 )       6616 bits [Y 40.7701 dB    U 50.8333 dB    V 52.4396 dB] [ET     1 ] [L0 166 165 164 163 162 161 0 1 ] [L1 ]
POC  168 TId: 0 ( P-SLICE, nQP 24 QP 24 )       3320 bits [Y 40.5845 dB    U 50.7379 dB    V 52.6292 dB] [ET     1 ] [L0 167 166 165 164 163 162 0 1 ] [L1 ]
POC  169 TId: 0 ( P-SLICE, nQP 24 QP 24 )       4384 bits [Y 40.5513 dB    U 50.7399 dB    V 52.5377 dB] [ET     1 ] [L0 168 167 166 165 164 163 0 1 ] [L1 ]
POC  170 TId: 0 ( P-SLICE, nQP 24 QP 24 )       2568 bits [Y 40.5538 dB    U 50.5590 dB    V 52.6330 dB] [ET     1 ] [L0 169 168 167 166 165 164 0 1 ] [L1 ]
POC  171 TId: 0 ( P-SLICE, nQP 24 QP 24 )       2024 bits [Y 40.6554 dB    U 50.6404 dB    V 52.6241 dB] [ET     1 ] [L0 170 169 168 167 166 165 0 1 ] [L1 ]
POC  172 TId: 0 ( P-SLICE, nQP 24 QP 24 )       4792 bits [Y 40.8635 dB    U 50.6586 dB    V 52.7343 dB] [ET     1 ] [L0 171 170 169 168 167 166 0 1 ] [L1 ]
POC  173 TId: 0 ( P-SLICE, nQP 24 QP 24 )       6080 bits [Y 41.1633 dB    U 50.8216 dB    V 52.7031 dB] [ET     1 ] [L0 172 171 170 169 168 167 0 1 ] [L1 ]
POC  174 TId: 0 ( P-SLICE, nQP 24 QP 24 )       6544 bits [Y 41.0515 dB    U 50.1923 dB    V 53.1859 dB] [ET     1 ] [L0 173 172 171 170 169 168 0 1 ] [L1 ]
POC  175 TId: 0 ( P-SLICE, nQP 24 QP 24 )       6304 bits [Y 41.0834 dB    U 50.4658 dB    V 52.8986 dB] [ET     1 ] [L0 174 173 172 171 170 169 0 1 ] [L1 ]
POC  176 TId: 0 ( P-SLICE, nQP 24 QP 24 )       5264 bits [Y 40.8572 dB    U 50.0970 dB    V 52.8528 dB] [ET     1 ] [L0 175 174 173 172 171 170 0 1 ] [L1 ]
POC  177 TId: 0 ( P-SLICE, nQP 24 QP 24 )       5792 bits [Y 40.8832 dB    U 50.1518 dB    V 52.8360 dB] [ET     1 ] [L0 176 175 174 173 172 171 0 1 ] [L1 ]
POC  178 TId: 0 ( P-SLICE, nQP 24 QP 24 )       2536 bits [Y 40.7807 dB    U 50.1489 dB    V 52.7148 dB] [ET     1 ] [L0 177 176 175 174 173 172 0 1 ] [L1 ]
POC  179 TId: 0 ( P-SLICE, nQP 24 QP 24 )       3584 bits [Y 40.5945 dB    U 50.0041 dB    V 52.4813 dB] [ET     1 ] [L0 178 177 176 175 174 173 0 1 ] [L1 ]
POC  180 TId: 0 ( P-SLICE, nQP 24 QP 24 )       3448 bits [Y 40.7728 dB    U 50.3043 dB    V 52.0356 dB] [ET     2 ] [L0 179 178 177 176 175 174 0 1 ] [L1 ]
POC  181 TId: 0 ( P-SLICE, nQP 24 QP 24 )       3104 bits [Y 40.5640 dB    U 50.1927 dB    V 52.2569 dB] [ET     1 ] [L0 180 179 178 177 176 175 0 1 ] [L1 ]
POC  182 TId: 0 ( P-SLICE, nQP 24 QP 24 )       4808 bits [Y 40.8679 dB    U 50.5760 dB    V 52.0002 dB] [ET     2 ] [L0 181 180 179 178 177 176 0 1 ] [L1 ]
POC  183 TId: 0 ( P-SLICE, nQP 24 QP 24 )       5712 bits [Y 40.8182 dB    U 50.2753 dB    V 52.4421 dB] [ET     2 ] [L0 182 181 180 179 178 177 0 1 ] [L1 ]
POC  184 TId: 0 ( P-SLICE, nQP 24 QP 24 )       6784 bits [Y 40.9248 dB    U 50.3944 dB    V 52.3324 dB] [ET     2 ] [L0 183 182 181 180 179 178 0 1 ] [L1 ]
POC  185 TId: 0 ( P-SLICE, nQP 24 QP 24 )       6464 bits [Y 40.9306 dB    U 50.5808 dB    V 52.6152 dB] [ET     2 ] [L0 184 183 182 181 180 179 0 1 ] [L1 ]
POC  186 TId: 0 ( P-SLICE, nQP 24 QP 24 )       4896 bits [Y 40.8241 dB    U 50.2808 dB    V 52.4567 dB] [ET     2 ] [L0 185 184 183 182 181 180 0 1 ] [L1 ]
POC  187 TId: 0 ( P-SLICE, nQP 24 QP 24 )       4056 bits [Y 40.7895 dB    U 50.5983 dB    V 51.9689 dB] [ET     2 ] [L0 186 185 184 183 182 181 0 1 ] [L1 ]
POC  188 TId: 0 ( P-SLICE, nQP 24 QP 24 )       3144 bits [Y 40.8236 dB    U 50.5341 dB    V 52.2434 dB] [ET     2 ] [L0 187 186 185 184 183 182 0 1 ] [L1 ]
POC  189 TId: 0 ( P-SLICE, nQP 24 QP 24 )       5168 bits [Y 40.7885 dB    U 50.4001 dB    V 52.0893 dB] [ET     2 ] [L0 188 187 186 185 184 183 0 1 ] [L1 ]
POC  190 TId: 0 ( P-SLICE, nQP 24 QP 24 )       4128 bits [Y 40.7122 dB    U 50.6497 dB    V 52.1051 dB] [ET     2 ] [L0 189 188 187 186 185 184 0 1 ] [L1 ]
POC  191 TId: 0 ( P-SLICE, nQP 24 QP 24 )       2656 bits [Y 40.6718 dB    U 50.5455 dB    V 52.1855 dB] [ET     1 ] [L0 190 189 188 187 186 185 0 1 ] [L1 ]
POC  192 TId: 0 ( P-SLICE, nQP 24 QP 24 )       6496 bits [Y 40.9407 dB    U 50.8073 dB    V 52.3628 dB] [ET     1 ] [L0 191 190 189 188 187 186 0 1 ] [L1 ]
POC  193 TId: 0 ( P-SLICE, nQP 24 QP 24 )       4784 bits [Y 40.7877 dB    U 50.5947 dB    V 52.7743 dB] [ET     1 ] [L0 192 191 190 189 188 187 0 1 ] [L1 ]
POC  194 TId: 0 ( P-SLICE, nQP 24 QP 24 )       5504 bits [Y 40.8630 dB    U 50.9447 dB    V 52.3336 dB] [ET     1 ] [L0 193 192 191 190 189 188 0 1 ] [L1 ]
POC  195 TId: 0 ( P-SLICE, nQP 24 QP 24 )       5512 bits [Y 40.7150 dB    U 50.9249 dB    V 52.6856 dB] [ET     1 ] [L0 194 193 192 191 190 189 0 1 ] [L1 ]
POC  196 TId: 0 ( P-SLICE, nQP 24 QP 24 )       5504 bits [Y 40.5926 dB    U 50.2472 dB    V 52.7265 dB] [ET     1 ] [L0 195 194 193 192 191 190 0 1 ] [L1 ]
POC  197 TId: 0 ( P-SLICE, nQP 24 QP 24 )       4528 bits [Y 40.6698 dB    U 50.7594 dB    V 52.2874 dB] [ET     1 ] [L0 196 195 194 193 192 191 0 1 ] [L1 ]
POC  198 TId: 0 ( P-SLICE, nQP 24 QP 24 )       2936 bits [Y 40.8396 dB    U 50.2820 dB    V 52.1947 dB] [ET     1 ] [L0 197 196 195 194 193 192 0 1 ] [L1 ]
POC  199 TId: 0 ( P-SLICE, nQP 24 QP 24 )       4536 bits [Y 40.7251 dB    U 50.1256 dB    V 52.0356 dB] [ET     1 ] [L0 198 197 196 195 194 193 0 1 ] [L1 ]
POC  200 TId: 0 ( P-SLICE, nQP 24 QP 24 )       3816 bits [Y 40.8677 dB    U 50.1763 dB    V 51.8009 dB] [ET     1 ] [L0 199 198 197 196 195 194 0 1 ] [L1 ]
POC  201 TId: 0 ( P-SLICE, nQP 24 QP 24 )       3240 bits [Y 40.8229 dB    U 50.1887 dB    V 51.8480 dB] [ET     1 ] [L0 200 199 198 197 196 195 0 1 ] [L1 ]
POC  202 TId: 0 ( P-SLICE, nQP 24 QP 24 )       4368 bits [Y 40.8156 dB    U 50.0754 dB    V 51.7360 dB] [ET     1 ] [L0 201 200 199 198 197 196 0 1 ] [L1 ]
POC  203 TId: 0 ( P-SLICE, nQP 24 QP 24 )       4920 bits [Y 40.8534 dB    U 50.5554 dB    V 51.3029 dB] [ET     1 ] [L0 202 201 200 199 198 197 0 1 ] [L1 ]
POC  204 TId: 0 ( P-SLICE, nQP 24 QP 24 )       6408 bits [Y 40.9377 dB    U 50.6465 dB    V 51.1082 dB] [ET     1 ] [L0 203 202 201 200 199 198 0 1 ] [L1 ]
POC  205 TId: 0 ( P-SLICE, nQP 24 QP 24 )       5064 bits [Y 41.1121 dB    U 51.1902 dB    V 51.2022 dB] [ET     1 ] [L0 204 203 202 201 200 199 0 1 ] [L1 ]
POC  206 TId: 0 ( P-SLICE, nQP 24 QP 24 )       3488 bits [Y 40.9368 dB    U 51.0215 dB    V 51.6300 dB] [ET     1 ] [L0 205 204 203 202 201 200 0 1 ] [L1 ]
POC  207 TId: 0 ( P-SLICE, nQP 24 QP 24 )       5328 bits [Y 40.7514 dB    U 50.7931 dB    V 51.5957 dB] [ET     1 ] [L0 206 205 204 203 202 201 0 1 ] [L1 ]
POC  208 TId: 0 ( P-SLICE, nQP 24 QP 24 )       3272 bits [Y 40.9334 dB    U 51.0061 dB    V 51.4529 dB] [ET     1 ] [L0 207 206 205 204 203 202 0 1 ] [L1 ]
POC  209 TId: 0 ( P-SLICE, nQP 24 QP 24 )       3784 bits [Y 40.8700 dB    U 50.8153 dB    V 51.5175 dB] [ET     1 ] [L0 208 207 206 205 204 203 0 1 ] [L1 ]
POC  210 TId: 0 ( P-SLICE, nQP 24 QP 24 )       4296 bits [Y 40.8225 dB    U 50.5939 dB    V 51.7480 dB] [ET     1 ] [L0 209 208 207 206 205 204 0 1 ] [L1 ]
POC  211 TId: 0 ( P-SLICE, nQP 24 QP 24 )       1648 bits [Y 41.0045 dB    U 50.9374 dB    V 51.2511 dB] [ET     1 ] [L0 210 209 208 207 206 205 0 1 ] [L1 ]
POC  212 TId: 0 ( P-SLICE, nQP 24 QP 24 )       5736 bits [Y 40.8779 dB    U 50.6899 dB    V 50.9560 dB] [ET     1 ] [L0 211 210 209 208 207 206 0 1 ] [L1 ]
POC  213 TId: 0 ( P-SLICE, nQP 24 QP 24 )       5352 bits [Y 40.9194 dB    U 50.4647 dB    V 50.9206 dB] [ET     1 ] [L0 212 211 210 209 208 207 0 1 ] [L1 ]
POC  214 TId: 0 ( P-SLICE, nQP 24 QP 24 )       5856 bits [Y 41.0943 dB    U 50.6736 dB    V 50.8549 dB] [ET     1 ] [L0 213 212 211 210 209 208 0 1 ] [L1 ]
POC  215 TId: 0 ( P-SLICE, nQP 24 QP 24 )       7432 bits [Y 40.9814 dB    U 50.2200 dB    V 51.4228 dB] [ET     1 ] [L0 214 213 212 211 210 209 0 1 ] [L1 ]
POC  216 TId: 0 ( P-SLICE, nQP 24 QP 24 )       5032 bits [Y 40.8178 dB    U 50.4767 dB    V 51.0760 dB] [ET     1 ] [L0 215 214 213 212 211 210 0 1 ] [L1 ]
POC  217 TId: 0 ( P-SLICE, nQP 24 QP 24 )       4864 bits [Y 40.6613 dB    U 49.9902 dB    V 51.3439 dB] [ET     1 ] [L0 216 215 214 213 212 211 0 1 ] [L1 ]
POC  218 TId: 0 ( P-SLICE, nQP 24 QP 24 )       2928 bits [Y 40.7793 dB    U 50.3095 dB    V 51.1203 dB] [ET     1 ] [L0 217 216 215 214 213 212 0 1 ] [L1 ]
POC  219 TId: 0 ( P-SLICE, nQP 24 QP 24 )       2888 bits [Y 40.7977 dB    U 50.3531 dB    V 50.9616 dB] [ET     1 ] [L0 218 217 216 215 214 213 0 1 ] [L1 ]
POC  220 TId: 0 ( P-SLICE, nQP 24 QP 24 )       3056 bits [Y 40.6503 dB    U 50.4177 dB    V 50.5094 dB] [ET     1 ] [L0 219 218 217 216 215 214 0 1 ] [L1 ]
POC  221 TId: 0 ( P-SLICE, nQP 24 QP 24 )       2928 bits [Y 40.5911 dB    U 50.0216 dB    V 50.8228 dB] [ET     1 ] [L0 220 219 218 217 216 215 0 1 ] [L1 ]
POC  222 TId: 0 ( P-SLICE, nQP 24 QP 24 )       3544 bits [Y 40.9063 dB    U 50.3936 dB    V 50.4930 dB] [ET     1 ] [L0 221 220 219 218 217 216 0 1 ] [L1 ]
POC  223 TId: 0 ( P-SLICE, nQP 24 QP 24 )       6232 bits [Y 40.8953 dB    U 50.3997 dB    V 50.7864 dB] [ET     1 ] [L0 222 221 220 219 218 217 0 1 ] [L1 ]
POC  224 TId: 0 ( P-SLICE, nQP 24 QP 24 )       3984 bits [Y 40.9058 dB    U 50.1905 dB    V 51.0680 dB] [ET     1 ] [L0 223 222 221 220 219 218 0 1 ] [L1 ]
POC  225 TId: 0 ( P-SLICE, nQP 24 QP 24 )       4216 bits [Y 41.1656 dB    U 50.6023 dB    V 51.2252 dB] [ET     1 ] [L0 224 223 222 221 220 219 0 1 ] [L1 ]
POC  226 TId: 0 ( P-SLICE, nQP 24 QP 24 )       3664 bits [Y 40.9884 dB    U 50.3640 dB    V 51.4369 dB] [ET     1 ] [L0 225 224 223 222 221 220 0 1 ] [L1 ]
POC  227 TId: 0 ( P-SLICE, nQP 24 QP 24 )       5576 bits [Y 41.0613 dB    U 50.2909 dB    V 51.3326 dB] [ET     1 ] [L0 226 225 224 223 222 221 0 1 ] [L1 ]
POC  228 TId: 0 ( P-SLICE, nQP 24 QP 24 )       3520 bits [Y 40.9809 dB    U 50.4639 dB    V 51.4412 dB] [ET     1 ] [L0 227 226 225 224 223 222 0 1 ] [L1 ]
POC  229 TId: 0 ( P-SLICE, nQP 24 QP 24 )       4432 bits [Y 40.9048 dB    U 50.1291 dB    V 51.6452 dB] [ET     1 ] [L0 228 227 226 225 224 223 0 1 ] [L1 ]
POC  230 TId: 0 ( P-SLICE, nQP 24 QP 24 )       1608 bits [Y 41.0895 dB    U 50.4288 dB    V 51.7402 dB] [ET     1 ] [L0 229 228 227 226 225 224 0 1 ] [L1 ]
POC  231 TId: 0 ( P-SLICE, nQP 24 QP 24 )       4392 bits [Y 41.1454 dB    U 50.5487 dB    V 51.5736 dB] [ET     1 ] [L0 230 229 228 227 226 225 0 1 ] [L1 ]
POC  232 TId: 0 ( P-SLICE, nQP 24 QP 24 )       6024 bits [Y 41.1472 dB    U 50.3035 dB    V 51.9042 dB] [ET     1 ] [L0 231 230 229 228 227 226 0 1 ] [L1 ]
POC  233 TId: 0 ( P-SLICE, nQP 24 QP 24 )       4552 bits [Y 41.3251 dB    U 50.5161 dB    V 51.5131 dB] [ET     1 ] [L0 232 231 230 229 228 227 0 1 ] [L1 ]
POC  234 TId: 0 ( P-SLICE, nQP 24 QP 24 )       5032 bits [Y 41.3300 dB    U 50.4131 dB    V 52.2574 dB] [ET     1 ] [L0 233 232 231 230 229 228 0 1 ] [L1 ]
POC  235 TId: 0 ( P-SLICE, nQP 24 QP 24 )       1608 bits [Y 41.5349 dB    U 50.2204 dB    V 52.4739 dB] [ET     1 ] [L0 234 233 232 231 230 229 0 1 ] [L1 ]
POC  236 TId: 0 ( P-SLICE, nQP 24 QP 24 )       2696 bits [Y 41.8011 dB    U 50.4515 dB    V 52.4610 dB] [ET     1 ] [L0 235 234 233 232 231 230 0 1 ] [L1 ]
POC  237 TId: 0 ( P-SLICE, nQP 24 QP 24 )       2272 bits [Y 41.8651 dB    U 50.4930 dB    V 52.5302 dB] [ET     1 ] [L0 236 235 234 233 232 231 0 1 ] [L1 ]
POC  238 TId: 0 ( P-SLICE, nQP 24 QP 24 )       9168 bits [Y 41.9287 dB    U 50.6055 dB    V 52.3235 dB] [ET     1 ] [L0 237 236 235 234 233 232 0 1 ] [L1 ]
POC  239 TId: 0 ( P-SLICE, nQP 24 QP 24 )       3680 bits [Y 41.6533 dB    U 50.8136 dB    V 52.0523 dB] [ET     1 ] [L0 238 237 236 235 234 233 0 1 ] [L1 ]
POC  240 TId: 0 ( P-SLICE, nQP 24 QP 24 )       1704 bits [Y 41.7160 dB    U 50.7395 dB    V 52.2574 dB] [ET     1 ] [L0 239 238 237 236 235 234 0 1 ] [L1 ]
POC  241 TId: 0 ( P-SLICE, nQP 24 QP 24 )       1800 bits [Y 41.6610 dB    U 51.0277 dB    V 52.0899 dB] [ET     1 ] [L0 240 239 238 237 236 235 0 1 ] [L1 ]
POC  242 TId: 0 ( P-SLICE, nQP 24 QP 24 )       4000 bits [Y 41.6429 dB    U 50.6964 dB    V 52.6631 dB] [ET     1 ] [L0 241 240 239 238 237 236 0 1 ] [L1 ]
POC  243 TId: 0 ( P-SLICE, nQP 24 QP 24 )       6056 bits [Y 42.3025 dB    U 50.8906 dB    V 52.2968 dB] [ET     1 ] [L0 242 241 240 239 238 237 0 1 ] [L1 ]
POC  244 TId: 0 ( P-SLICE, nQP 24 QP 24 )       4048 bits [Y 42.3571 dB    U 50.9556 dB    V 52.7730 dB] [ET     1 ] [L0 243 242 241 240 239 238 0 1 ] [L1 ]
POC  245 TId: 0 ( P-SLICE, nQP 24 QP 24 )       2608 bits [Y 42.7833 dB    U 51.2692 dB    V 52.8107 dB] [ET     1 ] [L0 244 243 242 241 240 239 0 1 ] [L1 ]
POC  246 TId: 0 ( P-SLICE, nQP 24 QP 24 )       2456 bits [Y 42.9233 dB    U 51.1082 dB    V 52.9142 dB] [ET     1 ] [L0 245 244 243 242 241 240 0 1 ] [L1 ]
POC  247 TId: 0 ( P-SLICE, nQP 24 QP 24 )       2312 bits [Y 42.9475 dB    U 51.4738 dB    V 52.5284 dB] [ET     1 ] [L0 246 245 244 243 242 241 0 1 ] [L1 ]
POC  248 TId: 0 ( P-SLICE, nQP 24 QP 24 )       2712 bits [Y 42.7764 dB    U 51.3830 dB    V 52.7252 dB] [ET     1 ] [L0 247 246 245 244 243 242 0 1 ] [L1 ]
POC  249 TId: 0 ( P-SLICE, nQP 24 QP 24 )       1552 bits [Y 42.9791 dB    U 51.3160 dB    V 52.9381 dB] [ET     1 ] [L0 248 247 246 245 244 243 0 1 ] [L1 ]
POC  250 TId: 0 ( P-SLICE, nQP 24 QP 24 )       4448 bits [Y 42.1990 dB    U 52.0245 dB    V 52.1040 dB] [ET     1 ] [L0 249 248 247 246 245 244 0 1 ] [L1 ]
POC  251 TId: 0 ( P-SLICE, nQP 24 QP 24 )       2040 bits [Y 42.6733 dB    U 52.5596 dB    V 51.8538 dB] [ET     1 ] [L0 250 249 248 247 246 245 0 1 ] [L1 ]
POC  252 TId: 0 ( P-SLICE, nQP 24 QP 24 )       2112 bits [Y 42.4556 dB    U 52.4470 dB    V 52.7690 dB] [ET     1 ] [L0 251 250 249 248 247 246 0 1 ] [L1 ]
POC  253 TId: 0 ( P-SLICE, nQP 24 QP 24 )       4176 bits [Y 42.8255 dB    U 52.3080 dB    V 52.6727 dB] [ET     1 ] [L0 252 251 250 249 248 247 0 1 ] [L1 ]
POC  254 TId: 0 ( P-SLICE, nQP 24 QP 24 )       3112 bits [Y 43.4888 dB    U 52.3521 dB    V 52.5483 dB] [ET     1 ] [L0 253 252 251 250 249 248 0 1 ] [L1 ]
POC  255 TId: 0 ( P-SLICE, nQP 24 QP 24 )       1872 bits [Y 43.5749 dB    U 52.5315 dB    V 52.5234 dB] [ET     1 ] [L0 254 253 252 251 250 249 0 1 ] [L1 ]
POC  256 TId: 0 ( P-SLICE, nQP 24 QP 24 )       1264 bits [Y 43.6506 dB    U 53.2252 dB    V 52.9054 dB] [ET     1 ] [L0 255 254 253 252 251 250 0 1 ] [L1 ]
POC  257 TId: 0 ( P-SLICE, nQP 24 QP 24 )       1904 bits [Y 43.6282 dB    U 52.5371 dB    V 53.3815 dB] [ET     1 ] [L0 256 255 254 253 252 251 0 1 ] [L1 ]
POC  258 TId: 0 ( P-SLICE, nQP 24 QP 24 )       3944 bits [Y 43.8654 dB    U 52.5766 dB    V 53.5060 dB] [ET     1 ] [L0 257 256 255 254 253 252 0 1 ] [L1 ]
POC  259 TId: 0 ( P-SLICE, nQP 24 QP 24 )       2160 bits [Y 43.8857 dB    U 52.6785 dB    V 53.4788 dB] [ET     1 ] [L0 258 257 256 255 254 253 0 1 ] [L1 ]
POC  260 TId: 0 ( P-SLICE, nQP 24 QP 24 )       1472 bits [Y 43.8390 dB    U 52.6927 dB    V 53.6560 dB] [ET     1 ] [L0 259 258 257 256 255 254 0 1 ] [L1 ]
POC  261 TId: 0 ( P-SLICE, nQP 24 QP 24 )        960 bits [Y 43.9147 dB    U 52.8287 dB    V 53.4096 dB] [ET     1 ] [L0 260 259 258 257 256 255 0 1 ] [L1 ]
POC  262 TId: 0 ( P-SLICE, nQP 24 QP 24 )       1368 bits [Y 44.0160 dB    U 52.4899 dB    V 53.2516 dB] [ET     1 ] [L0 261 260 259 258 257 256 0 1 ] [L1 ]
POC  263 TId: 0 ( P-SLICE, nQP 24 QP 24 )       3312 bits [Y 44.6158 dB    U 52.4518 dB    V 53.3770 dB] [ET     1 ] [L0 262 261 260 259 258 257 0 1 ] [L1 ]
POC  264 TId: 0 ( P-SLICE, nQP 24 QP 24 )       2232 bits [Y 44.7517 dB    U 52.4986 dB    V 54.1914 dB] [ET     1 ] [L0 263 262 261 260 259 258 0 1 ] [L1 ]
POC  265 TId: 0 ( P-SLICE, nQP 24 QP 24 )       1288 bits [Y 45.3695 dB    U 53.2399 dB    V 53.9785 dB] [ET     1 ] [L0 264 263 262 261 260 259 0 1 ] [L1 ]
POC  266 TId: 0 ( P-SLICE, nQP 24 QP 24 )        648 bits [Y 45.3410 dB    U 53.1098 dB    V 54.4919 dB] [ET     1 ] [L0 265 264 263 262 261 260 0 1 ] [L1 ]
POC  267 TId: 0 ( P-SLICE, nQP 24 QP 24 )       1160 bits [Y 45.5607 dB    U 53.1765 dB    V 54.2051 dB] [ET     1 ] [L0 266 265 264 263 262 261 0 1 ] [L1 ]
POC  268 TId: 0 ( P-SLICE, nQP 24 QP 24 )       3064 bits [Y 45.8322 dB    U 53.0793 dB    V 53.6876 dB] [ET     1 ] [L0 267 266 265 264 263 262 0 1 ] [L1 ]
POC  269 TId: 0 ( P-SLICE, nQP 24 QP 24 )       1256 bits [Y 45.5636 dB    U 53.4066 dB    V 53.7805 dB] [ET     1 ] [L0 268 267 266 265 264 263 0 1 ] [L1 ]
POC  270 TId: 0 ( P-SLICE, nQP 24 QP 24 )       1208 bits [Y 45.7190 dB    U 53.1434 dB    V 53.9154 dB] [ET     1 ] [L0 269 268 267 266 265 264 0 1 ] [L1 ]
POC  271 TId: 0 ( P-SLICE, nQP 24 QP 24 )        848 bits [Y 45.6261 dB    U 52.9587 dB    V 54.1207 dB] [ET     1 ] [L0 270 269 268 267 266 265 0 1 ] [L1 ]
POC  272 TId: 0 ( P-SLICE, nQP 24 QP 24 )       1504 bits [Y 46.1819 dB    U 53.1563 dB    V 55.2959 dB] [ET     1 ] [L0 271 270 269 268 267 266 0 1 ] [L1 ]
POC  273 TId: 0 ( P-SLICE, nQP 24 QP 24 )       2312 bits [Y 46.7181 dB    U 53.0483 dB    V 55.7866 dB] [ET     1 ] [L0 272 271 270 269 268 267 0 1 ] [L1 ]
POC  274 TId: 0 ( P-SLICE, nQP 24 QP 24 )       1720 bits [Y 47.1176 dB    U 53.4541 dB    V 55.7695 dB] [ET     1 ] [L0 273 272 271 270 269 268 0 1 ] [L1 ]
POC  275 TId: 0 ( P-SLICE, nQP 24 QP 24 )        688 bits [Y 47.8675 dB    U 53.2575 dB    V 55.0276 dB] [ET     1 ] [L0 274 273 272 271 270 269 0 1 ] [L1 ]
POC  276 TId: 0 ( P-SLICE, nQP 24 QP 24 )        464 bits [Y 47.7633 dB    U 53.1903 dB    V 54.9270 dB] [ET     1 ] [L0 275 274 273 272 271 270 0 1 ] [L1 ]
POC  277 TId: 0 ( P-SLICE, nQP 24 QP 24 )        680 bits [Y 47.9823 dB    U 52.9238 dB    V 54.9086 dB] [ET     1 ] [L0 276 275 274 273 272 271 0 1 ] [L1 ]
POC  278 TId: 0 ( P-SLICE, nQP 24 QP 24 )       1360 bits [Y 48.3965 dB    U 53.5641 dB    V 55.3254 dB] [ET     1 ] [L0 277 276 275 274 273 272 0 1 ] [L1 ]
POC  279 TId: 0 ( P-SLICE, nQP 24 QP 24 )        864 bits [Y 48.0335 dB    U 54.0814 dB    V 54.7303 dB] [ET     1 ] [L0 278 277 276 275 274 273 0 1 ] [L1 ]
POC  280 TId: 0 ( P-SLICE, nQP 24 QP 24 )        744 bits [Y 48.0095 dB    U 53.6110 dB    V 54.7573 dB] [ET     1 ] [L0 279 278 277 276 275 274 0 1 ] [L1 ]
POC  281 TId: 0 ( P-SLICE, nQP 24 QP 24 )        368 bits [Y 48.2696 dB    U 53.7276 dB    V 54.4919 dB] [ET     1 ] [L0 280 279 278 277 276 275 0 1 ] [L1 ]
POC  282 TId: 0 ( P-SLICE, nQP 24 QP 24 )        344 bits [Y 48.1343 dB    U 53.6110 dB    V 55.0610 dB] [ET     1 ] [L0 281 280 279 278 277 276 0 1 ] [L1 ]
POC  283 TId: 0 ( P-SLICE, nQP 24 QP 24 )       1152 bits [Y 49.3306 dB    U 53.6471 dB    V 55.6516 dB] [ET     1 ] [L0 282 281 280 279 278 277 0 1 ] [L1 ]
POC  284 TId: 0 ( P-SLICE, nQP 24 QP 24 )        648 bits [Y 50.1202 dB    U 54.0512 dB    V 55.3588 dB] [ET     1 ] [L0 283 282 281 280 279 278 0 1 ] [L1 ]
POC  285 TId: 0 ( P-SLICE, nQP 24 QP 24 )        408 bits [Y 50.7020 dB    U 53.2063 dB    V 55.6503 dB] [ET     1 ] [L0 284 283 282 281 280 279 0 1 ] [L1 ]
POC  286 TId: 0 ( P-SLICE, nQP 24 QP 24 )        240 bits [Y 51.9751 dB    U 53.5863 dB    V 55.4848 dB] [ET     1 ] [L0 285 284 283 282 281 280 0 1 ] [L1 ]
POC  287 TId: 0 ( P-SLICE, nQP 24 QP 24 )        168 bits [Y 51.7955 dB    U 54.1914 dB    V 55.6631 dB] [ET     1 ] [L0 286 285 284 283 282 281 0 1 ] [L1 ]
POC  288 TId: 0 ( P-SLICE, nQP 24 QP 24 )        856 bits [Y 51.4259 dB    U 51.7819 dB    V 55.1307 dB] [ET     1 ] [L0 287 286 285 284 283 282 0 1 ] [L1 ]
POC  289 TId: 0 ( P-SLICE, nQP 24 QP 24 )        784 bits [Y 53.8506 dB    U 51.2748 dB    V 55.5219 dB] [ET     1 ] [L0 288 287 286 285 284 283 0 1 ] [L1 ]
POC  290 TId: 0 ( P-SLICE, nQP 24 QP 24 )        224 bits [Y 52.7434 dB    U 50.9834 dB    V 55.5356 dB] [ET     1 ] [L0 289 288 287 286 285 284 0 1 ] [L1 ]
POC  291 TId: 0 ( P-SLICE, nQP 24 QP 24 )        280 bits [Y 53.2077 dB    U 51.3458 dB    V 55.2514 dB] [ET     1 ] [L0 290 289 288 287 286 285 0 1 ] [L1 ]
POC  292 TId: 0 ( P-SLICE, nQP 24 QP 24 )        208 bits [Y 53.2260 dB    U 51.1001 dB    V 54.4900 dB] [ET     1 ] [L0 291 290 289 288 287 286 0 1 ] [L1 ]
POC  293 TId: 0 ( P-SLICE, nQP 24 QP 24 )        216 bits [Y 52.8439 dB    U 51.5776 dB    V 54.7375 dB] [ET     1 ] [L0 292 291 290 289 288 287 0 1 ] [L1 ]
POC  294 TId: 0 ( P-SLICE, nQP 24 QP 24 )        184 bits [Y 53.0481 dB    U 51.4166 dB    V 55.7485 dB] [ET     1 ] [L0 293 292 291 290 289 288 0 1 ] [L1 ]
POC  295 TId: 0 ( P-SLICE, nQP 24 QP 24 )        200 bits [Y 52.7322 dB    U 51.1880 dB    V 55.7919 dB] [ET     1 ] [L0 294 293 292 291 290 289 0 1 ] [L1 ]
POC  296 TId: 0 ( P-SLICE, nQP 24 QP 24 )        184 bits [Y 53.2135 dB    U 51.8833 dB    V 55.6644 dB] [ET     1 ] [L0 295 294 293 292 291 290 0 1 ] [L1 ]
POC  297 TId: 0 ( P-SLICE, nQP 24 QP 24 )        168 bits [Y 53.0052 dB    U 51.5160 dB    V 55.7303 dB] [ET     1 ] [L0 296 295 294 293 292 291 0 1 ] [L1 ]
POC  298 TId: 0 ( P-SLICE, nQP 24 QP 24 )        192 bits [Y 52.5947 dB    U 51.0711 dB    V 55.2479 dB] [ET     1 ] [L0 297 296 295 294 293 292 0 1 ] [L1 ]
POC  299 TId: 0 ( P-SLICE, nQP 24 QP 24 )        168 bits [Y 52.8267 dB    U 51.5150 dB    V 55.4274 dB] [ET     1 ] [L0 298 297 296 295 294 293 0 1 ] [L1 ]
POC  300 TId: 0 ( P-SLICE, nQP 24 QP 24 )        176 bits [Y 52.5352 dB    U 51.4856 dB    V 55.1284 dB] [ET     1 ] [L0 299 298 297 296 295 294 0 1 ] [L1 ]
POC  301 TId: 0 ( P-SLICE, nQP 24 QP 24 )        168 bits [Y 52.4344 dB    U 51.4233 dB    V 55.2386 dB] [ET     1 ] [L0 300 299 298 297 296 295 0 1 ] [L1 ]
POC  302 TId: 0 ( P-SLICE, nQP 24 QP 24 )        168 bits [Y 52.4357 dB    U 52.0579 dB    V 55.5844 dB] [ET     1 ] [L0 301 300 299 298 297 296 0 1 ] [L1 ]
POC  303 TId: 0 ( P-SLICE, nQP 24 QP 24 )        208 bits [Y 52.4141 dB    U 51.5927 dB    V 55.7839 dB] [ET     1 ] [L0 302 301 300 299 298 297 0 1 ] [L1 ]
POC  304 TId: 0 ( P-SLICE, nQP 24 QP 24 )       5816 bits [Y 45.4066 dB    U 50.9185 dB    V 52.9628 dB] [ET     2 ] [L0 303 302 301 300 299 298 0 1 ] [L1 ]
POC  305 TId: 0 ( P-SLICE, nQP 24 QP 24 )      10296 bits [Y 43.2247 dB    U 49.1827 dB    V 50.5165 dB] [ET     2 ] [L0 304 303 302 301 300 299 0 1 ] [L1 ]
POC  306 TId: 0 ( P-SLICE, nQP 24 QP 24 )      12224 bits [Y 42.4444 dB    U 48.9891 dB    V 50.2439 dB] [ET     2 ] [L0 305 304 303 302 301 300 0 1 ] [L1 ]
POC  307 TId: 0 ( P-SLICE, nQP 24 QP 24 )       9968 bits [Y 41.5177 dB    U 48.4125 dB    V 49.7987 dB] [ET     2 ] [L0 306 305 304 303 302 301 0 1 ] [L1 ]
POC  308 TId: 0 ( P-SLICE, nQP 24 QP 24 )      11744 bits [Y 41.5975 dB    U 48.0684 dB    V 49.3871 dB] [ET     2 ] [L0 307 306 305 304 303 302 0 1 ] [L1 ]
POC  309 TId: 0 ( P-SLICE, nQP 24 QP 24 )      11864 bits [Y 41.1393 dB    U 48.6945 dB    V 49.1203 dB] [ET     2 ] [L0 308 307 306 305 304 303 0 1 ] [L1 ]
POC  310 TId: 0 ( P-SLICE, nQP 24 QP 24 )       7832 bits [Y 41.1635 dB    U 48.1139 dB    V 47.9653 dB] [ET     2 ] [L0 309 308 307 306 305 304 0 1 ] [L1 ]
POC  311 TId: 0 ( P-SLICE, nQP 24 QP 24 )      11552 bits [Y 40.9254 dB    U 47.5946 dB    V 47.8514 dB] [ET     2 ] [L0 310 309 308 307 306 305 0 1 ] [L1 ]
POC  312 TId: 0 ( P-SLICE, nQP 24 QP 24 )       6768 bits [Y 41.0438 dB    U 47.3262 dB    V 47.4297 dB] [ET     1 ] [L0 311 310 309 308 307 306 0 1 ] [L1 ]
POC  313 TId: 0 ( P-SLICE, nQP 24 QP 24 )       7872 bits [Y 41.2177 dB    U 48.0512 dB    V 47.7617 dB] [ET     2 ] [L0 312 311 310 309 308 307 0 1 ] [L1 ]
POC  314 TId: 0 ( P-SLICE, nQP 24 QP 24 )       8464 bits [Y 41.0352 dB    U 47.5629 dB    V 47.6243 dB] [ET     2 ] [L0 313 312 311 310 309 308 0 1 ] [L1 ]
POC  315 TId: 0 ( P-SLICE, nQP 24 QP 24 )       6520 bits [Y 40.9255 dB    U 47.6016 dB    V 47.6837 dB] [ET     3 ] [L0 314 313 312 311 310 309 0 1 ] [L1 ]
POC  316 TId: 0 ( P-SLICE, nQP 24 QP 24 )       9696 bits [Y 41.0480 dB    U 47.1167 dB    V 47.7788 dB] [ET     2 ] [L0 315 314 313 312 311 310 0 1 ] [L1 ]
POC  317 TId: 0 ( P-SLICE, nQP 24 QP 24 )       8608 bits [Y 41.0138 dB    U 47.7167 dB    V 47.0958 dB] [ET     2 ] [L0 316 315 314 313 312 311 0 1 ] [L1 ]
POC  318 TId: 0 ( P-SLICE, nQP 24 QP 24 )       7808 bits [Y 40.8436 dB    U 47.5469 dB    V 47.2689 dB] [ET     2 ] [L0 317 316 315 314 313 312 0 1 ] [L1 ]
POC  319 TId: 0 ( P-SLICE, nQP 24 QP 24 )       5032 bits [Y 40.9040 dB    U 47.7947 dB    V 47.2652 dB] [ET     1 ] [L0 318 317 316 315 314 313 0 1 ] [L1 ]
POC  320 TId: 0 ( P-SLICE, nQP 24 QP 24 )       3600 bits [Y 40.7912 dB    U 47.7884 dB    V 47.5240 dB] [ET     1 ] [L0 319 318 317 316 315 314 0 1 ] [L1 ]
POC  321 TId: 0 ( P-SLICE, nQP 24 QP 24 )       8008 bits [Y 40.8632 dB    U 47.2637 dB    V 47.7158 dB] [ET     2 ] [L0 320 319 318 317 316 315 0 1 ] [L1 ]
POC  322 TId: 0 ( P-SLICE, nQP 24 QP 24 )       4912 bits [Y 40.7476 dB    U 46.8672 dB    V 48.0302 dB] [ET     1 ] [L0 321 320 319 318 317 316 0 1 ] [L1 ]
POC  323 TId: 0 ( P-SLICE, nQP 24 QP 24 )       3640 bits [Y 41.0625 dB    U 47.1541 dB    V 48.0084 dB] [ET     1 ] [L0 322 321 320 319 318 317 0 1 ] [L1 ]
POC  324 TId: 0 ( P-SLICE, nQP 24 QP 24 )       4816 bits [Y 40.9695 dB    U 47.0140 dB    V 48.1313 dB] [ET     1 ] [L0 323 322 321 320 319 318 0 1 ] [L1 ]
POC  325 TId: 0 ( P-SLICE, nQP 24 QP 24 )       4384 bits [Y 40.8309 dB    U 46.9964 dB    V 48.1514 dB] [ET     1 ] [L0 324 323 322 321 320 319 0 1 ] [L1 ]
POC  326 TId: 0 ( P-SLICE, nQP 24 QP 24 )       4600 bits [Y 40.9953 dB    U 47.3140 dB    V 47.8571 dB] [ET     1 ] [L0 325 324 323 322 321 320 0 1 ] [L1 ]
POC  327 TId: 0 ( P-SLICE, nQP 24 QP 24 )       5376 bits [Y 40.9277 dB    U 47.2992 dB    V 47.9987 dB] [ET     2 ] [L0 326 325 324 323 322 321 0 1 ] [L1 ]
POC  328 TId: 0 ( P-SLICE, nQP 24 QP 24 )       6848 bits [Y 41.0031 dB    U 47.4459 dB    V 47.8199 dB] [ET     1 ] [L0 327 326 325 324 323 322 0 1 ] [L1 ]
POC  329 TId: 0 ( P-SLICE, nQP 24 QP 24 )       4864 bits [Y 40.8434 dB    U 47.1473 dB    V 47.9146 dB] [ET     1 ] [L0 328 327 326 325 324 323 0 1 ] [L1 ]
POC  330 TId: 0 ( P-SLICE, nQP 24 QP 24 )       2848 bits [Y 40.7412 dB    U 47.1800 dB    V 47.9414 dB] [ET     1 ] [L0 329 328 327 326 325 324 0 1 ] [L1 ]
POC  331 TId: 0 ( P-SLICE, nQP 24 QP 24 )       3056 bits [Y 40.8634 dB    U 47.2796 dB    V 47.9440 dB] [ET     1 ] [L0 330 329 328 327 326 325 0 1 ] [L1 ]
POC  332 TId: 0 ( P-SLICE, nQP 24 QP 24 )       3560 bits [Y 40.9255 dB    U 47.1044 dB    V 48.1669 dB] [ET     1 ] [L0 331 330 329 328 327 326 0 1 ] [L1 ]
POC  333 TId: 0 ( P-SLICE, nQP 24 QP 24 )       4456 bits [Y 40.8772 dB    U 47.0239 dB    V 48.1517 dB] [ET     1 ] [L0 332 331 330 329 328 327 0 1 ] [L1 ]
POC  334 TId: 0 ( P-SLICE, nQP 24 QP 24 )       3328 bits [Y 41.0429 dB    U 47.1183 dB    V 48.0878 dB] [ET     1 ] [L0 333 332 331 330 329 328 0 1 ] [L1 ]
POC  335 TId: 0 ( P-SLICE, nQP 24 QP 24 )       3864 bits [Y 41.0741 dB    U 47.0386 dB    V 47.9943 dB] [ET     1 ] [L0 334 333 332 331 330 329 0 1 ] [L1 ]
POC  336 TId: 0 ( P-SLICE, nQP 24 QP 24 )       3536 bits [Y 40.9579 dB    U 47.0126 dB    V 47.9340 dB] [ET     1 ] [L0 335 334 333 332 331 330 0 1 ] [L1 ]
POC  337 TId: 0 ( P-SLICE, nQP 24 QP 24 )       3072 bits [Y 41.1685 dB    U 47.1711 dB    V 47.9574 dB] [ET     1 ] [L0 336 335 334 333 332 331 0 1 ] [L1 ]
POC  338 TId: 0 ( P-SLICE, nQP 24 QP 24 )       5464 bits [Y 41.0061 dB    U 46.9782 dB    V 48.0046 dB] [ET     1 ] [L0 337 336 335 334 333 332 0 1 ] [L1 ]
POC  339 TId: 0 ( P-SLICE, nQP 24 QP 24 )       4216 bits [Y 40.7859 dB    U 47.4897 dB    V 48.6675 dB] [ET     1 ] [L0 338 337 336 335 334 333 0 1 ] [L1 ]
POC  340 TId: 0 ( P-SLICE, nQP 24 QP 24 )       4664 bits [Y 41.0831 dB    U 47.8429 dB    V 48.4616 dB] [ET     1 ] [L0 339 338 337 336 335 334 0 1 ] [L1 ]
POC  341 TId: 0 ( P-SLICE, nQP 24 QP 24 )       4144 bits [Y 40.9311 dB    U 47.4718 dB    V 48.5573 dB] [ET     1 ] [L0 340 339 338 337 336 335 0 1 ] [L1 ]
POC  342 TId: 0 ( P-SLICE, nQP 24 QP 24 )       6480 bits [Y 41.0144 dB    U 47.5592 dB    V 48.6015 dB] [ET     2 ] [L0 341 340 339 338 337 336 0 1 ] [L1 ]
POC  343 TId: 0 ( P-SLICE, nQP 24 QP 24 )       4424 bits [Y 40.9790 dB    U 47.7485 dB    V 48.5934 dB] [ET     1 ] [L0 342 341 340 339 338 337 0 1 ] [L1 ]
POC  344 TId: 0 ( P-SLICE, nQP 24 QP 24 )       2696 bits [Y 40.9932 dB    U 47.7181 dB    V 48.7268 dB] [ET     1 ] [L0 343 342 341 340 339 338 0 1 ] [L1 ]
POC  345 TId: 0 ( P-SLICE, nQP 24 QP 24 )       3240 bits [Y 41.0378 dB    U 47.8368 dB    V 48.8329 dB] [ET     1 ] [L0 344 343 342 341 340 339 0 1 ] [L1 ]
POC  346 TId: 0 ( P-SLICE, nQP 24 QP 24 )       3056 bits [Y 40.9013 dB    U 47.4903 dB    V 48.7669 dB] [ET     1 ] [L0 345 344 343 342 341 340 0 1 ] [L1 ]
POC  347 TId: 0 ( P-SLICE, nQP 24 QP 24 )       3392 bits [Y 41.0411 dB    U 47.5197 dB    V 48.5596 dB] [ET     1 ] [L0 346 345 344 343 342 341 0 1 ] [L1 ]
POC  348 TId: 0 ( P-SLICE, nQP 24 QP 24 )       2968 bits [Y 40.9484 dB    U 47.6892 dB    V 48.5671 dB] [ET     1 ] [L0 347 346 345 344 343 342 0 1 ] [L1 ]
POC  349 TId: 0 ( P-SLICE, nQP 24 QP 24 )       2120 bits [Y 40.9349 dB    U 47.6876 dB    V 48.5228 dB] [ET     1 ] [L0 348 347 346 345 344 343 0 1 ] [L1 ]
POC  350 TId: 0 ( P-SLICE, nQP 24 QP 24 )       2536 bits [Y 40.9177 dB    U 47.7775 dB    V 48.5834 dB] [ET     1 ] [L0 349 348 347 346 345 344 0 1 ] [L1 ]
POC  351 TId: 0 ( P-SLICE, nQP 24 QP 24 )       3336 bits [Y 41.0112 dB    U 47.5982 dB    V 48.5751 dB] [ET     2 ] [L0 350 349 348 347 346 345 0 1 ] [L1 ]
POC  352 TId: 0 ( P-SLICE, nQP 24 QP 24 )       3864 bits [Y 41.0253 dB    U 47.4532 dB    V 48.8350 dB] [ET     1 ] [L0 351 350 349 348 347 346 0 1 ] [L1 ]
POC  353 TId: 0 ( P-SLICE, nQP 24 QP 24 )       3496 bits [Y 40.9277 dB    U 47.3460 dB    V 48.8700 dB] [ET     1 ] [L0 352 351 350 349 348 347 0 1 ] [L1 ]
POC  354 TId: 0 ( P-SLICE, nQP 24 QP 24 )       3512 bits [Y 41.1091 dB    U 47.4716 dB    V 48.8810 dB] [ET     1 ] [L0 353 352 351 350 349 348 0 1 ] [L1 ]
POC  355 TId: 0 ( P-SLICE, nQP 24 QP 24 )       6328 bits [Y 41.0963 dB    U 47.6056 dB    V 48.4543 dB] [ET     2 ] [L0 354 353 352 351 350 349 0 1 ] [L1 ]
POC  356 TId: 0 ( P-SLICE, nQP 24 QP 24 )       6240 bits [Y 40.8948 dB    U 47.7719 dB    V 48.4792 dB] [ET     2 ] [L0 355 354 353 352 351 350 0 1 ] [L1 ]
POC  357 TId: 0 ( P-SLICE, nQP 24 QP 24 )       3928 bits [Y 40.6976 dB    U 47.5077 dB    V 48.4846 dB] [ET     1 ] [L0 356 355 354 353 352 351 0 1 ] [L1 ]
POC  358 TId: 0 ( P-SLICE, nQP 24 QP 24 )       7152 bits [Y 40.9615 dB    U 47.5840 dB    V 47.3249 dB] [ET     2 ] [L0 357 356 355 354 353 352 0 1 ] [L1 ]
POC  359 TId: 0 ( P-SLICE, nQP 24 QP 24 )       3512 bits [Y 40.7507 dB    U 47.4248 dB    V 47.2522 dB] [ET     1 ] [L0 358 357 356 355 354 353 0 1 ] [L1 ]
POC  360 TId: 0 ( P-SLICE, nQP 24 QP 24 )       3112 bits [Y 40.7708 dB    U 47.3634 dB    V 46.9398 dB] [ET     1 ] [L0 359 358 357 356 355 354 0 1 ] [L1 ]
POC  361 TId: 0 ( P-SLICE, nQP 24 QP 24 )       4000 bits [Y 40.7924 dB    U 47.4882 dB    V 47.4594 dB] [ET     1 ] [L0 360 359 358 357 356 355 0 1 ] [L1 ]
POC  362 TId: 0 ( P-SLICE, nQP 24 QP 24 )       3480 bits [Y 40.7464 dB    U 47.3360 dB    V 47.2830 dB] [ET     1 ] [L0 361 360 359 358 357 356 0 1 ] [L1 ]
POC  363 TId: 0 ( P-SLICE, nQP 24 QP 24 )       4368 bits [Y 40.8918 dB    U 47.3919 dB    V 47.1469 dB] [ET     1 ] [L0 362 361 360 359 358 357 0 1 ] [L1 ]
POC  364 TId: 0 ( P-SLICE, nQP 24 QP 24 )       3568 bits [Y 40.8647 dB    U 47.3613 dB    V 47.2242 dB] [ET     1 ] [L0 363 362 361 360 359 358 0 1 ] [L1 ]
POC  365 TId: 0 ( P-SLICE, nQP 24 QP 24 )       4408 bits [Y 40.7675 dB    U 47.4011 dB    V 47.2064 dB] [ET     1 ] [L0 364 363 362 361 360 359 0 1 ] [L1 ]
POC  366 TId: 0 ( P-SLICE, nQP 24 QP 24 )       2120 bits [Y 40.7943 dB    U 47.5912 dB    V 47.1695 dB] [ET     1 ] [L0 365 364 363 362 361 360 0 1 ] [L1 ]
POC  367 TId: 0 ( P-SLICE, nQP 24 QP 24 )       2160 bits [Y 40.8152 dB    U 47.8298 dB    V 47.2022 dB] [ET     1 ] [L0 366 365 364 363 362 361 0 1 ] [L1 ]
POC  368 TId: 0 ( P-SLICE, nQP 24 QP 24 )       2904 bits [Y 40.8843 dB    U 48.0150 dB    V 47.2019 dB] [ET     1 ] [L0 367 366 365 364 363 362 0 1 ] [L1 ]
POC  369 TId: 0 ( P-SLICE, nQP 24 QP 24 )       2288 bits [Y 40.8814 dB    U 47.9075 dB    V 47.2450 dB] [ET     1 ] [L0 368 367 366 365 364 363 0 1 ] [L1 ]
POC  370 TId: 0 ( P-SLICE, nQP 24 QP 24 )       3504 bits [Y 40.9486 dB    U 47.7905 dB    V 47.3332 dB] [ET     1 ] [L0 369 368 367 366 365 364 0 1 ] [L1 ]
POC  371 TId: 0 ( P-SLICE, nQP 24 QP 24 )       3000 bits [Y 40.9215 dB    U 47.7072 dB    V 47.3273 dB] [ET     1 ] [L0 370 369 368 367 366 365 0 1 ] [L1 ]
POC  372 TId: 0 ( P-SLICE, nQP 24 QP 24 )       2120 bits [Y 40.8732 dB    U 47.7087 dB    V 47.2696 dB] [ET     1 ] [L0 371 370 369 368 367 366 0 1 ] [L1 ]
POC  373 TId: 0 ( P-SLICE, nQP 24 QP 24 )       2520 bits [Y 40.8493 dB    U 47.6235 dB    V 47.4422 dB] [ET     1 ] [L0 372 371 370 369 368 367 0 1 ] [L1 ]
POC  374 TId: 0 ( P-SLICE, nQP 24 QP 24 )       2960 bits [Y 40.8889 dB    U 47.8991 dB    V 47.4383 dB] [ET     1 ] [L0 373 372 371 370 369 368 0 1 ] [L1 ]
POC  375 TId: 0 ( P-SLICE, nQP 24 QP 24 )       2336 bits [Y 41.0017 dB    U 47.9275 dB    V 47.3997 dB] [ET     1 ] [L0 374 373 372 371 370 369 0 1 ] [L1 ]
POC  376 TId: 0 ( P-SLICE, nQP 24 QP 24 )       2688 bits [Y 40.9860 dB    U 47.9781 dB    V 47.3513 dB] [ET     1 ] [L0 375 374 373 372 371 370 0 1 ] [L1 ]
POC  377 TId: 0 ( P-SLICE, nQP 24 QP 24 )       2384 bits [Y 40.9232 dB    U 47.9827 dB    V 47.4874 dB] [ET     1 ] [L0 376 375 374 373 372 371 0 1 ] [L1 ]
POC  378 TId: 0 ( P-SLICE, nQP 24 QP 24 )       2896 bits [Y 40.9747 dB    U 48.0229 dB    V 47.3460 dB] [ET     1 ] [L0 377 376 375 374 373 372 0 1 ] [L1 ]
POC  379 TId: 0 ( P-SLICE, nQP 24 QP 24 )       3032 bits [Y 41.0073 dB    U 47.9600 dB    V 47.4099 dB] [ET     1 ] [L0 378 377 376 375 374 373 0 1 ] [L1 ]
POC  380 TId: 0 ( P-SLICE, nQP 24 QP 24 )       3048 bits [Y 40.9804 dB    U 47.8501 dB    V 47.3409 dB] [ET     1 ] [L0 379 378 377 376 375 374 0 1 ] [L1 ]
POC  381 TId: 0 ( P-SLICE, nQP 24 QP 24 )       5208 bits [Y 41.1324 dB    U 48.8127 dB    V 47.7412 dB] [ET     2 ] [L0 380 379 378 377 376 375 0 1 ] [L1 ]
POC  382 TId: 0 ( P-SLICE, nQP 24 QP 24 )       6640 bits [Y 40.8395 dB    U 48.2408 dB    V 48.5270 dB] [ET     2 ] [L0 381 380 379 378 377 376 0 1 ] [L1 ]
POC  383 TId: 0 ( P-SLICE, nQP 24 QP 24 )       3464 bits [Y 40.9792 dB    U 48.5613 dB    V 48.4401 dB] [ET     1 ] [L0 382 381 380 379 378 377 0 1 ] [L1 ]
POC  384 TId: 0 ( P-SLICE, nQP 24 QP 24 )       2552 bits [Y 40.8971 dB    U 48.4750 dB    V 48.4567 dB] [ET     1 ] [L0 383 382 381 380 379 378 0 1 ] [L1 ]
POC  385 TId: 0 ( P-SLICE, nQP 24 QP 24 )       2696 bits [Y 40.8408 dB    U 48.1955 dB    V 48.4261 dB] [ET     1 ] [L0 384 383 382 381 380 379 0 1 ] [L1 ]
POC  386 TId: 0 ( P-SLICE, nQP 24 QP 24 )       2968 bits [Y 40.9508 dB    U 48.5553 dB    V 48.3638 dB] [ET     1 ] [L0 385 384 383 382 381 380 0 1 ] [L1 ]
POC  387 TId: 0 ( P-SLICE, nQP 24 QP 24 )       2552 bits [Y 40.9842 dB    U 48.8430 dB    V 48.4455 dB] [ET     1 ] [L0 386 385 384 383 382 381 0 1 ] [L1 ]
POC  388 TId: 0 ( P-SLICE, nQP 24 QP 24 )       3584 bits [Y 40.9787 dB    U 48.7099 dB    V 48.5937 dB] [ET     1 ] [L0 387 386 385 384 383 382 0 1 ] [L1 ]
POC  389 TId: 0 ( P-SLICE, nQP 24 QP 24 )       2136 bits [Y 40.8884 dB    U 48.5079 dB    V 48.5176 dB] [ET     1 ] [L0 388 387 386 385 384 383 0 1 ] [L1 ]
POC  390 TId: 0 ( P-SLICE, nQP 24 QP 24 )       3464 bits [Y 41.0807 dB    U 48.6379 dB    V 48.4890 dB] [ET     1 ] [L0 389 388 387 386 385 384 0 1 ] [L1 ]
POC  391 TId: 0 ( P-SLICE, nQP 24 QP 24 )       4304 bits [Y 41.1350 dB    U 48.4387 dB    V 48.5245 dB] [ET     1 ] [L0 390 389 388 387 386 385 0 1 ] [L1 ]
POC  392 TId: 0 ( P-SLICE, nQP 24 QP 24 )       3952 bits [Y 41.0425 dB    U 48.2862 dB    V 48.6326 dB] [ET     1 ] [L0 391 390 389 388 387 386 0 1 ] [L1 ]
POC  393 TId: 0 ( P-SLICE, nQP 24 QP 24 )       3304 bits [Y 41.1638 dB    U 48.6197 dB    V 48.5942 dB] [ET     1 ] [L0 392 391 390 389 388 387 0 1 ] [L1 ]
POC  394 TId: 0 ( P-SLICE, nQP 24 QP 24 )       2688 bits [Y 41.1066 dB    U 48.5916 dB    V 48.5419 dB] [ET     1 ] [L0 393 392 391 390 389 388 0 1 ] [L1 ]
POC  395 TId: 0 ( P-SLICE, nQP 24 QP 24 )       2880 bits [Y 41.1816 dB    U 48.7445 dB    V 48.3514 dB] [ET     1 ] [L0 394 393 392 391 390 389 0 1 ] [L1 ]
POC  396 TId: 0 ( P-SLICE, nQP 24 QP 24 )       3376 bits [Y 41.0134 dB    U 48.3154 dB    V 48.4919 dB] [ET     1 ] [L0 395 394 393 392 391 390 0 1 ] [L1 ]
POC  397 TId: 0 ( P-SLICE, nQP 24 QP 24 )       4280 bits [Y 41.2652 dB    U 48.4224 dB    V 48.3232 dB] [ET     1 ] [L0 396 395 394 393 392 391 0 1 ] [L1 ]
POC  398 TId: 0 ( P-SLICE, nQP 24 QP 24 )       3768 bits [Y 41.1666 dB    U 48.3121 dB    V 48.4147 dB] [ET     1 ] [L0 397 396 395 394 393 392 0 1 ] [L1 ]
POC  399 TId: 0 ( P-SLICE, nQP 24 QP 24 )       2384 bits [Y 40.9575 dB    U 48.3163 dB    V 48.3837 dB] [ET     1 ] [L0 398 397 396 395 394 393 0 1 ] [L1 ]
POC  400 TId: 0 ( P-SLICE, nQP 24 QP 24 )       2976 bits [Y 41.1330 dB    U 48.4986 dB    V 48.3055 dB] [ET     1 ] [L0 399 398 397 396 395 394 0 1 ] [L1 ]
POC  401 TId: 0 ( P-SLICE, nQP 24 QP 24 )       2440 bits [Y 41.0763 dB    U 48.5257 dB    V 48.2806 dB] [ET     1 ] [L0 400 399 398 397 396 395 0 1 ] [L1 ]
POC  402 TId: 0 ( P-SLICE, nQP 24 QP 24 )       3424 bits [Y 41.0256 dB    U 48.3938 dB    V 48.5536 dB] [ET     1 ] [L0 401 400 399 398 397 396 0 1 ] [L1 ]
POC  403 TId: 0 ( P-SLICE, nQP 24 QP 24 )       2488 bits [Y 40.9310 dB    U 48.1496 dB    V 48.5768 dB] [ET     1 ] [L0 402 401 400 399 398 397 0 1 ] [L1 ]
POC  404 TId: 0 ( P-SLICE, nQP 24 QP 24 )       1576 bits [Y 41.0212 dB    U 48.3223 dB    V 48.5688 dB] [ET     1 ] [L0 403 402 401 400 399 398 0 1 ] [L1 ]
POC  405 TId: 0 ( P-SLICE, nQP 24 QP 24 )       2896 bits [Y 41.0130 dB    U 48.2724 dB    V 48.6512 dB] [ET     1 ] [L0 404 403 402 401 400 399 0 1 ] [L1 ]
POC  406 TId: 0 ( P-SLICE, nQP 24 QP 24 )       4624 bits [Y 40.9972 dB    U 47.9529 dB    V 48.6118 dB] [ET     1 ] [L0 405 404 403 402 401 400 0 1 ] [L1 ]
POC  407 TId: 0 ( P-SLICE, nQP 24 QP 24 )       3520 bits [Y 41.1086 dB    U 48.2977 dB    V 48.5989 dB] [ET     1 ] [L0 406 405 404 403 402 401 0 1 ] [L1 ]
POC  408 TId: 0 ( P-SLICE, nQP 24 QP 24 )       5264 bits [Y 41.1444 dB    U 47.9178 dB    V 48.6047 dB] [ET     1 ] [L0 407 406 405 404 403 402 0 1 ] [L1 ]
POC  409 TId: 0 ( P-SLICE, nQP 24 QP 24 )       2112 bits [Y 40.9629 dB    U 47.8650 dB    V 48.5416 dB] [ET     1 ] [L0 408 407 406 405 404 403 0 1 ] [L1 ]
POC  410 TId: 0 ( P-SLICE, nQP 24 QP 24 )       2400 bits [Y 41.1311 dB    U 48.4567 dB    V 48.5102 dB] [ET     1 ] [L0 409 408 407 406 405 404 0 1 ] [L1 ]
POC  411 TId: 0 ( P-SLICE, nQP 24 QP 24 )       2384 bits [Y 41.0435 dB    U 48.3727 dB    V 48.6179 dB] [ET     1 ] [L0 410 409 408 407 406 405 0 1 ] [L1 ]
POC  412 TId: 0 ( P-SLICE, nQP 24 QP 24 )       2192 bits [Y 41.0959 dB    U 48.2657 dB    V 48.5801 dB] [ET     1 ] [L0 411 410 409 408 407 406 0 1 ] [L1 ]
POC  413 TId: 0 ( P-SLICE, nQP 24 QP 24 )       3168 bits [Y 41.0092 dB    U 47.9783 dB    V 48.5818 dB] [ET     1 ] [L0 412 411 410 409 408 407 0 1 ] [L1 ]
POC  414 TId: 0 ( P-SLICE, nQP 24 QP 24 )       2384 bits [Y 41.0482 dB    U 48.1103 dB    V 48.6290 dB] [ET     1 ] [L0 413 412 411 410 409 408 0 1 ] [L1 ]
POC  415 TId: 0 ( P-SLICE, nQP 24 QP 24 )       2808 bits [Y 41.1180 dB    U 48.3048 dB    V 48.5248 dB] [ET     1 ] [L0 414 413 412 411 410 409 0 1 ] [L1 ]
POC  416 TId: 0 ( P-SLICE, nQP 24 QP 24 )       1920 bits [Y 41.0297 dB    U 48.2375 dB    V 48.4851 dB] [ET     1 ] [L0 415 414 413 412 411 410 0 1 ] [L1 ]
POC  417 TId: 0 ( P-SLICE, nQP 24 QP 24 )       2576 bits [Y 41.0388 dB    U 48.0610 dB    V 48.5713 dB] [ET     1 ] [L0 416 415 414 413 412 411 0 1 ] [L1 ]
POC  418 TId: 0 ( P-SLICE, nQP 24 QP 24 )       2656 bits [Y 41.1724 dB    U 48.3641 dB    V 48.6903 dB] [ET     1 ] [L0 417 416 415 414 413 412 0 1 ] [L1 ]
POC  419 TId: 0 ( P-SLICE, nQP 24 QP 24 )       2416 bits [Y 41.1006 dB    U 48.4873 dB    V 48.6708 dB] [ET     1 ] [L0 418 417 416 415 414 413 0 1 ] [L1 ]
POC  420 TId: 0 ( P-SLICE, nQP 24 QP 24 )       2128 bits [Y 41.1001 dB    U 48.5959 dB    V 48.6356 dB] [ET     1 ] [L0 419 418 417 416 415 414 0 1 ] [L1 ]
POC  421 TId: 0 ( P-SLICE, nQP 24 QP 24 )       2296 bits [Y 41.0361 dB    U 48.4251 dB    V 48.7156 dB] [ET     1 ] [L0 420 419 418 417 416 415 0 1 ] [L1 ]
POC  422 TId: 0 ( P-SLICE, nQP 24 QP 24 )       2648 bits [Y 41.0279 dB    U 48.3102 dB    V 48.5233 dB] [ET     1 ] [L0 421 420 419 418 417 416 0 1 ] [L1 ]
POC  423 TId: 0 ( P-SLICE, nQP 24 QP 24 )       1976 bits [Y 41.1236 dB    U 48.2729 dB    V 48.4560 dB] [ET     1 ] [L0 422 421 420 419 418 417 0 1 ] [L1 ]
POC  424 TId: 0 ( P-SLICE, nQP 24 QP 24 )       2792 bits [Y 41.0942 dB    U 48.2862 dB    V 48.5040 dB] [ET     1 ] [L0 423 422 421 420 419 418 0 1 ] [L1 ]
POC  425 TId: 0 ( P-SLICE, nQP 24 QP 24 )       2184 bits [Y 41.0754 dB    U 48.2846 dB    V 48.4137 dB] [ET     1 ] [L0 424 423 422 421 420 419 0 1 ] [L1 ]
POC  426 TId: 0 ( P-SLICE, nQP 24 QP 24 )       2520 bits [Y 41.1834 dB    U 48.3182 dB    V 48.5302 dB] [ET     1 ] [L0 425 424 423 422 421 420 0 1 ] [L1 ]
POC  427 TId: 0 ( P-SLICE, nQP 24 QP 24 )       2536 bits [Y 41.2186 dB    U 48.0883 dB    V 48.6169 dB] [ET     1 ] [L0 426 425 424 423 422 421 0 1 ] [L1 ]
POC  428 TId: 0 ( P-SLICE, nQP 24 QP 24 )       2848 bits [Y 41.1461 dB    U 47.9275 dB    V 48.7832 dB] [ET     1 ] [L0 427 426 425 424 423 422 0 1 ] [L1 ]
POC  429 TId: 0 ( P-SLICE, nQP 24 QP 24 )       4040 bits [Y 41.1402 dB    U 48.3971 dB    V 48.8638 dB] [ET     1 ] [L0 428 427 426 425 424 423 0 1 ] [L1 ]
POC  430 TId: 0 ( P-SLICE, nQP 24 QP 24 )       5944 bits [Y 41.0111 dB    U 48.0390 dB    V 48.7518 dB] [ET     1 ] [L0 429 428 427 426 425 424 0 1 ] [L1 ]
POC  431 TId: 0 ( P-SLICE, nQP 24 QP 24 )       4776 bits [Y 41.0346 dB    U 48.0185 dB    V 48.7507 dB] [ET     1 ] [L0 430 429 428 427 426 425 0 1 ] [L1 ]
POC  432 TId: 0 ( P-SLICE, nQP 24 QP 24 )       4800 bits [Y 41.1224 dB    U 47.8346 dB    V 48.8096 dB] [ET     1 ] [L0 431 430 429 428 427 426 0 1 ] [L1 ]
POC  433 TId: 0 ( P-SLICE, nQP 24 QP 24 )       5344 bits [Y 41.1582 dB    U 47.9934 dB    V 48.6499 dB] [ET     1 ] [L0 432 431 430 429 428 427 0 1 ] [L1 ]
POC  434 TId: 0 ( P-SLICE, nQP 24 QP 24 )       4640 bits [Y 41.1660 dB    U 47.7027 dB    V 48.8929 dB] [ET     1 ] [L0 433 432 431 430 429 428 0 1 ] [L1 ]
POC  435 TId: 0 ( P-SLICE, nQP 24 QP 24 )       4632 bits [Y 41.1891 dB    U 47.9934 dB    V 48.8425 dB] [ET     1 ] [L0 434 433 432 431 430 429 0 1 ] [L1 ]
POC  436 TId: 0 ( P-SLICE, nQP 24 QP 24 )       4016 bits [Y 41.1139 dB    U 47.9884 dB    V 48.9343 dB] [ET     1 ] [L0 435 434 433 432 431 430 0 1 ] [L1 ]
POC  437 TId: 0 ( P-SLICE, nQP 24 QP 24 )       3504 bits [Y 41.0519 dB    U 47.9150 dB    V 49.0395 dB] [ET     1 ] [L0 436 435 434 433 432 431 0 1 ] [L1 ]
POC  438 TId: 0 ( P-SLICE, nQP 24 QP 24 )       3760 bits [Y 41.1153 dB    U 48.2890 dB    V 48.9938 dB] [ET     1 ] [L0 437 436 435 434 433 432 0 1 ] [L1 ]
POC  439 TId: 0 ( P-SLICE, nQP 24 QP 24 )       3224 bits [Y 41.1008 dB    U 48.0666 dB    V 49.0460 dB] [ET     1 ] [L0 438 437 436 435 434 433 0 1 ] [L1 ]
POC  440 TId: 0 ( P-SLICE, nQP 24 QP 24 )       4304 bits [Y 41.0028 dB    U 47.8882 dB    V 48.9916 dB] [ET     1 ] [L0 439 438 437 436 435 434 0 1 ] [L1 ]
POC  441 TId: 0 ( P-SLICE, nQP 24 QP 24 )       4224 bits [Y 41.1009 dB    U 48.2902 dB    V 49.0768 dB] [ET     1 ] [L0 440 439 438 437 436 435 0 1 ] [L1 ]
POC  442 TId: 0 ( P-SLICE, nQP 24 QP 24 )       5440 bits [Y 40.9962 dB    U 47.8216 dB    V 49.0993 dB] [ET     1 ] [L0 441 440 439 438 437 436 0 1 ] [L1 ]
POC  443 TId: 0 ( P-SLICE, nQP 24 QP 24 )       3992 bits [Y 41.0869 dB    U 48.3218 dB    V 49.1588 dB] [ET     1 ] [L0 442 441 440 439 438 437 0 1 ] [L1 ]
POC  444 TId: 0 ( P-SLICE, nQP 24 QP 24 )       3296 bits [Y 41.1021 dB    U 48.1697 dB    V 49.2436 dB] [ET     1 ] [L0 443 442 441 440 439 438 0 1 ] [L1 ]
POC  445 TId: 0 ( P-SLICE, nQP 24 QP 24 )       4560 bits [Y 41.0101 dB    U 48.2559 dB    V 49.2119 dB] [ET     1 ] [L0 444 443 442 441 440 439 0 1 ] [L1 ]
POC  446 TId: 0 ( P-SLICE, nQP 24 QP 24 )       2488 bits [Y 41.0658 dB    U 48.7074 dB    V 49.1850 dB] [ET     1 ] [L0 445 444 443 442 441 440 0 1 ] [L1 ]
POC  447 TId: 0 ( P-SLICE, nQP 24 QP 24 )       2896 bits [Y 41.0848 dB    U 48.4195 dB    V 49.2078 dB] [ET     1 ] [L0 446 445 444 443 442 441 0 1 ] [L1 ]
POC  448 TId: 0 ( P-SLICE, nQP 24 QP 24 )       3728 bits [Y 40.9807 dB    U 48.2003 dB    V 49.2630 dB] [ET     1 ] [L0 447 446 445 444 443 442 0 1 ] [L1 ]
POC  449 TId: 0 ( P-SLICE, nQP 24 QP 24 )       3616 bits [Y 41.0878 dB    U 48.4462 dB    V 49.4159 dB] [ET     1 ] [L0 448 447 446 445 444 443 0 1 ] [L1 ]
POC  450 TId: 0 ( P-SLICE, nQP 24 QP 24 )       3888 bits [Y 41.0625 dB    U 48.5109 dB    V 49.2889 dB] [ET     1 ] [L0 449 448 447 446 445 444 0 1 ] [L1 ]
POC  451 TId: 0 ( P-SLICE, nQP 24 QP 24 )       3328 bits [Y 41.0343 dB    U 48.4426 dB    V 49.1954 dB] [ET     1 ] [L0 450 449 448 447 446 445 0 1 ] [L1 ]
POC  452 TId: 0 ( P-SLICE, nQP 24 QP 24 )       4600 bits [Y 41.0710 dB    U 48.5854 dB    V 49.3730 dB] [ET     1 ] [L0 451 450 449 448 447 446 0 1 ] [L1 ]
POC  453 TId: 0 ( P-SLICE, nQP 24 QP 24 )       3768 bits [Y 41.1493 dB    U 48.4496 dB    V 49.2921 dB] [ET     1 ] [L0 452 451 450 449 448 447 0 1 ] [L1 ]
POC  454 TId: 0 ( P-SLICE, nQP 24 QP 24 )       3400 bits [Y 41.0320 dB    U 48.4667 dB    V 49.3069 dB] [ET     1 ] [L0 453 452 451 450 449 448 0 1 ] [L1 ]
POC  455 TId: 0 ( P-SLICE, nQP 24 QP 24 )       3248 bits [Y 41.1548 dB    U 48.5067 dB    V 49.2992 dB] [ET     1 ] [L0 454 453 452 451 450 449 0 1 ] [L1 ]
POC  456 TId: 0 ( P-SLICE, nQP 24 QP 24 )       3512 bits [Y 41.1918 dB    U 48.3322 dB    V 49.2006 dB] [ET     1 ] [L0 455 454 453 452 451 450 0 1 ] [L1 ]
POC  457 TId: 0 ( P-SLICE, nQP 24 QP 24 )       4104 bits [Y 41.0913 dB    U 48.3156 dB    V 49.2180 dB] [ET     1 ] [L0 456 455 454 453 452 451 0 1 ] [L1 ]
POC  458 TId: 0 ( P-SLICE, nQP 24 QP 24 )       3288 bits [Y 41.1489 dB    U 48.4887 dB    V 49.2317 dB] [ET     1 ] [L0 457 456 455 454 453 452 0 1 ] [L1 ]
POC  459 TId: 0 ( P-SLICE, nQP 24 QP 24 )       4056 bits [Y 41.1677 dB    U 48.5909 dB    V 49.3522 dB] [ET     1 ] [L0 458 457 456 455 454 453 0 1 ] [L1 ]
POC  460 TId: 0 ( P-SLICE, nQP 24 QP 24 )       3552 bits [Y 41.1365 dB    U 48.4966 dB    V 49.3510 dB] [ET     1 ] [L0 459 458 457 456 455 454 0 1 ] [L1 ]
POC  461 TId: 0 ( P-SLICE, nQP 24 QP 24 )       2952 bits [Y 41.0816 dB    U 48.2155 dB    V 49.3841 dB] [ET     1 ] [L0 460 459 458 457 456 455 0 1 ] [L1 ]
POC  462 TId: 0 ( P-SLICE, nQP 24 QP 24 )       2704 bits [Y 41.1391 dB    U 48.3621 dB    V 49.2547 dB] [ET     1 ] [L0 461 460 459 458 457 456 0 1 ] [L1 ]
POC  463 TId: 0 ( P-SLICE, nQP 24 QP 24 )       2584 bits [Y 41.0896 dB    U 48.3414 dB    V 49.1934 dB] [ET     1 ] [L0 462 461 460 459 458 457 0 1 ] [L1 ]
POC  464 TId: 0 ( P-SLICE, nQP 24 QP 24 )       2672 bits [Y 41.0975 dB    U 48.2493 dB    V 49.2703 dB] [ET     1 ] [L0 463 462 461 460 459 458 0 1 ] [L1 ]
POC  465 TId: 0 ( P-SLICE, nQP 24 QP 24 )       3056 bits [Y 41.1545 dB    U 48.0280 dB    V 49.1890 dB] [ET     1 ] [L0 464 463 462 461 460 459 0 1 ] [L1 ]
POC  466 TId: 0 ( P-SLICE, nQP 24 QP 24 )       2616 bits [Y 41.1839 dB    U 48.2174 dB    V 49.2162 dB] [ET     1 ] [L0 465 464 463 462 461 460 0 1 ] [L1 ]
POC  467 TId: 0 ( P-SLICE, nQP 24 QP 24 )       4264 bits [Y 41.1694 dB    U 48.1401 dB    V 49.2006 dB] [ET     1 ] [L0 466 465 464 463 462 461 0 1 ] [L1 ]
POC  468 TId: 0 ( P-SLICE, nQP 24 QP 24 )       4424 bits [Y 41.0206 dB    U 48.1829 dB    V 49.1402 dB] [ET     1 ] [L0 467 466 465 464 463 462 0 1 ] [L1 ]
POC  469 TId: 0 ( P-SLICE, nQP 24 QP 24 )       2552 bits [Y 41.0907 dB    U 48.3055 dB    V 49.0996 dB] [ET     1 ] [L0 468 467 466 465 464 463 0 1 ] [L1 ]
POC  470 TId: 0 ( P-SLICE, nQP 24 QP 24 )       5312 bits [Y 41.1058 dB    U 48.5218 dB    V 48.9635 dB] [ET     1 ] [L0 469 468 467 466 465 464 0 1 ] [L1 ]
POC  471 TId: 0 ( P-SLICE, nQP 24 QP 24 )       4048 bits [Y 41.0994 dB    U 48.4750 dB    V 48.8481 dB] [ET     1 ] [L0 470 469 468 467 466 465 0 1 ] [L1 ]
POC  472 TId: 0 ( P-SLICE, nQP 24 QP 24 )       4664 bits [Y 41.1948 dB    U 48.5449 dB    V 48.8451 dB] [ET     1 ] [L0 471 470 469 468 467 466 0 1 ] [L1 ]
POC  473 TId: 0 ( P-SLICE, nQP 24 QP 24 )       5144 bits [Y 40.9660 dB    U 48.5871 dB    V 48.9185 dB] [ET     1 ] [L0 472 471 470 469 468 467 0 1 ] [L1 ]
POC  474 TId: 0 ( P-SLICE, nQP 24 QP 24 )       4736 bits [Y 41.0457 dB    U 48.6837 dB    V 48.9066 dB] [ET     1 ] [L0 473 472 471 470 469 468 0 1 ] [L1 ]
POC  475 TId: 0 ( P-SLICE, nQP 24 QP 24 )       4960 bits [Y 40.9641 dB    U 48.4489 dB    V 48.8510 dB] [ET     1 ] [L0 474 473 472 471 470 469 0 1 ] [L1 ]
POC  476 TId: 0 ( P-SLICE, nQP 24 QP 24 )       2768 bits [Y 40.8928 dB    U 48.3152 dB    V 48.9526 dB] [ET     1 ] [L0 475 474 473 472 471 470 0 1 ] [L1 ]
POC  477 TId: 0 ( P-SLICE, nQP 24 QP 24 )       4216 bits [Y 41.0538 dB    U 48.6032 dB    V 48.9213 dB] [ET     1 ] [L0 476 475 474 473 472 471 0 1 ] [L1 ]
POC  478 TId: 0 ( P-SLICE, nQP 24 QP 24 )       4656 bits [Y 41.0671 dB    U 48.2636 dB    V 48.9979 dB] [ET     2 ] [L0 477 476 475 474 473 472 0 1 ] [L1 ]
POC  479 TId: 0 ( P-SLICE, nQP 24 QP 24 )       5088 bits [Y 41.2006 dB    U 48.0784 dB    V 48.9624 dB] [ET     1 ] [L0 478 477 476 475 474 473 0 1 ] [L1 ]
POC  480 TId: 0 ( P-SLICE, nQP 24 QP 24 )       3224 bits [Y 41.2233 dB    U 48.0189 dB    V 49.0376 dB] [ET     1 ] [L0 479 478 477 476 475 474 0 1 ] [L1 ]
POC  481 TId: 0 ( P-SLICE, nQP 24 QP 24 )       2472 bits [Y 41.1040 dB    U 48.0537 dB    V 48.9885 dB] [ET     2 ] [L0 480 479 478 477 476 475 0 1 ] [L1 ]
POC  482 TId: 0 ( P-SLICE, nQP 24 QP 24 )       3368 bits [Y 41.1687 dB    U 48.2846 dB    V 48.9830 dB] [ET     1 ] [L0 481 480 479 478 477 476 0 1 ] [L1 ]
POC  483 TId: 0 ( P-SLICE, nQP 24 QP 24 )       4616 bits [Y 41.1053 dB    U 48.2029 dB    V 48.8840 dB] [ET     1 ] [L0 482 481 480 479 478 477 0 1 ] [L1 ]
POC  484 TId: 0 ( P-SLICE, nQP 24 QP 24 )       5264 bits [Y 41.0302 dB    U 48.3147 dB    V 48.8660 dB] [ET     1 ] [L0 483 482 481 480 479 478 0 1 ] [L1 ]
POC  485 TId: 0 ( P-SLICE, nQP 24 QP 24 )       4224 bits [Y 40.9271 dB    U 48.5798 dB    V 48.8268 dB] [ET     1 ] [L0 484 483 482 481 480 479 0 1 ] [L1 ]
POC  486 TId: 0 ( P-SLICE, nQP 24 QP 24 )       3920 bits [Y 40.8751 dB    U 48.6285 dB    V 48.6991 dB] [ET     1 ] [L0 485 484 483 482 481 480 0 1 ] [L1 ]
POC  487 TId: 0 ( P-SLICE, nQP 24 QP 24 )       5008 bits [Y 41.0045 dB    U 48.4851 dB    V 48.9739 dB] [ET     1 ] [L0 486 485 484 483 482 481 0 1 ] [L1 ]
POC  488 TId: 0 ( P-SLICE, nQP 24 QP 24 )       2864 bits [Y 40.8766 dB    U 48.5974 dB    V 48.9310 dB] [ET     1 ] [L0 487 486 485 484 483 482 0 1 ] [L1 ]
POC  489 TId: 0 ( P-SLICE, nQP 24 QP 24 )       2216 bits [Y 40.9611 dB    U 48.8705 dB    V 49.0023 dB] [ET     1 ] [L0 488 487 486 485 484 483 0 1 ] [L1 ]
POC  490 TId: 0 ( P-SLICE, nQP 24 QP 24 )       2136 bits [Y 40.9947 dB    U 48.7307 dB    V 49.0810 dB] [ET     1 ] [L0 489 488 487 486 485 484 0 1 ] [L1 ]
POC  491 TId: 0 ( P-SLICE, nQP 24 QP 24 )       2640 bits [Y 41.0921 dB    U 48.7913 dB    V 48.9811 dB] [ET     1 ] [L0 490 489 488 487 486 485 0 1 ] [L1 ]
POC  492 TId: 0 ( P-SLICE, nQP 24 QP 24 )       2792 bits [Y 40.8406 dB    U 48.4135 dB    V 49.1067 dB] [ET     1 ] [L0 491 490 489 488 487 486 0 1 ] [L1 ]
POC  493 TId: 0 ( P-SLICE, nQP 24 QP 24 )       1864 bits [Y 40.9585 dB    U 48.6667 dB    V 48.9885 dB] [ET     1 ] [L0 492 491 490 489 488 487 0 1 ] [L1 ]
POC  494 TId: 0 ( P-SLICE, nQP 24 QP 24 )       2432 bits [Y 41.0306 dB    U 48.6118 dB    V 48.9685 dB] [ET     1 ] [L0 493 492 491 490 489 488 0 1 ] [L1 ]
POC  495 TId: 0 ( P-SLICE, nQP 24 QP 24 )       2560 bits [Y 41.0031 dB    U 48.8170 dB    V 48.9329 dB] [ET     1 ] [L0 494 493 492 491 490 489 0 1 ] [L1 ]
POC  496 TId: 0 ( P-SLICE, nQP 24 QP 24 )       2256 bits [Y 40.9700 dB    U 48.6501 dB    V 48.8727 dB] [ET     1 ] [L0 495 494 493 492 491 490 0 1 ] [L1 ]
POC  497 TId: 0 ( P-SLICE, nQP 24 QP 24 )       2472 bits [Y 41.0729 dB    U 48.7330 dB    V 48.9411 dB] [ET     1 ] [L0 496 495 494 493 492 491 0 1 ] [L1 ]
POC  498 TId: 0 ( P-SLICE, nQP 24 QP 24 )       2536 bits [Y 40.9824 dB    U 48.7278 dB    V 49.0418 dB] [ET     1 ] [L0 497 496 495 494 493 492 0 1 ] [L1 ]
POC  499 TId: 0 ( P-SLICE, nQP 24 QP 24 )       2296 bits [Y 41.0877 dB    U 48.8679 dB    V 49.0021 dB] [ET     1 ] [L0 498 497 496 495 494 493 0 1 ] [L1 ]
POC  500 TId: 0 ( P-SLICE, nQP 24 QP 24 )       2304 bits [Y 40.9529 dB    U 48.6002 dB    V 49.0813 dB] [ET     1 ] [L0 499 498 497 496 495 494 0 1 ] [L1 ]
POC  501 TId: 0 ( P-SLICE, nQP 24 QP 24 )       2616 bits [Y 41.1452 dB    U 48.7092 dB    V 48.8912 dB] [ET     1 ] [L0 500 499 498 497 496 495 0 1 ] [L1 ]
POC  502 TId: 0 ( P-SLICE, nQP 24 QP 24 )       1736 bits [Y 41.1048 dB    U 48.6716 dB    V 48.9800 dB] [ET     1 ] [L0 501 500 499 498 497 496 0 1 ] [L1 ]
POC  503 TId: 0 ( P-SLICE, nQP 24 QP 24 )       1944 bits [Y 41.0767 dB    U 48.8332 dB    V 48.9825 dB] [ET     1 ] [L0 502 501 500 499 498 497 0 1 ] [L1 ]
POC  504 TId: 0 ( P-SLICE, nQP 24 QP 24 )       2728 bits [Y 41.0148 dB    U 48.7620 dB    V 48.9805 dB] [ET     1 ] [L0 503 502 501 500 499 498 0 1 ] [L1 ]
POC  505 TId: 0 ( P-SLICE, nQP 24 QP 24 )       3536 bits [Y 41.1097 dB    U 48.8497 dB    V 49.0476 dB] [ET     1 ] [L0 504 503 502 501 500 499 0 1 ] [L1 ]
POC  506 TId: 0 ( P-SLICE, nQP 24 QP 24 )       1392 bits [Y 41.0999 dB    U 48.7172 dB    V 48.9949 dB] [ET     2 ] [L0 505 504 503 502 501 500 0 1 ] [L1 ]
POC  507 TId: 0 ( P-SLICE, nQP 24 QP 24 )       2536 bits [Y 40.9833 dB    U 48.8588 dB    V 48.8950 dB] [ET     1 ] [L0 506 505 504 503 502 501 0 1 ] [L1 ]
POC  508 TId: 0 ( P-SLICE, nQP 24 QP 24 )       2680 bits [Y 40.9337 dB    U 48.9213 dB    V 48.8518 dB] [ET     1 ] [L0 507 506 505 504 503 502 0 1 ] [L1 ]
POC  509 TId: 0 ( P-SLICE, nQP 24 QP 24 )       2232 bits [Y 41.0752 dB    U 48.7260 dB    V 48.8644 dB] [ET     1 ] [L0 508 507 506 505 504 503 0 1 ] [L1 ]
POC  510 TId: 0 ( P-SLICE, nQP 24 QP 24 )       2664 bits [Y 41.0521 dB    U 48.6970 dB    V 48.9493 dB] [ET     1 ] [L0 509 508 507 506 505 504 0 1 ] [L1 ]
POC  511 TId: 0 ( P-SLICE, nQP 24 QP 24 )       2136 bits [Y 41.0951 dB    U 48.8534 dB    V 48.9479 dB] [ET     1 ] [L0 510 509 508 507 506 505 0 1 ] [L1 ]
POC  512 TId: 0 ( P-SLICE, nQP 24 QP 24 )       3448 bits [Y 40.9824 dB    U 48.6788 dB    V 49.0384 dB] [ET     1 ] [L0 511 510 509 508 507 506 0 1 ] [L1 ]
POC  513 TId: 0 ( P-SLICE, nQP 24 QP 24 )       3752 bits [Y 40.9442 dB    U 48.6306 dB    V 49.1206 dB] [ET     1 ] [L0 512 511 510 509 508 507 0 1 ] [L1 ]
POC  514 TId: 0 ( P-SLICE, nQP 24 QP 24 )       3304 bits [Y 40.9261 dB    U 48.5984 dB    V 49.0759 dB] [ET     1 ] [L0 513 512 511 510 509 508 0 1 ] [L1 ]
POC  515 TId: 0 ( P-SLICE, nQP 24 QP 24 )       3368 bits [Y 40.9290 dB    U 48.6849 dB    V 49.1175 dB] [ET     1 ] [L0 514 513 512 511 510 509 0 1 ] [L1 ]
POC  516 TId: 0 ( P-SLICE, nQP 24 QP 24 )       3264 bits [Y 41.0172 dB    U 48.7701 dB    V 49.1445 dB] [ET     1 ] [L0 515 514 513 512 511 510 0 1 ] [L1 ]
POC  517 TId: 0 ( P-SLICE, nQP 24 QP 24 )       5208 bits [Y 41.0298 dB    U 48.8713 dB    V 49.1420 dB] [ET     1 ] [L0 516 515 514 513 512 511 0 1 ] [L1 ]
POC  518 TId: 0 ( P-SLICE, nQP 24 QP 24 )       4600 bits [Y 40.9015 dB    U 48.8964 dB    V 49.2194 dB] [ET     1 ] [L0 517 516 515 514 513 512 0 1 ] [L1 ]
POC  519 TId: 0 ( P-SLICE, nQP 24 QP 24 )       4048 bits [Y 40.9096 dB    U 48.9916 dB    V 49.1152 dB] [ET     1 ] [L0 518 517 516 515 514 513 0 1 ] [L1 ]
POC  520 TId: 0 ( P-SLICE, nQP 24 QP 24 )       3784 bits [Y 40.8485 dB    U 48.7315 dB    V 49.1232 dB] [ET     1 ] [L0 519 518 517 516 515 514 0 1 ] [L1 ]
POC  521 TId: 0 ( P-SLICE, nQP 24 QP 24 )       2368 bits [Y 40.7765 dB    U 48.7497 dB    V 49.0765 dB] [ET     1 ] [L0 520 519 518 517 516 515 0 1 ] [L1 ]
POC  522 TId: 0 ( P-SLICE, nQP 24 QP 24 )       3128 bits [Y 41.0257 dB    U 48.6898 dB    V 49.1354 dB] [ET     1 ] [L0 521 520 519 518 517 516 0 1 ] [L1 ]
POC  523 TId: 0 ( P-SLICE, nQP 24 QP 24 )       3160 bits [Y 40.9914 dB    U 48.6349 dB    V 49.1471 dB] [ET     1 ] [L0 522 521 520 519 518 517 0 1 ] [L1 ]
POC  524 TId: 0 ( P-SLICE, nQP 24 QP 24 )       2752 bits [Y 40.9782 dB    U 48.5382 dB    V 49.1634 dB] [ET     1 ] [L0 523 522 521 520 519 518 0 1 ] [L1 ]
POC  525 TId: 0 ( P-SLICE, nQP 24 QP 24 )       2480 bits [Y 40.8745 dB    U 48.3320 dB    V 49.1428 dB] [ET     1 ] [L0 524 523 522 521 520 519 0 1 ] [L1 ]
POC  526 TId: 0 ( P-SLICE, nQP 24 QP 24 )       2520 bits [Y 41.0176 dB    U 48.5818 dB    V 49.2349 dB] [ET     1 ] [L0 525 524 523 522 521 520 0 1 ] [L1 ]
POC  527 TId: 0 ( P-SLICE, nQP 24 QP 24 )       4856 bits [Y 41.0871 dB    U 48.3655 dB    V 48.9414 dB] [ET     1 ] [L0 526 525 524 523 522 521 0 1 ] [L1 ]
POC  528 TId: 0 ( P-SLICE, nQP 24 QP 24 )       3768 bits [Y 40.8901 dB    U 48.2956 dB    V 48.8663 dB] [ET     1 ] [L0 527 526 525 524 523 522 0 1 ] [L1 ]
POC  529 TId: 0 ( P-SLICE, nQP 24 QP 24 )       3640 bits [Y 41.0471 dB    U 48.4599 dB    V 48.9707 dB] [ET     1 ] [L0 528 527 526 525 524 523 0 1 ] [L1 ]
POC  530 TId: 0 ( P-SLICE, nQP 24 QP 24 )       2472 bits [Y 41.0323 dB    U 48.3707 dB    V 48.8430 dB] [ET     1 ] [L0 529 528 527 526 525 524 0 1 ] [L1 ]
POC  531 TId: 0 ( P-SLICE, nQP 24 QP 24 )       2480 bits [Y 41.0263 dB    U 48.4794 dB    V 48.7724 dB] [ET     1 ] [L0 530 529 528 527 526 525 0 1 ] [L1 ]
POC  532 TId: 0 ( P-SLICE, nQP 24 QP 24 )       3416 bits [Y 40.9185 dB    U 48.2673 dB    V 48.6857 dB] [ET     1 ] [L0 531 530 529 528 527 526 0 1 ] [L1 ]
POC  533 TId: 0 ( P-SLICE, nQP 24 QP 24 )       3648 bits [Y 41.0222 dB    U 48.3717 dB    V 48.6647 dB] [ET     1 ] [L0 532 531 530 529 528 527 0 1 ] [L1 ]
POC  534 TId: 0 ( P-SLICE, nQP 24 QP 24 )       4776 bits [Y 41.0816 dB    U 48.2271 dB    V 48.9690 dB] [ET     1 ] [L0 533 532 531 530 529 528 0 1 ] [L1 ]
POC  535 TId: 0 ( P-SLICE, nQP 24 QP 24 )       4384 bits [Y 40.9424 dB    U 47.8711 dB    V 49.0242 dB] [ET     1 ] [L0 534 533 532 531 530 529 0 1 ] [L1 ]
POC  536 TId: 0 ( P-SLICE, nQP 24 QP 24 )       2568 bits [Y 40.9600 dB    U 48.1177 dB    V 49.0959 dB] [ET     1 ] [L0 535 534 533 532 531 530 0 1 ] [L1 ]
POC  537 TId: 0 ( P-SLICE, nQP 24 QP 24 )       2824 bits [Y 40.9664 dB    U 48.1708 dB    V 49.0712 dB] [ET     1 ] [L0 536 535 534 533 532 531 0 1 ] [L1 ]
POC  538 TId: 0 ( P-SLICE, nQP 24 QP 24 )       2168 bits [Y 41.0343 dB    U 48.3112 dB    V 49.2000 dB] [ET     1 ] [L0 537 536 535 534 533 532 0 1 ] [L1 ]
POC  539 TId: 0 ( P-SLICE, nQP 24 QP 24 )       2688 bits [Y 40.8676 dB    U 48.1118 dB    V 49.1348 dB] [ET     1 ] [L0 538 537 536 535 534 533 0 1 ] [L1 ]
POC  540 TId: 0 ( P-SLICE, nQP 24 QP 24 )       4008 bits [Y 41.0991 dB    U 48.2466 dB    V 49.1138 dB] [ET     1 ] [L0 539 538 537 536 535 534 0 1 ] [L1 ]
POC  541 TId: 0 ( P-SLICE, nQP 24 QP 24 )       4824 bits [Y 41.0500 dB    U 48.0655 dB    V 49.1646 dB] [ET     1 ] [L0 540 539 538 537 536 535 0 1 ] [L1 ]
POC  542 TId: 0 ( P-SLICE, nQP 24 QP 24 )       3312 bits [Y 41.0731 dB    U 48.0251 dB    V 49.0937 dB] [ET     1 ] [L0 541 540 539 538 537 536 0 1 ] [L1 ]
POC  543 TId: 0 ( P-SLICE, nQP 24 QP 24 )       2936 bits [Y 41.1782 dB    U 48.1514 dB    V 49.1047 dB] [ET     1 ] [L0 542 541 540 539 538 537 0 1 ] [L1 ]
POC  544 TId: 0 ( P-SLICE, nQP 24 QP 24 )       2368 bits [Y 41.1423 dB    U 48.2022 dB    V 49.1019 dB] [ET     1 ] [L0 543 542 541 540 539 538 0 1 ] [L1 ]
POC  545 TId: 0 ( P-SLICE, nQP 24 QP 24 )       2688 bits [Y 41.1215 dB    U 48.1444 dB    V 49.0429 dB] [ET     1 ] [L0 544 543 542 541 540 539 0 1 ] [L1 ]
POC  546 TId: 0 ( P-SLICE, nQP 24 QP 24 )       2224 bits [Y 41.1652 dB    U 48.1809 dB    V 48.8985 dB] [ET     1 ] [L0 545 544 543 542 541 540 0 1 ] [L1 ]
POC  547 TId: 0 ( P-SLICE, nQP 24 QP 24 )       2992 bits [Y 41.1336 dB    U 48.2542 dB    V 49.0748 dB] [ET     1 ] [L0 546 545 544 543 542 541 0 1 ] [L1 ]
POC  548 TId: 0 ( P-SLICE, nQP 24 QP 24 )       3000 bits [Y 41.0387 dB    U 48.2368 dB    V 49.1254 dB] [ET     1 ] [L0 547 546 545 544 543 542 0 1 ] [L1 ]
POC  549 TId: 0 ( P-SLICE, nQP 24 QP 24 )       3576 bits [Y 41.1403 dB    U 48.4421 dB    V 49.0872 dB] [ET     1 ] [L0 548 547 546 545 544 543 0 1 ] [L1 ]
POC  550 TId: 0 ( P-SLICE, nQP 24 QP 24 )       3208 bits [Y 41.0842 dB    U 48.2167 dB    V 49.0768 dB] [ET     1 ] [L0 549 548 547 546 545 544 0 1 ] [L1 ]
POC  551 TId: 0 ( P-SLICE, nQP 24 QP 24 )       2744 bits [Y 41.1442 dB    U 48.2801 dB    V 49.0754 dB] [ET     1 ] [L0 550 549 548 547 546 545 0 1 ] [L1 ]
POC  552 TId: 0 ( P-SLICE, nQP 24 QP 24 )       4720 bits [Y 41.1143 dB    U 47.9470 dB    V 49.0298 dB] [ET     1 ] [L0 551 550 549 548 547 546 0 1 ] [L1 ]
POC  553 TId: 0 ( P-SLICE, nQP 24 QP 24 )       3416 bits [Y 40.9700 dB    U 48.0167 dB    V 49.0622 dB] [ET     1 ] [L0 552 551 550 549 548 547 0 1 ] [L1 ]
POC  554 TId: 0 ( P-SLICE, nQP 24 QP 24 )       5896 bits [Y 40.2974 dB    U 47.9932 dB    V 49.3844 dB] [ET     1 ] [L0 553 552 551 550 549 548 0 1 ] [L1 ]
POC  555 TId: 0 ( P-SLICE, nQP 24 QP 24 )       5144 bits [Y 40.6974 dB    U 48.4278 dB    V 49.5950 dB] [ET     1 ] [L0 554 553 552 551 550 549 0 1 ] [L1 ]
POC  556 TId: 0 ( P-SLICE, nQP 24 QP 24 )       5016 bits [Y 40.6929 dB    U 48.4927 dB    V 49.5178 dB] [ET     1 ] [L0 555 554 553 552 551 550 0 1 ] [L1 ]
POC  557 TId: 0 ( P-SLICE, nQP 24 QP 24 )       7312 bits [Y 40.7800 dB    U 48.9422 dB    V 49.7194 dB] [ET     1 ] [L0 556 555 554 553 552 551 0 1 ] [L1 ]
POC  558 TId: 0 ( P-SLICE, nQP 24 QP 24 )       5848 bits [Y 40.7731 dB    U 48.6916 dB    V 49.6557 dB] [ET     1 ] [L0 557 556 555 554 553 552 0 1 ] [L1 ]
POC  559 TId: 0 ( P-SLICE, nQP 24 QP 24 )       4936 bits [Y 40.9602 dB    U 49.0009 dB    V 49.7194 dB] [ET     1 ] [L0 558 557 556 555 554 553 0 1 ] [L1 ]
POC  560 TId: 0 ( P-SLICE, nQP 24 QP 24 )       4544 bits [Y 40.9637 dB    U 48.8451 dB    V 49.6351 dB] [ET     1 ] [L0 559 558 557 556 555 554 0 1 ] [L1 ]
POC  561 TId: 0 ( P-SLICE, nQP 24 QP 24 )       3416 bits [Y 40.8157 dB    U 48.6535 dB    V 49.6876 dB] [ET     1 ] [L0 560 559 558 557 556 555 0 1 ] [L1 ]
POC  562 TId: 0 ( P-SLICE, nQP 24 QP 24 )       3688 bits [Y 41.0872 dB    U 48.7213 dB    V 49.6303 dB] [ET     1 ] [L0 561 560 559 558 557 556 0 1 ] [L1 ]
POC  563 TId: 0 ( P-SLICE, nQP 24 QP 24 )       3288 bits [Y 40.9870 dB    U 48.5277 dB    V 49.6451 dB] [ET     1 ] [L0 562 561 560 559 558 557 0 1 ] [L1 ]
POC  564 TId: 0 ( P-SLICE, nQP 24 QP 24 )       3888 bits [Y 40.8996 dB    U 48.3605 dB    V 49.5751 dB] [ET     1 ] [L0 563 562 561 560 559 558 0 1 ] [L1 ]
POC  565 TId: 0 ( P-SLICE, nQP 24 QP 24 )       4656 bits [Y 41.0511 dB    U 48.6922 dB    V 49.2641 dB] [ET     1 ] [L0 564 563 562 561 560 559 0 1 ] [L1 ]
POC  566 TId: 0 ( P-SLICE, nQP 24 QP 24 )       4552 bits [Y 41.0796 dB    U 48.3557 dB    V 49.1689 dB] [ET     1 ] [L0 565 564 563 562 561 560 0 1 ] [L1 ]
POC  567 TId: 0 ( P-SLICE, nQP 24 QP 24 )       3560 bits [Y 40.9781 dB    U 48.3213 dB    V 49.0751 dB] [ET     1 ] [L0 566 565 564 563 562 561 0 1 ] [L1 ]
POC  568 TId: 0 ( P-SLICE, nQP 24 QP 24 )       3264 bits [Y 41.0257 dB    U 48.4777 dB    V 49.1893 dB] [ET     1 ] [L0 567 566 565 564 563 562 0 1 ] [L1 ]
POC  569 TId: 0 ( P-SLICE, nQP 24 QP 24 )       2336 bits [Y 41.0083 dB    U 48.3197 dB    V 49.2915 dB] [ET     1 ] [L0 568 567 566 565 564 563 0 1 ] [L1 ]
POC  570 TId: 0 ( P-SLICE, nQP 24 QP 24 )       2264 bits [Y 41.0128 dB    U 48.2452 dB    V 49.1830 dB] [ET     1 ] [L0 569 568 567 566 565 564 0 1 ] [L1 ]
POC  571 TId: 0 ( P-SLICE, nQP 24 QP 24 )       2888 bits [Y 40.9391 dB    U 48.0084 dB    V 49.1977 dB] [ET     1 ] [L0 570 569 568 567 566 565 0 1 ] [L1 ]
POC  572 TId: 0 ( P-SLICE, nQP 24 QP 24 )       5016 bits [Y 41.1023 dB    U 48.2582 dB    V 49.4388 dB] [ET     1 ] [L0 571 570 569 568 567 566 0 1 ] [L1 ]
POC  573 TId: 0 ( P-SLICE, nQP 24 QP 24 )       3808 bits [Y 40.9466 dB    U 48.0289 dB    V 49.4710 dB] [ET     1 ] [L0 572 571 570 569 568 567 0 1 ] [L1 ]
POC  574 TId: 0 ( P-SLICE, nQP 24 QP 24 )       3120 bits [Y 40.9351 dB    U 48.0231 dB    V 49.5094 dB] [ET     1 ] [L0 573 572 571 570 569 568 0 1 ] [L1 ]
POC  575 TId: 0 ( P-SLICE, nQP 24 QP 24 )       3104 bits [Y 41.0617 dB    U 48.3878 dB    V 49.6036 dB] [ET     1 ] [L0 574 573 572 571 570 569 0 1 ] [L1 ]
POC  576 TId: 0 ( P-SLICE, nQP 24 QP 24 )       4160 bits [Y 41.0593 dB    U 48.5421 dB    V 49.6496 dB] [ET     1 ] [L0 575 574 573 572 571 570 0 1 ] [L1 ]
POC  577 TId: 0 ( P-SLICE, nQP 24 QP 24 )       2712 bits [Y 41.0094 dB    U 48.6394 dB    V 49.6431 dB] [ET     1 ] [L0 576 575 574 573 572 571 0 1 ] [L1 ]
POC  578 TId: 0 ( P-SLICE, nQP 24 QP 24 )       3128 bits [Y 41.0259 dB    U 48.3275 dB    V 49.5998 dB] [ET     1 ] [L0 577 576 575 574 573 572 0 1 ] [L1 ]
POC  579 TId: 0 ( P-SLICE, nQP 24 QP 24 )       2520 bits [Y 41.0630 dB    U 48.4224 dB    V 49.5550 dB] [ET     1 ] [L0 578 577 576 575 574 573 0 1 ] [L1 ]
POC  580 TId: 0 ( P-SLICE, nQP 24 QP 24 )       2576 bits [Y 41.0994 dB    U 48.3753 dB    V 49.5318 dB] [ET     1 ] [L0 579 578 577 576 575 574 0 1 ] [L1 ]
POC  581 TId: 0 ( P-SLICE, nQP 24 QP 24 )       2648 bits [Y 41.0839 dB    U 48.2024 dB    V 49.4840 dB] [ET     1 ] [L0 580 579 578 577 576 575 0 1 ] [L1 ]
POC  582 TId: 0 ( P-SLICE, nQP 24 QP 24 )       4256 bits [Y 41.1040 dB    U 48.4875 dB    V 49.5440 dB] [ET     1 ] [L0 581 580 579 578 577 576 0 1 ] [L1 ]
POC  583 TId: 0 ( P-SLICE, nQP 24 QP 24 )       3416 bits [Y 41.0250 dB    U 48.3017 dB    V 49.5481 dB] [ET     1 ] [L0 582 581 580 579 578 577 0 1 ] [L1 ]
POC  584 TId: 0 ( P-SLICE, nQP 24 QP 24 )       3192 bits [Y 41.0568 dB    U 48.2694 dB    V 49.4199 dB] [ET     1 ] [L0 583 582 581 580 579 578 0 1 ] [L1 ]
POC  585 TId: 0 ( P-SLICE, nQP 24 QP 24 )       3192 bits [Y 41.0045 dB    U 48.2977 dB    V 49.5056 dB] [ET     1 ] [L0 584 583 582 581 580 579 0 1 ] [L1 ]
POC  586 TId: 0 ( P-SLICE, nQP 24 QP 24 )       3656 bits [Y 41.1045 dB    U 48.4601 dB    V 49.5277 dB] [ET     1 ] [L0 585 584 583 582 581 580 0 1 ] [L1 ]
POC  587 TId: 0 ( P-SLICE, nQP 24 QP 24 )       3896 bits [Y 41.1070 dB    U 48.4072 dB    V 49.4538 dB] [ET     1 ] [L0 586 585 584 583 582 581 0 1 ] [L1 ]
POC  588 TId: 0 ( P-SLICE, nQP 24 QP 24 )       3104 bits [Y 41.0977 dB    U 48.2928 dB    V 49.3516 dB] [ET     1 ] [L0 587 586 585 584 583 582 0 1 ] [L1 ]
POC  589 TId: 0 ( P-SLICE, nQP 24 QP 24 )       3288 bits [Y 40.9882 dB    U 48.1299 dB    V 49.3501 dB] [ET     1 ] [L0 588 587 586 585 584 583 0 1 ] [L1 ]
POC  590 TId: 0 ( P-SLICE, nQP 24 QP 24 )       2680 bits [Y 41.0495 dB    U 48.1494 dB    V 49.3950 dB] [ET     1 ] [L0 589 588 587 586 585 584 0 1 ] [L1 ]
POC  591 TId: 0 ( P-SLICE, nQP 24 QP 24 )       3536 bits [Y 40.9523 dB    U 47.9249 dB    V 49.1488 dB] [ET     1 ] [L0 590 589 588 587 586 585 0 1 ] [L1 ]
POC  592 TId: 0 ( P-SLICE, nQP 24 QP 24 )       4696 bits [Y 41.0277 dB    U 47.7270 dB    V 49.1005 dB] [ET     1 ] [L0 591 590 589 588 587 586 0 1 ] [L1 ]
POC  593 TId: 0 ( P-SLICE, nQP 24 QP 24 )       5976 bits [Y 41.2132 dB    U 48.1184 dB    V 49.4397 dB] [ET     1 ] [L0 592 591 590 589 588 587 0 1 ] [L1 ]
POC  594 TId: 0 ( P-SLICE, nQP 24 QP 24 )       7216 bits [Y 41.0260 dB    U 48.4005 dB    V 49.3899 dB] [ET     1 ] [L0 593 592 591 590 589 588 0 1 ] [L1 ]
POC  595 TId: 0 ( P-SLICE, nQP 24 QP 24 )       3704 bits [Y 41.0869 dB    U 48.6734 dB    V 49.1856 dB] [ET     1 ] [L0 594 593 592 591 590 589 0 1 ] [L1 ]
POC  596 TId: 0 ( P-SLICE, nQP 24 QP 24 )       4456 bits [Y 41.1421 dB    U 48.3669 dB    V 49.2099 dB] [ET     1 ] [L0 595 594 593 592 591 590 0 1 ] [L1 ]
POC  597 TId: 0 ( P-SLICE, nQP 24 QP 24 )       4904 bits [Y 41.1292 dB    U 48.5818 dB    V 49.1910 dB] [ET     1 ] [L0 596 595 594 593 592 591 0 1 ] [L1 ]
POC  598 TId: 0 ( P-SLICE, nQP 24 QP 24 )       9936 bits [Y 42.9740 dB    U 49.3832 dB    V 49.4895 dB] [ET     2 ] [L0 597 596 595 594 593 592 0 1 ] [L1 ]
POC  599 TId: 0 ( P-SLICE, nQP 24 QP 24 )       2944 bits [Y 42.2073 dB    U 49.3847 dB    V 49.3325 dB] [ET     1 ] [L0 598 ] [L1 ]


SUMMARY --------------------------------------------------------
	Total Frames |   Bitrate     Y-PSNR    U-PSNR    V-PSNR    YUV-PSNR 
	      600    a      94.6740   41.9654   49.7872   50.9578   42.9768


I Slices--------------------------------------------------------
	Total Frames |   Bitrate     Y-PSNR    U-PSNR    V-PSNR    YUV-PSNR 
	        1    i    1695.8000   56.7387   54.6150   61.4602   56.7621


P Slices--------------------------------------------------------
	Total Frames |   Bitrate     Y-PSNR    U-PSNR    V-PSNR    YUV-PSNR 
	      599    p      92.0010   41.9407   49.7791   50.9403   42.9699


B Slices--------------------------------------------------------
	Total Frames |   Bitrate     Y-PSNR    U-PSNR    V-PSNR    YUV-PSNR 
	        0    b         -nan      -nan      -nan      -nan      -nan

RVM: 0.000
Bytes written to file: 284022 (94.674 kbps)

 Total Time:      683.892 sec.
