
HM software: Encoder Version [16.17] (including RExt)[Linux][GCC 5.4.0][64 bit] 


Input          File                    : ../vid/scene_level_sample_320240_5sec.yuv
Bitstream      File                    : ../vid/HMEncodedVideo.bin
Reconstruction File                    : rec.yuv
Real     Format                        : 320x240 25Hz
Internal Format                        : 320x240 25Hz
Sequence PSNR output                   : Linear average only
Sequence MSE output                    : Disabled
Frame MSE output                       : Disabled
MS-SSIM output                         : Disabled
Cabac-zero-word-padding                : Enabled
Frame/Field                            : Frame based coding
Frame index                            : 0 - 2999 (3000 frames)
Profile                                : main
CU size / depth / total-depth          : 16 / 2 / 2
RQT trans. size (min / max)            : 4 / 16
Max RQT depth inter                    : 3
Max RQT depth intra                    : 3
Min PCM size                           : 8
Motion search range                    : 16
Intra period                           : -1
Decoding refresh type                  : 2
QP                                     : 24
Max dQP signaling depth                : 0
Cb QP Offset                           : 0
Cr QP Offset                           : 0
QP adaptation                          : 0 (range=0)
GOP size                               : 48
Input bit depth                        : (Y:8, C:8)
MSB-extended bit depth                 : (Y:8, C:8)
Internal bit depth                     : (Y:8, C:8)
PCM sample bit depth                   : (Y:8, C:8)
Intra reference smoothing              : Enabled
diff_cu_chroma_qp_offset_depth         : -1
extended_precision_processing_flag     : Disabled
implicit_rdpcm_enabled_flag            : Disabled
explicit_rdpcm_enabled_flag            : Disabled
transform_skip_rotation_enabled_flag   : Disabled
transform_skip_context_enabled_flag    : Disabled
cross_component_prediction_enabled_flag: Disabled
high_precision_offsets_enabled_flag    : Disabled
persistent_rice_adaptation_enabled_flag: Disabled
cabac_bypass_alignment_enabled_flag    : Disabled
log2_sao_offset_scale_luma             : 0
log2_sao_offset_scale_chroma           : 0
Cost function:                         : Lossy coding (default)
RateControl                            : 0
WPMethod                               : 0
Max Num Merge Candidates               : 5

TOOL CFG: IBD:0 HAD:1 RDQ:1 RDQTS:1 RDpenalty:0 LQP:0 SQP:0 ASR:0 MinSearchWindow:8 RestrictMESampling:0 FEN:1 ECU:0 FDM:1 CFM:0 ESD:0 RQT:1 TransformSkip:1 TransformSkipFast:1 TransformSkipLog2MaxSize:2 Slice: M=0 SliceSegment: M=0 CIP:0 SAO:1 PCM:0 TransQuantBypassEnabled:0 WPP:0 WPB:0 PME:2  WaveFrontSynchro:0 WaveFrontSubstreams:1 ScalingList:0 TMVPMode:1 AQpS:0 SignBitHidingFlag:1 RecalQP:0

Non-environment-variable-controlled macros set as follows: 

                                RExt__DECODER_DEBUG_BIT_STATISTICS =   0
                                      RExt__HIGH_BIT_DEPTH_SUPPORT =   0
                            RExt__HIGH_PRECISION_FORWARD_TRANSFORM =   0
                                        O0043_BEST_EFFORT_DECODING =   0
                                         ME_ENABLE_ROUNDING_OF_MVS =   1

                   Input ChromaFormatIDC =   4:2:0
       Output (internal) ChromaFormatIDC =   4:2:0

POC    0 TId: 0 ( I-SLICE, nQP 24 QP 24 )      10160 bits [Y 56.7387 dB    U 54.6150 dB    V 61.4602 dB] [ET     0 ] [L0 ] [L1 ]
POC    1 TId: 0 ( P-SLICE, nQP 24 QP 24 )        216 bits [Y 56.5796 dB    U 54.7479 dB    V 60.9335 dB] [ET     0 ] [L0 0 ] [L1 ]
POC    2 TId: 0 ( P-SLICE, nQP 24 QP 24 )        216 bits [Y 56.6022 dB    U 54.6312 dB    V 60.7935 dB] [ET     0 ] [L0 0 1 ] [L1 ]
POC    3 TId: 0 ( P-SLICE, nQP 24 QP 24 )       6480 bits [Y 47.2975 dB    U 54.4792 dB    V 56.5453 dB] [ET     1 ] [L0 0 1 2 ] [L1 ]
POC    4 TId: 0 ( P-SLICE, nQP 24 QP 24 )       1376 bits [Y 47.0694 dB    U 53.6190 dB    V 55.8356 dB] [ET     1 ] [L0 3 0 1 2 ] [L1 ]
POC    5 TId: 0 ( P-SLICE, nQP 24 QP 24 )       4264 bits [Y 45.9268 dB    U 53.5201 dB    V 55.4335 dB] [ET     1 ] [L0 4 3 0 1 2 ] [L1 ]
POC    6 TId: 0 ( P-SLICE, nQP 24 QP 24 )       4240 bits [Y 45.4323 dB    U 53.5201 dB    V 56.1451 dB] [ET     1 ] [L0 5 4 0 1 2 ] [L1 ]
POC    7 TId: 0 ( P-SLICE, nQP 24 QP 24 )       3344 bits [Y 44.8851 dB    U 53.5452 dB    V 55.7787 dB] [ET     1 ] [L0 6 5 0 1 2 ] [L1 ]
POC    8 TId: 0 ( P-SLICE, nQP 24 QP 24 )       2312 bits [Y 44.6764 dB    U 53.2340 dB    V 55.5505 dB] [ET     1 ] [L0 7 6 0 1 2 ] [L1 ]
POC    9 TId: 0 ( P-SLICE, nQP 24 QP 24 )       1360 bits [Y 44.8254 dB    U 53.7564 dB    V 55.8091 dB] [ET     1 ] [L0 8 7 0 1 2 ] [L1 ]
POC   10 TId: 0 ( P-SLICE, nQP 24 QP 24 )       2224 bits [Y 44.9765 dB    U 53.7465 dB    V 55.1740 dB] [ET     1 ] [L0 9 8 0 1 2 ] [L1 ]
POC   11 TId: 0 ( P-SLICE, nQP 24 QP 24 )       1632 bits [Y 44.7592 dB    U 53.5429 dB    V 55.2561 dB] [ET     1 ] [L0 10 9 0 1 2 ] [L1 ]
POC   12 TId: 0 ( P-SLICE, nQP 24 QP 24 )       1816 bits [Y 44.7400 dB    U 53.2106 dB    V 55.0199 dB] [ET     1 ] [L0 11 10 0 1 2 ] [L1 ]
POC   13 TId: 0 ( P-SLICE, nQP 24 QP 24 )       1616 bits [Y 44.7127 dB    U 52.6560 dB    V 54.8349 dB] [ET     1 ] [L0 12 11 0 1 2 ] [L1 ]
POC   14 TId: 0 ( P-SLICE, nQP 24 QP 24 )       2120 bits [Y 44.6114 dB    U 52.7941 dB    V 54.5402 dB] [ET     1 ] [L0 13 12 0 1 2 ] [L1 ]
POC   15 TId: 0 ( P-SLICE, nQP 24 QP 24 )       3856 bits [Y 44.4333 dB    U 52.7651 dB    V 54.0876 dB] [ET     1 ] [L0 14 13 0 1 2 ] [L1 ]
POC   16 TId: 0 ( P-SLICE, nQP 24 QP 24 )       3648 bits [Y 44.0906 dB    U 52.8247 dB    V 54.3146 dB] [ET     1 ] [L0 15 14 0 1 2 ] [L1 ]
POC   17 TId: 0 ( P-SLICE, nQP 24 QP 24 )       3312 bits [Y 43.8796 dB    U 52.9422 dB    V 54.4067 dB] [ET     1 ] [L0 16 15 0 1 2 ] [L1 ]
POC   18 TId: 0 ( P-SLICE, nQP 24 QP 24 )       1744 bits [Y 43.8382 dB    U 52.7736 dB    V 54.6697 dB] [ET     1 ] [L0 17 16 0 1 2 ] [L1 ]
POC   19 TId: 0 ( P-SLICE, nQP 24 QP 24 )       2136 bits [Y 43.8118 dB    U 53.0567 dB    V 54.4998 dB] [ET     1 ] [L0 18 17 0 1 2 ] [L1 ]
POC   20 TId: 0 ( P-SLICE, nQP 24 QP 24 )       3288 bits [Y 43.6024 dB    U 52.6177 dB    V 53.9309 dB] [ET     1 ] [L0 19 18 0 1 2 ] [L1 ]
POC   21 TId: 0 ( P-SLICE, nQP 24 QP 24 )       1848 bits [Y 43.7019 dB    U 52.3175 dB    V 53.7846 dB] [ET     1 ] [L0 20 19 0 1 2 ] [L1 ]
POC   22 TId: 0 ( P-SLICE, nQP 24 QP 24 )       2848 bits [Y 43.8200 dB    U 51.8704 dB    V 53.2325 dB] [ET     1 ] [L0 21 20 0 1 2 ] [L1 ]
POC   23 TId: 0 ( P-SLICE, nQP 24 QP 24 )       3552 bits [Y 43.6009 dB    U 51.4069 dB    V 53.6998 dB] [ET     1 ] [L0 22 21 0 1 2 ] [L1 ]
POC   24 TId: 0 ( P-SLICE, nQP 24 QP 24 )       1808 bits [Y 43.4593 dB    U 51.8188 dB    V 52.9697 dB] [ET     1 ] [L0 23 22 0 1 2 ] [L1 ]
POC   25 TId: 0 ( P-SLICE, nQP 24 QP 24 )       6232 bits [Y 43.1737 dB    U 51.5821 dB    V 53.3990 dB] [ET     1 ] [L0 24 23 0 1 2 ] [L1 ]
POC   26 TId: 0 ( P-SLICE, nQP 24 QP 24 )       4864 bits [Y 42.7902 dB    U 51.5937 dB    V 53.7170 dB] [ET     1 ] [L0 25 24 0 1 2 ] [L1 ]
POC   27 TId: 0 ( P-SLICE, nQP 24 QP 24 )       3888 bits [Y 42.5216 dB    U 51.7226 dB    V 53.9915 dB] [ET     1 ] [L0 26 25 0 1 2 ] [L1 ]
POC   28 TId: 0 ( P-SLICE, nQP 24 QP 24 )       2728 bits [Y 42.2130 dB    U 51.3978 dB    V 54.0743 dB] [ET     1 ] [L0 27 26 0 1 2 ] [L1 ]
POC   29 TId: 0 ( P-SLICE, nQP 24 QP 24 )       2552 bits [Y 42.1744 dB    U 51.5801 dB    V 53.6447 dB] [ET     1 ] [L0 28 27 0 1 2 ] [L1 ]
POC   30 TId: 0 ( P-SLICE, nQP 24 QP 24 )       2896 bits [Y 42.3206 dB    U 51.1497 dB    V 53.9189 dB] [ET     1 ] [L0 29 28 0 1 2 ] [L1 ]
POC   31 TId: 0 ( P-SLICE, nQP 24 QP 24 )       2032 bits [Y 42.2837 dB    U 51.9378 dB    V 53.2281 dB] [ET     1 ] [L0 30 29 0 1 2 ] [L1 ]
POC   32 TId: 0 ( P-SLICE, nQP 24 QP 24 )       3504 bits [Y 42.3783 dB    U 51.5126 dB    V 53.5626 dB] [ET     1 ] [L0 31 30 0 1 2 ] [L1 ]
POC   33 TId: 0 ( P-SLICE, nQP 24 QP 24 )       2680 bits [Y 42.4065 dB    U 52.0151 dB    V 53.2760 dB] [ET     1 ] [L0 32 31 0 1 2 ] [L1 ]
POC   34 TId: 0 ( P-SLICE, nQP 24 QP 24 )       2352 bits [Y 42.2655 dB    U 51.6229 dB    V 53.5991 dB] [ET     1 ] [L0 33 32 0 1 2 ] [L1 ]
POC   35 TId: 0 ( P-SLICE, nQP 24 QP 24 )       5416 bits [Y 42.0492 dB    U 51.6559 dB    V 52.8467 dB] [ET     1 ] [L0 34 33 0 1 2 ] [L1 ]
POC   36 TId: 0 ( P-SLICE, nQP 24 QP 24 )       4672 bits [Y 41.7081 dB    U 51.6391 dB    V 53.2355 dB] [ET     1 ] [L0 35 34 0 1 2 ] [L1 ]
POC   37 TId: 0 ( P-SLICE, nQP 24 QP 24 )       3888 bits [Y 41.7997 dB    U 51.8892 dB    V 53.1816 dB] [ET     1 ] [L0 36 35 0 1 2 ] [L1 ]
POC   38 TId: 0 ( P-SLICE, nQP 24 QP 24 )       3280 bits [Y 41.5782 dB    U 51.8859 dB    V 53.5633 dB] [ET     1 ] [L0 37 36 0 1 2 ] [L1 ]
POC   39 TId: 0 ( P-SLICE, nQP 24 QP 24 )       3904 bits [Y 41.7262 dB    U 52.1683 dB    V 53.6738 dB] [ET     1 ] [L0 38 37 0 1 2 ] [L1 ]
POC   40 TId: 0 ( P-SLICE, nQP 24 QP 24 )       3592 bits [Y 41.7269 dB    U 51.9788 dB    V 53.2012 dB] [ET     1 ] [L0 39 38 0 1 2 ] [L1 ]
POC   41 TId: 0 ( P-SLICE, nQP 24 QP 24 )       2488 bits [Y 41.6266 dB    U 51.6973 dB    V 53.5641 dB] [ET     1 ] [L0 40 39 0 1 2 ] [L1 ]
POC   42 TId: 0 ( P-SLICE, nQP 24 QP 24 )       2768 bits [Y 41.6599 dB    U 51.7673 dB    V 53.2377 dB] [ET     1 ] [L0 41 40 0 1 2 ] [L1 ]
POC   43 TId: 0 ( P-SLICE, nQP 24 QP 24 )       2768 bits [Y 41.4467 dB    U 51.5008 dB    V 52.9416 dB] [ET     1 ] [L0 42 41 0 1 2 ] [L1 ]
POC   44 TId: 0 ( P-SLICE, nQP 24 QP 24 )       2048 bits [Y 41.5620 dB    U 51.8251 dB    V 52.5961 dB] [ET     1 ] [L0 43 42 0 1 2 ] [L1 ]
POC   45 TId: 0 ( P-SLICE, nQP 24 QP 24 )       4976 bits [Y 41.4489 dB    U 51.5701 dB    V 52.8946 dB] [ET     1 ] [L0 44 43 0 1 2 ] [L1 ]
POC   46 TId: 0 ( P-SLICE, nQP 24 QP 24 )       3600 bits [Y 41.2636 dB    U 51.5086 dB    V 52.8534 dB] [ET     1 ] [L0 45 44 0 1 2 ] [L1 ]
POC   47 TId: 0 ( P-SLICE, nQP 24 QP 24 )       3224 bits [Y 41.3495 dB    U 51.5701 dB    V 52.5955 dB] [ET     1 ] [L0 46 45 0 1 2 ] [L1 ]
POC   48 TId: 0 ( P-SLICE, nQP 24 QP 24 )       8320 bits [Y 43.4806 dB    U 51.6840 dB    V 52.6875 dB] [ET     1 ] [L0 47 46 0 1 2 ] [L1 ]
POC   49 TId: 0 ( P-SLICE, nQP 24 QP 24 )       1912 bits [Y 42.7983 dB    U 51.3978 dB    V 53.0652 dB] [ET     0 ] [L0 48 ] [L1 ]


SUMMARY --------------------------------------------------------
	Total Frames |   Bitrate     Y-PSNR    U-PSNR    V-PSNR    YUV-PSNR 
	       50    a      81.0000   44.0765   52.4373   54.4251   44.8277


I Slices--------------------------------------------------------
	Total Frames |   Bitrate     Y-PSNR    U-PSNR    V-PSNR    YUV-PSNR 
	        1    i     254.0000   56.7387   54.6150   61.4602   56.7621


P Slices--------------------------------------------------------
	Total Frames |   Bitrate     Y-PSNR    U-PSNR    V-PSNR    YUV-PSNR 
	       49    p      77.4694   43.8180   52.3928   54.2815   44.7455


B Slices--------------------------------------------------------
	Total Frames |   Bitrate     Y-PSNR    U-PSNR    V-PSNR    YUV-PSNR 
	        0    b         -nan      -nan      -nan      -nan      -nan

RVM: 0.000
Bytes written to file: 20250 (81.000 kbps)

 Total Time:       40.428 sec.

HM software: Decoder Version [16.17] (including RExt)[Linux][GCC 5.4.0][64 bit] 
POC    0 TId: 0 ( I-SLICE, QP 24 ) [DT  0.003] [L0 ] [L1 ] [:,(unk)] 
POC    1 TId: 0 ( P-SLICE, QP 24 ) [DT  0.001] [L0 0 ] [L1 ] [:,(unk)] 
POC    2 TId: 0 ( P-SLICE, QP 24 ) [DT  0.001] [L0 0 1 ] [L1 ] [:,(unk)] 
POC    3 TId: 0 ( P-SLICE, QP 24 ) [DT  0.002] [L0 0 1 2 ] [L1 ] [:,(unk)] 
POC    4 TId: 0 ( P-SLICE, QP 24 ) [DT  0.002] [L0 3 0 1 2 ] [L1 ] [:,(unk)] 
POC    5 TId: 0 ( P-SLICE, QP 24 ) [DT  0.002] [L0 4 3 0 1 2 ] [L1 ] [:,(unk)] 
POC    6 TId: 0 ( P-SLICE, QP 24 ) [DT  0.002] [L0 5 4 0 1 2 ] [L1 ] [:,(unk)] 
POC    7 TId: 0 ( P-SLICE, QP 24 ) [DT  0.002] [L0 6 5 0 1 2 ] [L1 ] [:,(unk)] 
POC    8 TId: 0 ( P-SLICE, QP 24 ) [DT  0.002] [L0 7 6 0 1 2 ] [L1 ] [:,(unk)] 
POC    9 TId: 0 ( P-SLICE, QP 24 ) [DT  0.002] [L0 8 7 0 1 2 ] [L1 ] [:,(unk)] 
POC   10 TId: 0 ( P-SLICE, QP 24 ) [DT  0.001] [L0 9 8 0 1 2 ] [L1 ] [:,(unk)] 
POC   11 TId: 0 ( P-SLICE, QP 24 ) [DT  0.002] [L0 10 9 0 1 2 ] [L1 ] [:,(unk)] 
POC   12 TId: 0 ( P-SLICE, QP 24 ) [DT  0.001] [L0 11 10 0 1 2 ] [L1 ] [:,(unk)] 
POC   13 TId: 0 ( P-SLICE, QP 24 ) [DT  0.001] [L0 12 11 0 1 2 ] [L1 ] [:,(unk)] 
POC   14 TId: 0 ( P-SLICE, QP 24 ) [DT  0.002] [L0 13 12 0 1 2 ] [L1 ] [:,(unk)] 
POC   15 TId: 0 ( P-SLICE, QP 24 ) [DT  0.002] [L0 14 13 0 1 2 ] [L1 ] [:,(unk)] 
POC   16 TId: 0 ( P-SLICE, QP 24 ) [DT  0.002] [L0 15 14 0 1 2 ] [L1 ] [:,(unk)] 
POC   17 TId: 0 ( P-SLICE, QP 24 ) [DT  0.002] [L0 16 15 0 1 2 ] [L1 ] [:,(unk)] 
POC   18 TId: 0 ( P-SLICE, QP 24 ) [DT  0.001] [L0 17 16 0 1 2 ] [L1 ] [:,(unk)] 
POC   19 TId: 0 ( P-SLICE, QP 24 ) [DT  0.001] [L0 18 17 0 1 2 ] [L1 ] [:,(unk)] 
POC   20 TId: 0 ( P-SLICE, QP 24 ) [DT  0.001] [L0 19 18 0 1 2 ] [L1 ] [:,(unk)] 
POC   21 TId: 0 ( P-SLICE, QP 24 ) [DT  0.001] [L0 20 19 0 1 2 ] [L1 ] [:,(unk)] 
POC   22 TId: 0 ( P-SLICE, QP 24 ) [DT  0.001] [L0 21 20 0 1 2 ] [L1 ] [:,(unk)] 
POC   23 TId: 0 ( P-SLICE, QP 24 ) [DT  0.002] [L0 22 21 0 1 2 ] [L1 ] [:,(unk)] 
POC   24 TId: 0 ( P-SLICE, QP 24 ) [DT  0.002] [L0 23 22 0 1 2 ] [L1 ] [:,(unk)] 
POC   25 TId: 0 ( P-SLICE, QP 24 ) [DT  0.002] [L0 24 23 0 1 2 ] [L1 ] [:,(unk)] 
POC   26 TId: 0 ( P-SLICE, QP 24 ) [DT  0.002] [L0 25 24 0 1 2 ] [L1 ] [:,(unk)] 
POC   27 TId: 0 ( P-SLICE, QP 24 ) [DT  0.001] [L0 26 25 0 1 2 ] [L1 ] [:,(unk)] 
POC   28 TId: 0 ( P-SLICE, QP 24 ) [DT  0.002] [L0 27 26 0 1 2 ] [L1 ] [:,(unk)] 
POC   29 TId: 0 ( P-SLICE, QP 24 ) [DT  0.002] [L0 28 27 0 1 2 ] [L1 ] [:,(unk)] 
POC   30 TId: 0 ( P-SLICE, QP 24 ) [DT  0.002] [L0 29 28 0 1 2 ] [L1 ] [:,(unk)] 
POC   31 TId: 0 ( P-SLICE, QP 24 ) [DT  0.002] [L0 30 29 0 1 2 ] [L1 ] [:,(unk)] 
POC   32 TId: 0 ( P-SLICE, QP 24 ) [DT  0.002] [L0 31 30 0 1 2 ] [L1 ] [:,(unk)] 
POC   33 TId: 0 ( P-SLICE, QP 24 ) [DT  0.002] [L0 32 31 0 1 2 ] [L1 ] [:,(unk)] 
POC   34 TId: 0 ( P-SLICE, QP 24 ) [DT  0.002] [L0 33 32 0 1 2 ] [L1 ] [:,(unk)] 
POC   35 TId: 0 ( P-SLICE, QP 24 ) [DT  0.002] [L0 34 33 0 1 2 ] [L1 ] [:,(unk)] 
POC   36 TId: 0 ( P-SLICE, QP 24 ) [DT  0.002] [L0 35 34 0 1 2 ] [L1 ] [:,(unk)] 
POC   37 TId: 0 ( P-SLICE, QP 24 ) [DT  0.002] [L0 36 35 0 1 2 ] [L1 ] [:,(unk)] 
POC   38 TId: 0 ( P-SLICE, QP 24 ) [DT  0.002] [L0 37 36 0 1 2 ] [L1 ] [:,(unk)] 
POC   39 TId: 0 ( P-SLICE, QP 24 ) [DT  0.002] [L0 38 37 0 1 2 ] [L1 ] [:,(unk)] 
POC   40 TId: 0 ( P-SLICE, QP 24 ) [DT  0.002] [L0 39 38 0 1 2 ] [L1 ] [:,(unk)] 
POC   41 TId: 0 ( P-SLICE, QP 24 ) [DT  0.001] [L0 40 39 0 1 2 ] [L1 ] [:,(unk)] 
POC   42 TId: 0 ( P-SLICE, QP 24 ) [DT  0.002] [L0 41 40 0 1 2 ] [L1 ] [:,(unk)] 
POC   43 TId: 0 ( P-SLICE, QP 24 ) [DT  0.002] [L0 42 41 0 1 2 ] [L1 ] [:,(unk)] 
POC   44 TId: 0 ( P-SLICE, QP 24 ) [DT  0.001] [L0 43 42 0 1 2 ] [L1 ] [:,(unk)] 
POC   45 TId: 0 ( P-SLICE, QP 24 ) [DT  0.002] [L0 44 43 0 1 2 ] [L1 ] [:,(unk)] 
POC   46 TId: 0 ( P-SLICE, QP 24 ) [DT  0.001] [L0 45 44 0 1 2 ] [L1 ] [:,(unk)] 
POC   47 TId: 0 ( P-SLICE, QP 24 ) [DT  0.001] [L0 46 45 0 1 2 ] [L1 ] [:,(unk)] 
POC   48 TId: 0 ( P-SLICE, QP 24 ) [DT  0.002] [L0 47 46 0 1 2 ] [L1 ] [:,(unk)] 
POC   49 TId: 0 ( P-SLICE, QP 24 ) [DT  0.001] [L0 48 ] [L1 ] [:,(unk)] 

 Total Time:        0.191 sec.
Frame  1: [Y 56.7387dB   U 54.6150dB   V 61.4602dB   YUV 56.7621dB]  ..... Video: [Y 56.7387dB   U 54.6150dB   V 61.4602dB   YUV 56.7621dB]
Frame  2: [Y 56.5796dB   U 54.7479dB   V 60.9335dB   YUV 56.6588dB]  ..... Video: [Y 59.6687dB   U 57.6912dB   V 64.1992dB   YUV 59.7204dB]
Frame  3: [Y 56.6022dB   U 54.6312dB   V 60.7935dB   YUV 56.6347dB]  ..... Video: [Y 61.4108dB   U 59.4355dB   V 65.8242dB   YUV 61.4560dB]
Frame  4: [Y 47.3576dB   U 54.4792dB   V 56.5453dB   YUV 48.7898dB]  ..... Video: [Y 58.0829dB   U 60.6379dB   V 65.4425dB   YUV 59.1076dB]
Frame  5: [Y 47.2547dB   U 53.6190dB   V 55.8356dB   YUV 48.6318dB]  ..... Video: [Y 57.5751dB   U 61.3881dB   V 65.4192dB   YUV 58.7480dB]
Frame  6: [Y 45.9706dB   U 53.5201dB   V 55.4335dB   YUV 47.4285dB]  ..... Video: [Y 57.1755dB   U 62.0207dB   V 65.5456dB   YUV 58.4508dB]
Frame  7: [Y 45.5187dB   U 53.5201dB   V 56.1451dB   YUV 47.0215dB]  ..... Video: [Y 57.0321dB   U 62.5798dB   V 65.9434dB   YUV 58.3720dB]
Frame  8: [Y 44.9472dB   U 53.5452dB   V 55.7787dB   YUV 46.4749dB]  ..... Video: [Y 56.9540dB   U 63.0824dB   V 66.2684dB   YUV 58.3397dB]
Frame  9: [Y 44.8293dB   U 53.2340dB   V 55.5505dB   YUV 46.3484dB]  ..... Video: [Y 56.9911dB   U 63.4951dB   V 66.5567dB   YUV 58.4036dB]
Frame 10: [Y 44.9212dB   U 53.7564dB   V 55.8091dB   YUV 46.4575dB]  ..... Video: [Y 57.1186dB   U 63.9326dB   V 66.8775dB   YUV 58.5514dB]
Frame 11: [Y 45.0328dB   U 53.7465dB   V 55.1740dB   YUV 46.5496dB]  ..... Video: [Y 57.2957dB   U 64.3293dB   V 67.1058dB   YUV 58.7401dB]
Frame 12: [Y 44.8196dB   U 53.5429dB   V 55.2561dB   YUV 46.3432dB]  ..... Video: [Y 57.4591dB   U 64.6749dB   V 67.3442dB   YUV 58.9134dB]
Frame 13: [Y 44.9297dB   U 53.2106dB   V 55.0199dB   YUV 46.4309dB]  ..... Video: [Y 57.6454dB   U 64.9669dB   V 67.5527dB   YUV 59.1049dB]
Frame 14: [Y 44.7858dB   U 52.6560dB   V 54.8349dB   YUV 46.2710dB]  ..... Video: [Y 57.8190dB   U 65.1938dB   V 67.7407dB   YUV 59.2812dB]
Frame 15: [Y 44.6762dB   U 52.7941dB   V 54.5402dB   YUV 46.1663dB]  ..... Video: [Y 57.9839dB   U 65.4241dB   V 67.9000dB   YUV 59.4487dB]
Frame 16: [Y 44.5080dB   U 52.7651dB   V 54.0876dB   YUV 45.9959dB]  ..... Video: [Y 58.1347dB   U 65.6425dB   V 68.0194dB   YUV 59.6015dB]
Frame 17: [Y 44.1713dB   U 52.8247dB   V 54.3146dB   YUV 45.6862dB]  ..... Video: [Y 58.2580dB   U 65.8560dB   V 68.1651dB   YUV 59.7291dB]
Frame 18: [Y 43.9454dB   U 52.9422dB   V 54.4067dB   YUV 45.4780dB]  ..... Video: [Y 58.3667dB   U 66.0681dB   V 68.3184dB   YUV 59.8430dB]
Frame 19: [Y 43.8924dB   U 52.7736dB   V 54.6697dB   YUV 45.4280dB]  ..... Video: [Y 58.4761dB   U 66.2605dB   V 68.4881dB   YUV 59.9571dB]
Frame 20: [Y 43.8874dB   U 53.0567dB   V 54.4998dB   YUV 45.4283dB]  ..... Video: [Y 58.5887dB   U 66.4615dB   V 68.6422dB   YUV 60.0741dB]
Frame 21: [Y 43.6744dB   U 52.6177dB   V 53.9309dB   YUV 45.2009dB]  ..... Video: [Y 58.6882dB   U 66.6299dB   V 68.7561dB   YUV 60.1766dB]
Frame 22: [Y 43.7386dB   U 52.3175dB   V 53.7846dB   YUV 45.2489dB]  ..... Video: [Y 58.7949dB   U 66.7759dB   V 68.8613dB   YUV 60.2847dB]
Frame 23: [Y 43.8740dB   U 51.8704dB   V 53.2325dB   YUV 45.3466dB]  ..... Video: [Y 58.9109dB   U 66.8929dB   V 68.9312dB   YUV 60.3997dB]
Frame 24: [Y 43.6937dB   U 51.4069dB   V 53.6998dB   YUV 45.1718dB]  ..... Video: [Y 59.0159dB   U 66.9815dB   V 69.0354dB   YUV 60.5040dB]
Frame 25: [Y 43.5390dB   U 51.8188dB   V 52.9697dB   YUV 45.0238dB]  ..... Video: [Y 59.1122dB   U 67.0954dB   V 69.0954dB   YUV 60.6002dB]
Frame 26: [Y 43.2389dB   U 51.5821dB   V 53.3990dB   YUV 44.7439dB]  ..... Video: [Y 59.1922dB   U 67.1955dB   V 69.1855dB   YUV 60.6811dB]
Frame 27: [Y 42.8627dB   U 51.5937dB   V 53.7170dB   YUV 44.3952dB]  ..... Video: [Y 59.2525dB   U 67.2960dB   V 69.2927dB   YUV 60.7440dB]
Frame 28: [Y 42.6181dB   U 51.7226dB   V 53.9915dB   YUV 44.1715dB]  ..... Video: [Y 59.3022dB   U 67.4021dB   V 69.4112dB   YUV 60.7974dB]
Frame 29: [Y 42.3332dB   U 51.3978dB   V 54.0743dB   YUV 43.8916dB]  ..... Video: [Y 59.3398dB   U 67.4915dB   V 69.5307dB   YUV 60.8387dB]
Frame 30: [Y 42.3314dB   U 51.5801dB   V 53.6447dB   YUV 43.8879dB]  ..... Video: [Y 59.3824dB   U 67.5891dB   V 69.6294dB   YUV 60.8845dB]
Frame 31: [Y 42.4283dB   U 51.1497dB   V 53.9189dB   YUV 43.9720dB]  ..... Video: [Y 59.4342dB   U 67.6664dB   V 69.7381dB   YUV 60.9385dB]
Frame 32: [Y 42.3904dB   U 51.9378dB   V 53.2281dB   YUV 43.9463dB]  ..... Video: [Y 59.4870dB   U 67.7764dB   V 69.8161dB   YUV 60.9939dB]
Frame 33: [Y 42.4874dB   U 51.5126dB   V 53.5626dB   YUV 44.0331dB]  ..... Video: [Y 59.5468dB   U 67.8678dB   V 69.9080dB   YUV 61.0555dB]
Frame 34: [Y 42.4807dB   U 52.0151dB   V 53.2760dB   YUV 44.0353dB]  ..... Video: [Y 59.6078dB   U 67.9763dB   V 69.9874dB   YUV 61.1185dB]
Frame 35: [Y 42.3603dB   U 51.6229dB   V 53.5991dB   YUV 43.9159dB]  ..... Video: [Y 59.6647dB   U 68.0688dB   V 70.0787dB   YUV 61.1773dB]
Frame 36: [Y 42.1503dB   U 51.6559dB   V 52.8467dB   YUV 43.7022dB]  ..... Video: [Y 59.7138dB   U 68.1610dB   V 70.1399dB   YUV 61.2282dB]
Frame 37: [Y 41.8183dB   U 51.6391dB   V 53.2355dB   YUV 43.3919dB]  ..... Video: [Y 59.7501dB   U 68.2511dB   V 70.2166dB   YUV 61.2672dB]
Frame 38: [Y 41.8814dB   U 51.8892dB   V 53.1816dB   YUV 43.4574dB]  ..... Video: [Y 59.7918dB   U 68.3476dB   V 70.2908dB   YUV 61.3113dB]
Frame 39: [Y 41.6721dB   U 51.8859dB   V 53.5633dB   YUV 43.2628dB]  ..... Video: [Y 59.8266dB   U 68.4420dB   V 70.3771dB   YUV 61.3492dB]
Frame 40: [Y 41.8165dB   U 52.1683dB   V 53.6738dB   YUV 43.4098dB]  ..... Video: [Y 59.8696dB   U 68.5425dB   V 70.4654dB   YUV 61.3950dB]
Frame 41: [Y 41.7937dB   U 51.9788dB   V 53.2012dB   YUV 43.3757dB]  ..... Video: [Y 59.9132dB   U 68.6357dB   V 70.5377dB   YUV 61.4407dB]
Frame 42: [Y 41.6820dB   U 51.6973dB   V 53.5641dB   YUV 43.2679dB]  ..... Video: [Y 59.9539dB   U 68.7192dB   V 70.6202dB   YUV 61.4836dB]
Frame 43: [Y 41.7489dB   U 51.7673dB   V 53.2377dB   YUV 43.3284dB]  ..... Video: [Y 59.9984dB   U 68.8032dB   V 70.6918dB   YUV 61.5299dB]
Frame 44: [Y 41.5377dB   U 51.5008dB   V 52.9416dB   YUV 43.1145dB]  ..... Video: [Y 60.0363dB   U 68.8785dB   V 70.7538dB   YUV 61.5695dB]
Frame 45: [Y 41.6425dB   U 51.8251dB   V 52.5961dB   YUV 43.2162dB]  ..... Video: [Y 60.0793dB   U 68.9613dB   V 70.8047dB   YUV 61.6138dB]
Frame 46: [Y 41.5273dB   U 51.5701dB   V 52.8946dB   YUV 43.1053dB]  ..... Video: [Y 60.1192dB   U 69.0362dB   V 70.8650dB   YUV 61.6552dB]
Frame 47: [Y 41.3266dB   U 51.5086dB   V 52.8534dB   YUV 42.9106dB]  ..... Video: [Y 60.1532dB   U 69.1083dB   V 70.9239dB   YUV 61.6910dB]
Frame 48: [Y 41.4014dB   U 51.5701dB   V 52.5955dB   YUV 42.9793dB]  ..... Video: [Y 60.1911dB   U 69.1811dB   V 70.9750dB   YUV 61.7301dB]
Frame 49: [Y 43.4806dB   U 51.6840dB   V 52.6875dB   YUV 44.9566dB]  ..... Video: [Y 60.2827dB   U 69.2555dB   V 71.0288dB   YUV 61.8204dB]
Frame 50: [Y 42.8367dB   U 51.3978dB   V 53.0652dB   YUV 44.3505dB]  ..... Video: [Y 60.3588dB   U 69.3219dB   V 71.0926dB   YUV 61.8961dB]
